number,value,datetime_start,datetime_complete,duration,params_colsample_bytree,params_lags,params_learning_rate,params_max_depth,params_min_child_weight,params_n_estimators,params_reg_lambda,params_subsample,state
0,0.20442196571784887,2026-07-04 06:20:50.258496,2026-07-04 06:21:13.237812,0 days 00:00:22.979316,0.9330880728874675,18,0.024479668704186594,8,15,318,0.004207988669606638,0.5290418060840998,COMPLETE
1,0.16835475067933414,2026-07-04 06:21:13.317734,2026-07-04 06:21:49.465692,0 days 00:00:36.147958,0.5917022549267169,30,0.08998629135538934,7,1,397,2.136832907235876,0.5909124836035503,COMPLETE
2,0.13379618417471945,2026-07-04 06:21:49.540570,2026-07-04 06:22:12.711316,0 days 00:00:23.170746,0.6831809216468459,18,0.008329672420698889,6,9,295,0.280163515871626,0.6460723242676091,COMPLETE
3,0.1388225171568081,2026-07-04 06:22:12.790264,2026-07-04 06:22:28.665386,0 days 00:00:15.875122,0.5852620618436457,24,0.018206981506056836,7,4,165,0.23423849847112918,0.8037724259507192,COMPLETE
4,0.29224803699296,2026-07-04 06:22:28.742608,2026-07-04 06:22:48.235986,0 days 00:00:19.493378,0.7200762468698007,12,0.05107547260808595,8,20,236,0.01653693718282442,0.8421165132560784,COMPLETE
5,0.22354684222693474,2026-07-04 06:22:48.312417,2026-07-04 06:23:46.029168,0 days 00:00:57.716751,0.7600340105889054,12,0.07276222446157964,5,1,1028,0.010842262717330166,0.6558555380447055,COMPLETE
6,0.38511199310218247,2026-07-04 06:23:46.103783,2026-07-04 06:25:00.652488,0 days 00:01:14.548705,0.9609371175115584,24,0.045452163074850664,4,20,1353,5.727904470799624,0.7989499894055425,COMPLETE
7,0.16408413889415752,2026-07-04 06:25:00.725462,2026-07-04 06:25:27.897496,0 days 00:00:27.172034,0.6783766633467947,12,0.00938771509030509,4,1,480,0.03586816498627549,0.9143687545759647,COMPLETE
8,0.24862463350468447,2026-07-04 06:25:27.971493,2026-07-04 06:27:08.468094,0 days 00:01:40.496601,0.5993578407670862,18,0.049976977367508044,6,3,1482,0.0019870215385428634,0.8861223846483287,COMPLETE
9,0.22059877113222315,2026-07-04 06:27:08.537925,2026-07-04 06:27:26.105757,0 days 00:00:17.567832,0.5579345297625649,12,0.038664355572107796,7,15,203,1.2164139351417067,0.6792328642721364,COMPLETE
10,0.1508077805775319,2026-07-04 06:27:26.180319,2026-07-04 06:28:16.303778,0 days 00:00:50.123459,0.5205573000600998,12,0.004301107221741071,6,8,616,1.7314269777831452,0.699357199762796,COMPLETE
11,,2026-07-04 06:28:16.385578,,,0.5808434801414969,24,0.01931387073027581,7,7,483,0.140345342438161,0.8862156766031022,RUNNING
12,0.20586411137343402,2026-07-04 06:30:18.463586,2026-07-04 06:30:50.249037,0 days 00:00:31.785451,0.638072645864131,24,0.01726590417295966,8,9,310,0.013520515227971474,0.7285975701682507,COMPLETE
13,0.09286283669218992,2026-07-04 06:30:50.338847,2026-07-04 06:31:00.350759,0 days 00:00:10.011912,0.5969241621713948,24,0.0059578657792314195,6,1,109,3.647100123373671,0.8731038535448712,COMPLETE
14,0.09007446741076802,2026-07-04 06:31:00.448183,2026-07-04 06:31:10.627749,0 days 00:00:10.179566,0.7548894334287297,24,0.003185483664432173,4,1,157,4.467366232877179,0.8345383326473855,COMPLETE
15,0.09870217398204692,2026-07-04 06:31:10.721469,2026-07-04 06:31:19.015065,0 days 00:00:08.293596,0.6335200644135727,30,0.007094436432231275,3,4,156,7.036967861312742,0.9231743868640863,COMPLETE
16,0.10487512477358221,2026-07-04 06:31:19.107979,2026-07-04 06:31:42.403525,0 days 00:00:23.295546,0.8993674488188084,24,0.0030385351438699756,4,5,400,4.560343379495203,0.8895652939410701,COMPLETE
17,0.1260718492386296,2026-07-04 06:31:42.501377,2026-07-04 06:31:57.784729,0 days 00:00:15.283352,0.7783109401705846,24,0.008368591018997748,3,4,285,2.0890448514050037,0.5545544499841549,COMPLETE
18,0.11303212907353291,2026-07-04 06:31:57.868644,2026-07-04 06:32:33.987649,0 days 00:00:36.119005,0.5525052123505942,30,0.004884407469840139,6,1,462,1.8005772768638233,0.8763844784418486,COMPLETE
19,0.09035858538540832,2026-07-04 06:32:34.073053,2026-07-04 06:32:43.161166,0 days 00:00:09.088113,0.5627671648946929,30,0.00413760580891492,4,1,157,0.972627448398681,0.6357970392563276,COMPLETE
20,0.2131029451171476,2026-07-04 06:32:43.238817,2026-07-04 06:33:15.994633,0 days 00:00:32.755816,0.5548321383829893,30,0.009586521086215456,4,5,626,0.09839908201250543,0.5015532918501047,COMPLETE
21,0.10531441365165088,2026-07-04 06:33:16.073594,2026-07-04 06:33:45.701695,0 days 00:00:29.628101,0.542806324681592,24,0.004341135125268114,3,2,740,8.820258890753111,0.6557655530152876,COMPLETE
22,0.10014981388627334,2026-07-04 06:33:45.784656,2026-07-04 06:33:59.833068,0 days 00:00:14.048412,0.6279941689768834,18,0.003443279795749662,4,1,258,0.19768593821350866,0.750723198165123,COMPLETE
23,0.16252992804357508,2026-07-04 06:33:59.904815,2026-07-04 06:34:29.305119,0 days 00:00:29.400304,0.8030782861808891,36,0.0048651139060974175,6,7,405,0.20965840918341166,0.7934406121771886,COMPLETE
24,0.11591112328402137,2026-07-04 06:34:29.384020,2026-07-04 06:34:42.796150,0 days 00:00:13.412130,0.5009757692217215,36,0.004169691401618641,5,2,206,0.03823520511146519,0.7238010480272358,COMPLETE
25,0.13758768774004268,2026-07-04 06:34:42.870816,2026-07-04 06:35:05.943000,0 days 00:00:23.072184,0.820607313753145,36,0.0032785944470622424,4,1,438,0.588911136457856,0.6634757095053794,COMPLETE
26,0.09203922310237105,2026-07-04 06:35:06.015319,2026-07-04 06:35:17.080843,0 days 00:00:11.065524,0.5533410305328288,36,0.003376708838546609,5,6,165,6.27556402498923,0.6501791777036566,COMPLETE
27,0.0919937800744158,2026-07-04 06:35:17.152091,2026-07-04 06:35:27.510513,0 days 00:00:10.358422,0.5823664906112296,30,0.0034522802342197823,7,9,128,6.33783342771025,0.6807548281040439,COMPLETE
28,0.11409638274577355,2026-07-04 06:35:27.576275,2026-07-04 06:36:05.013643,0 days 00:00:37.437368,0.7160970574092789,30,0.003516024968110456,8,10,515,7.733986166829376,0.670137748638208,COMPLETE
29,0.12563453527798543,2026-07-04 06:36:05.082465,2026-07-04 06:36:21.461887,0 days 00:00:16.379422,0.6346019294957133,36,0.011184782174676408,5,1,250,1.4712349951407175,0.5326751987026441,COMPLETE
30,0.0959019855419562,2026-07-04 06:36:21.537429,2026-07-04 06:36:32.608089,0 days 00:00:11.070660,0.5017714847709924,30,0.005579377540991856,8,11,130,6.029544451234404,0.7339838981671184,COMPLETE
31,0.17986713628467593,2026-07-04 06:36:32.681803,2026-07-04 06:37:22.646763,0 days 00:00:49.964960,0.5003106832327554,30,0.008201312221655656,6,11,725,2.2305177499318507,0.5897222152193251,COMPLETE
32,0.09601881226162615,2026-07-04 06:37:22.718118,2026-07-04 06:37:33.253050,0 days 00:00:10.534932,0.5111487938243393,36,0.0042575761259515225,5,8,161,2.6991061005957335,0.6708521967130496,COMPLETE
33,0.09662567597764968,2026-07-04 06:37:33.322398,2026-07-04 06:37:47.905687,0 days 00:00:14.583289,0.7548066960031908,24,0.0038843497777940766,5,1,238,2.405477063938722,0.8033214903355546,COMPLETE
34,0.09540945823327673,2026-07-04 06:37:47.990124,2026-07-04 06:37:59.927124,0 days 00:00:11.937000,0.5320950400110749,24,0.003695145550209293,4,4,222,0.4417057833967401,0.6392726388269621,COMPLETE
35,0.09033802459835827,2026-07-04 06:38:00.010670,2026-07-04 06:38:13.661302,0 days 00:00:13.650632,0.5127463370953862,36,0.0035691747391883508,5,1,208,4.466136022775198,0.6175532363787926,COMPLETE
36,0.0908294137654583,2026-07-04 06:38:13.746098,2026-07-04 06:38:23.158167,0 days 00:00:09.412069,0.5327659737679229,36,0.0037511024704530204,5,1,134,1.2658525139510017,0.5589815574800956,COMPLETE
37,0.09211057890082427,2026-07-04 06:38:23.238617,2026-07-04 06:38:35.128704,0 days 00:00:11.890087,0.5166813588506355,36,0.003490622053705996,4,3,213,1.8345100137143606,0.5301480911565195,COMPLETE
38,0.09096897600827022,2026-07-04 06:38:35.215945,2026-07-04 06:38:43.975911,0 days 00:00:08.759966,0.7831790693831223,24,0.004443406620518468,3,1,199,8.97039312099846,0.7283501109426724,COMPLETE
39,0.09185892741096471,2026-07-04 06:38:44.060779,2026-07-04 06:38:54.179013,0 days 00:00:10.118234,0.567770981139993,36,0.003518077425382497,7,2,107,8.884283305362764,0.5377559623863041,COMPLETE
40,0.09343855747313026,2026-07-04 06:38:54.267214,2026-07-04 06:39:08.362348,0 days 00:00:14.095134,0.5406809465667467,30,0.007425000196524977,5,1,205,5.48021659380797,0.6862420102022807,COMPLETE
41,0.13130556454425196,2026-07-04 06:39:08.447970,2026-07-04 06:39:52.084248,0 days 00:00:43.636278,0.5103970506875822,36,0.0032224321778230106,6,4,604,0.12397910025419906,0.522769986214072,COMPLETE
42,0.09578000498475697,2026-07-04 06:39:52.164153,2026-07-04 06:40:21.230264,0 days 00:00:29.066111,0.527716983848009,36,0.004338162373913286,5,1,448,7.242398985366834,0.6361735012909148,COMPLETE
43,0.09152044758763314,2026-07-04 06:40:21.321140,2026-07-04 06:40:29.682155,0 days 00:00:08.361015,0.6657215321775355,24,0.00370015518974934,3,3,180,9.144062511605405,0.7030075342539144,COMPLETE
44,0.10082645558126116,2026-07-04 06:40:29.766599,2026-07-04 06:40:44.732165,0 days 00:00:14.965566,0.8171572555334575,24,0.0032148825045619374,3,2,333,0.3617426957078565,0.7563843548309837,COMPLETE
45,0.09419127372952904,2026-07-04 06:40:44.814201,2026-07-04 06:41:02.569035,0 days 00:00:17.754834,0.8753943331319763,24,0.0036246003903145836,4,4,328,9.318606871467413,0.6958075869672701,COMPLETE
46,0.09009423513912848,2026-07-04 06:41:02.653060,2026-07-04 06:41:12.746709,0 days 00:00:10.093649,0.6051488862821623,30,0.0033783450987209585,4,2,178,1.0497379054755676,0.7071695681525119,COMPLETE
47,0.33341207746249923,2026-07-04 06:41:12.831138,2026-07-04 06:42:41.301254,0 days 00:01:28.470116,0.53958752095098,24,0.0262564929839314,6,16,1267,1.6177326800739504,0.937499063229478,COMPLETE
48,0.09391855947797922,2026-07-04 06:42:41.377842,2026-07-04 06:42:52.562886,0 days 00:00:11.185044,0.6338941279078323,30,0.0031189087615560674,5,3,160,0.047432271740772476,0.5834952464582449,COMPLETE
49,0.10120511689868404,2026-07-04 06:42:52.637177,2026-07-04 06:43:09.292191,0 days 00:00:16.655014,0.5891838076645157,36,0.004184792266345088,4,1,313,1.4926912695180916,0.7249894208335356,COMPLETE
50,0.13252843782409104,2026-07-04 06:43:09.363030,2026-07-04 06:43:17.375437,0 days 00:00:08.012407,0.5195180911109161,30,0.009469444548337237,3,5,172,1.111063626337119,0.659862710435463,COMPLETE
51,0.1843076171895085,2026-07-04 06:43:17.460225,2026-07-04 06:43:25.954745,0 days 00:00:08.494520,0.6445699224420007,36,0.05679309031941113,6,18,114,6.121851391308555,0.800120582375693,COMPLETE
52,0.11411271505573772,2026-07-04 06:43:26.038061,2026-07-04 06:43:39.369906,0 days 00:00:13.331845,0.8298094450031923,30,0.007315874065213997,3,3,308,9.849926556346249,0.7818989596024254,COMPLETE
53,0.09232848073466098,2026-07-04 06:43:39.448360,2026-07-04 06:43:55.193328,0 days 00:00:15.744968,0.7125102597922429,30,0.003223950812186081,4,1,285,1.5523472775647005,0.918657752660434,COMPLETE
54,0.09274352909011035,2026-07-04 06:43:55.266950,2026-07-04 06:44:05.265437,0 days 00:00:09.998487,0.5937300404015289,36,0.004315481738376369,5,1,149,1.928277809255836,0.6584602637738409,COMPLETE
55,0.21842556976073174,2026-07-04 06:44:05.342342,2026-07-04 06:45:43.196763,0 days 00:01:37.854421,0.8590280454882079,30,0.04918630106821816,8,2,1092,0.08915548619319222,0.5971057939170582,COMPLETE
56,0.09907787201014284,2026-07-04 06:45:43.276010,2026-07-04 06:46:02.234199,0 days 00:00:18.958189,0.6260793979901165,24,0.003764426793576477,4,2,372,1.9132441753445795,0.5150288514727179,COMPLETE
57,0.24544027809243424,2026-07-04 06:46:02.306140,2026-07-04 06:46:30.391485,0 days 00:00:28.085345,0.9640652073572308,24,0.028295113740403846,7,9,355,0.7026734412794989,0.6099863590264114,COMPLETE
58,0.08210313675410891,2026-07-04 06:46:30.488699,2026-07-04 06:46:41.105265,0 days 00:00:10.616566,0.740594560725145,12,0.0030222339936931426,3,1,742,3.2320138507433676,0.8332725934926087,PRUNED
59,0.0886250502282609,2026-07-04 06:46:41.192865,2026-07-04 06:46:47.080826,0 days 00:00:05.887961,0.6584936406540465,30,0.00371495839193078,3,1,118,0.7695368805449709,0.677418165283145,COMPLETE
60,0.11609787428782645,2026-07-04 06:46:47.151334,2026-07-04 06:46:56.595344,0 days 00:00:09.444010,0.6468042320718316,30,0.005913542260046788,3,4,225,0.46721209402695985,0.608068064272884,COMPLETE
61,0.09974168129758523,2026-07-04 06:46:56.684401,2026-07-04 06:47:07.953932,0 days 00:00:11.269531,0.6279747561441072,30,0.003539929206983349,3,3,265,0.27197955210492686,0.7694805153130572,COMPLETE
62,0.38032106364588164,2026-07-04 06:47:08.037903,2026-07-04 06:47:35.717346,0 days 00:00:27.679443,0.9236114600546812,12,0.05161114336695463,4,18,550,0.016861433239525908,0.8348999307637613,COMPLETE
63,0.11629662793824677,2026-07-04 06:47:35.807706,2026-07-04 06:47:55.289317,0 days 00:00:19.481611,0.5574277420052002,30,0.006280774164249939,6,1,268,0.31528448621843524,0.5741380107430332,COMPLETE
64,0.2540599114450186,2026-07-04 06:47:55.370582,2026-07-04 06:49:32.523858,0 days 00:01:37.153276,0.8001109328074758,18,0.009221972641225524,8,9,1054,0.011767825545187285,0.9119501435580526,COMPLETE
65,0.09229785462901874,2026-07-04 06:49:32.612277,2026-07-04 06:49:37.873010,0 days 00:00:05.260733,0.7646224780142116,24,0.006781249504974672,3,3,109,2.2968567079246025,0.8590414897128241,COMPLETE
66,0.3090661761306579,2026-07-04 06:49:37.959197,2026-07-04 06:49:56.053148,0 days 00:00:18.093951,0.6899812491407069,18,0.049993764953656816,4,20,341,3.1333072505471313,0.8975926019304007,COMPLETE
67,0.08822332556374705,2026-07-04 06:49:56.133541,2026-07-04 06:50:07.780800,0 days 00:00:11.647259,0.9253736557859873,18,0.003902072003021635,3,1,265,9.321604973910583,0.773993888053359,COMPLETE
68,0.10664340056077419,2026-07-04 06:50:07.869695,2026-07-04 06:50:16.814629,0 days 00:00:08.944934,0.9972663175316496,18,0.006263180928872046,4,3,155,0.6030758750073544,0.8772963368344653,COMPLETE
69,0.09293578633740852,2026-07-04 06:50:16.899428,2026-07-04 06:50:25.606522,0 days 00:00:08.707094,0.6806331572909438,30,0.00411470408018673,4,2,152,0.26776637738577574,0.6936263920705373,COMPLETE
70,0.42276215744193435,2026-07-04 06:50:25.685593,2026-07-04 06:51:21.235084,0 days 00:00:55.549491,0.8587330337093805,36,0.07132247991739775,5,14,988,0.004606594287560187,0.6331092822751783,COMPLETE
71,0.08937000726136554,2026-07-04 06:51:21.311997,2026-07-04 06:51:26.566956,0 days 00:00:05.254959,0.9015930852386458,12,0.0030781458567705994,3,3,106,8.84185636464257,0.7070557603797967,COMPLETE
72,0.08960701825604789,2026-07-04 06:51:26.642870,2026-07-04 06:51:38.462678,0 days 00:00:11.819808,0.9820264704016061,12,0.003098815740129317,4,4,221,4.976424520837752,0.6494458288750578,COMPLETE
73,0.09017007371688271,2026-07-04 06:51:38.544156,2026-07-04 06:51:50.900736,0 days 00:00:12.356580,0.9652368854761137,12,0.0030708018274647596,3,3,288,2.318572310263185,0.7964733443442943,COMPLETE
74,0.09691623863110252,2026-07-04 06:51:50.978047,2026-07-04 06:52:05.299751,0 days 00:00:14.321704,0.9843682997819861,12,0.0038209420011927615,3,3,323,2.667915318835597,0.5786197297494231,COMPLETE
75,0.08045263738518879,2026-07-04 06:52:05.379484,2026-07-04 06:52:10.733404,0 days 00:00:05.353920,0.9779153431107659,12,0.004557757994969154,3,3,388,3.1293623346312924,0.7901376311754191,PRUNED
76,0.12709205848825073,2026-07-04 06:52:10.807007,2026-07-04 06:52:31.830981,0 days 00:00:21.023974,0.8369609846398556,12,0.004589224128578782,5,11,359,0.38535270814863204,0.6710019573703065,COMPLETE
77,0.08902867742062301,2026-07-04 06:52:31.904303,2026-07-04 06:52:49.433256,0 days 00:00:17.528953,0.8127788968287727,12,0.003484774208478259,4,1,308,8.008564763153238,0.7637404062015681,COMPLETE
78,0.08988795980839798,2026-07-04 06:52:49.513722,2026-07-04 06:52:56.889036,0 days 00:00:07.375314,0.7717471648951734,12,0.0038104060429614583,4,3,112,9.914578002477493,0.6806174349535753,COMPLETE
79,0.10317921879763925,2026-07-04 06:52:56.979073,2026-07-04 06:53:06.341121,0 days 00:00:09.362048,0.731869537084206,12,0.007335703930639674,3,6,209,9.662209223969072,0.6609234998082847,COMPLETE
80,0.11191245165952357,2026-07-04 06:53:06.435283,2026-07-04 06:53:13.942217,0 days 00:00:07.506934,0.8937132263118228,12,0.007443304069967362,5,5,349,2.0123242696477788,0.6469120482911894,PRUNED
81,0.08798699197896956,2026-07-04 06:53:14.023145,2026-07-04 06:53:23.355526,0 days 00:00:09.332381,0.7203516682834109,12,0.0037100089896518616,4,3,163,4.079708316321521,0.8720750875580919,COMPLETE
82,0.10357439545551203,2026-07-04 06:53:23.442400,2026-07-04 06:53:37.221374,0 days 00:00:13.778974,0.7193214743350869,12,0.005054636681966751,4,5,263,8.045001477267837,0.969471885156586,COMPLETE
83,0.08393989946224625,2026-07-04 06:53:37.305166,2026-07-04 06:53:40.716929,0 days 00:00:03.411763,0.8565399216513128,12,0.021573691767672116,5,2,140,9.024265057060898,0.8323057884976295,PRUNED
84,0.08988786855453831,2026-07-04 06:53:40.801284,2026-07-04 06:53:47.266045,0 days 00:00:06.464761,0.6277374560008588,12,0.003808460044073186,4,4,107,1.7526271934140434,0.7773927218113649,COMPLETE
85,0.10212109510729492,2026-07-04 06:53:47.339569,2026-07-04 06:53:55.413752,0 days 00:00:08.074183,0.8110865630568569,12,0.003852806678610159,4,1,428,1.618847257192108,0.7231117560887415,PRUNED
86,0.08891514076279498,2026-07-04 06:53:55.502400,2026-07-04 06:54:04.682537,0 days 00:00:09.180137,0.7039268844189334,12,0.0033922684063595093,4,3,163,1.722447754891959,0.6718157671379351,COMPLETE
87,0.09209531583228373,2026-07-04 06:54:04.773730,2026-07-04 06:54:17.798690,0 days 00:00:13.024960,0.6356297742959123,12,0.003549245621860166,4,3,234,2.420104607377392,0.7058853860330268,COMPLETE
88,0.0866459251709563,2026-07-04 06:54:17.874223,2026-07-04 06:54:29.414368,0 days 00:00:11.540145,0.9567771594571128,18,0.003769543699970607,4,11,199,4.83392504881009,0.5742755118116002,COMPLETE
89,0.0885707292867164,2026-07-04 06:54:29.509539,2026-07-04 06:54:46.528296,0 days 00:00:17.018757,0.9461315645656626,18,0.0041292794747960606,5,11,299,8.669531329462533,0.5070642040627803,COMPLETE
90,0.11140529393524298,2026-07-04 06:54:46.594441,2026-07-04 06:55:05.742686,0 days 00:00:19.148245,0.9220355365925893,24,0.006923772881113054,6,9,299,5.426534463012777,0.5241114250602182,COMPLETE
91,0.09774565894626105,2026-07-04 06:55:05.821669,2026-07-04 06:55:13.279222,0 days 00:00:07.457553,0.9732799498339906,12,0.0055788878687491284,4,11,137,1.5440509036937786,0.6424081615344321,COMPLETE
92,0.09172293561599143,2026-07-04 06:55:13.353052,2026-07-04 06:55:20.214263,0 days 00:00:06.861211,0.6351949122677073,12,0.003749243653383581,5,4,109,0.9436067467580358,0.8782591821748893,COMPLETE
93,0.12809303136982575,2026-07-04 06:55:20.290154,2026-07-04 06:55:51.549780,0 days 00:00:31.259626,0.9832091346582996,12,0.004455372786510919,5,15,556,0.6678182611935091,0.5124014123057088,COMPLETE
94,0.09151110848726564,2026-07-04 06:55:51.658470,2026-07-04 06:56:05.347119,0 days 00:00:13.688649,0.8754559839903643,24,0.003090147000064997,4,10,261,5.300222908030826,0.5234264068336115,COMPLETE
95,0.11560575739387957,2026-07-04 06:56:05.445373,2026-07-04 06:56:14.748316,0 days 00:00:09.302943,0.6147888402416767,18,0.008532368953324007,4,14,172,0.19528904563546398,0.8320954667339632,COMPLETE
96,0.1265043388989343,2026-07-04 06:56:14.847747,2026-07-04 06:56:25.450899,0 days 00:00:10.603152,0.6584561539854223,12,0.00616218068163004,3,9,250,0.2271312409011171,0.7345695852020595,COMPLETE
97,0.061457464301350684,2026-07-04 06:56:25.529604,2026-07-04 06:56:31.567045,0 days 00:00:06.037441,0.8853551083866323,12,0.003430549956409562,5,2,266,1.2000907291674283,0.5916950281115226,PRUNED
98,0.10490194810816275,2026-07-04 06:56:31.641970,2026-07-04 06:56:42.434576,0 days 00:00:10.792606,0.9861117133421075,24,0.005102365275259385,4,14,210,1.1016660724292975,0.6211912275236623,COMPLETE
99,0.13015844442146624,2026-07-04 06:56:42.509913,2026-07-04 06:57:33.170074,0 days 00:00:50.660161,0.9376761106696105,18,0.0033266261500066356,5,6,823,3.241311688571809,0.5620616732138326,COMPLETE
100,0.11303534647708986,2026-07-04 06:57:33.253491,2026-07-04 06:58:00.385856,0 days 00:00:27.132365,0.8411926608493397,12,0.0038299423001756485,4,13,516,5.105896161493676,0.5277979408503493,COMPLETE
101,0.08936909935931941,2026-07-04 06:58:00.460340,2026-07-04 06:58:07.314206,0 days 00:00:06.853866,0.7902214803145304,12,0.00410037023539906,4,2,114,9.867157390324687,0.7944755399552874,COMPLETE
102,0.10305534182327118,2026-07-04 06:58:07.389787,2026-07-04 06:58:26.012242,0 days 00:00:18.622455,0.9991386280096995,24,0.003729035361088916,3,2,435,5.204844438692771,0.7701293123705176,COMPLETE
103,0.08600010667432133,2026-07-04 06:58:26.091643,2026-07-04 06:58:33.131996,0 days 00:00:07.040353,0.7932354867834683,12,0.004696742476715787,4,1,112,1.6926610344603896,0.8310947505734703,COMPLETE
104,0.08869891724718207,2026-07-04 06:58:33.217548,2026-07-04 06:58:41.864290,0 days 00:00:08.646742,0.9825622050349816,24,0.004030829979707126,6,15,129,6.28718670169935,0.5073649224096916,COMPLETE
105,0.09633001534592882,2026-07-04 06:58:41.943766,2026-07-04 06:59:03.139837,0 days 00:00:21.196071,0.9519929051346893,24,0.0031565225669160204,6,13,308,2.7070182761913526,0.5605380829424976,COMPLETE
106,0.08750299102573103,2026-07-04 06:59:03.217331,2026-07-04 06:59:10.874139,0 days 00:00:07.656808,0.7613064794316907,12,0.006400814668324868,4,1,134,7.881500031844111,0.8284394554566874,COMPLETE
107,0.10110865266006668,2026-07-04 06:59:10.951890,2026-07-04 06:59:15.892251,0 days 00:00:04.940361,0.8501644690750646,12,0.005896733013445074,6,1,177,2.0575604104323264,0.8562886633273035,PRUNED
108,0.19074809501836054,2026-07-04 06:59:15.967672,2026-07-04 06:59:35.683323,0 days 00:00:19.715651,0.9068580862161011,30,0.032914356422360756,6,20,386,9.299610030071586,0.5556883743866488,COMPLETE
