number,value,datetime_start,datetime_complete,duration,params_depth,params_l2_leaf_reg,params_lags,params_learning_rate,params_n_estimators,params_subsample,state
123,0.22236494986635147,2026-07-04 05:26:49.503812,2026-07-04 05:26:50.965026,0 days 00:00:01.461214,3,7.1819927839082,18,0.005099050454308384,347,0.8078732765647791,COMPLETE
124,0.2711216135189499,2026-07-04 05:26:51.028327,2026-07-04 05:27:00.712043,0 days 00:00:09.683716,8,18.52212304593918,24,0.04838123068773336,661,0.6676949262757682,COMPLETE
125,0.2216074752276174,2026-07-04 05:27:00.787364,2026-07-04 05:27:01.903610,0 days 00:00:01.116246,3,6.599939483479209,12,0.00418465435967966,198,0.821536210428877,COMPLETE
126,0.2746294611844492,2026-07-04 05:27:01.977534,2026-07-04 05:27:04.887273,0 days 00:00:02.909739,8,2.1641895226677543,12,0.06982227296736555,217,0.7926810837752182,COMPLETE
127,0.2258654215913065,2026-07-04 05:27:04.946582,2026-07-04 05:27:07.717574,0 days 00:00:02.770992,5,5.22118427236502,18,0.0041106981591366625,525,0.9503239523659858,COMPLETE
128,0.22309958082908093,2026-07-04 05:27:07.777406,2026-07-04 05:27:08.804870,0 days 00:00:01.027464,3,9.75852611866886,18,0.014364908678452443,176,0.9636096869458753,COMPLETE
129,0.22132704384334165,2026-07-04 05:27:08.864281,2026-07-04 05:27:09.816141,0 days 00:00:00.951860,3,4.768719632636279,18,0.003516759742033237,152,0.988635058675402,COMPLETE
130,0.3278646916651007,2026-07-04 05:27:09.873575,2026-07-04 05:27:20.184097,0 days 00:00:10.310522,6,14.048185024711897,36,0.024001787220645956,1169,0.6822567566145885,COMPLETE
131,0.22183950373424977,2026-07-04 05:27:20.250845,2026-07-04 05:27:21.217999,0 days 00:00:00.967154,3,6.130700281938205,18,0.006419780907388384,141,0.8893906647480035,COMPLETE
132,0.25008417007164907,2026-07-04 05:27:21.279865,2026-07-04 05:28:01.908038,0 days 00:00:40.628173,10,9.907147517963978,24,0.012286942986729025,1305,0.6120602246236242,COMPLETE
133,0.22268786442923127,2026-07-04 05:28:01.999745,2026-07-04 05:28:03.213523,0 days 00:00:01.213778,5,6.398973251828824,18,0.003231966922223371,154,0.9958848337249366,COMPLETE
134,0.2536300260437834,2026-07-04 05:28:03.274435,2026-07-04 05:28:17.689369,0 days 00:00:14.414934,7,2.980164488533332,36,0.00360118237010973,1202,0.5541544695768421,COMPLETE
135,0.2221436868857509,2026-07-04 05:28:17.765682,2026-07-04 05:28:19.846583,0 days 00:00:02.080901,4,5.154928844761739,18,0.0031511975504013366,461,0.864026409713623,COMPLETE
136,0.2220917268595607,2026-07-04 05:28:19.906995,2026-07-04 05:28:20.887640,0 days 00:00:00.980645,3,9.605834107585913,18,0.004116802675741615,165,0.9804647345370432,COMPLETE
137,0.34397873517878885,2026-07-04 05:28:20.948453,2026-07-04 05:28:24.001835,0 days 00:00:03.053382,4,6.063696476335554,12,0.06180567050768106,1001,0.6346391700644409,COMPLETE
138,0.22069696698503208,2026-07-04 05:28:24.081702,2026-07-04 05:28:25.160089,0 days 00:00:01.078387,3,4.4610102604297746,18,0.0032102977734755987,257,0.959571036033412,COMPLETE
139,0.22303759732431855,2026-07-04 05:28:25.220562,2026-07-04 05:28:26.212200,0 days 00:00:00.991638,4,2.9553270993162486,24,0.004407185317595251,110,0.9174615505175724,COMPLETE
140,0.22210306759052895,2026-07-04 05:28:26.272998,2026-07-04 05:28:27.691234,0 days 00:00:01.418236,3,2.769034627358294,18,0.0030001958476526145,333,0.8432385990377949,COMPLETE
141,0.22192889539007488,2026-07-04 05:28:27.751119,2026-07-04 05:28:29.179334,0 days 00:00:01.428215,3,3.277951782899555,18,0.0037836364017315638,354,0.9919940183734814,COMPLETE
142,0.22165157014857811,2026-07-04 05:28:29.240698,2026-07-04 05:28:30.577742,0 days 00:00:01.337044,3,6.138690587481843,12,0.004049443115096331,344,0.8765062456101194,COMPLETE
143,0.221659696645546,2026-07-04 05:28:30.637761,2026-07-04 05:28:31.836954,0 days 00:00:01.199193,3,3.9194412746082072,12,0.004174963772273222,317,0.9220938061311345,COMPLETE
144,0.22097996178697826,2026-07-04 05:28:31.897006,2026-07-04 05:28:32.853991,0 days 00:00:00.956985,3,5.809822003090403,12,0.0032095088352478416,163,0.9294311622287691,COMPLETE
145,0.1518326161539684,2026-07-04 05:28:32.913651,2026-07-04 05:28:33.893607,0 days 00:00:00.979956,3,18.770845019999637,36,0.0842397056859497,339,0.8640636475624066,PRUNED
146,0.22074051070506817,2026-07-04 05:28:33.953392,2026-07-04 05:28:34.811921,0 days 00:00:00.858529,3,4.268086587212649,18,0.0047070887972849315,139,0.9791068650954158,COMPLETE
147,0.22177552315632654,2026-07-04 05:28:34.870425,2026-07-04 05:28:35.963363,0 days 00:00:01.092938,4,4.768821874495182,18,0.0034879758978978745,171,0.9755455000654666,COMPLETE
148,0.22233115253989838,2026-07-04 05:28:36.023908,2026-07-04 05:28:37.032768,0 days 00:00:01.008860,3,4.443445465690967,24,0.003790468551273894,161,0.9538309150303435,COMPLETE
149,0.22235406304228345,2026-07-04 05:28:37.094405,2026-07-04 05:28:38.297372,0 days 00:00:01.202967,4,6.861477476565799,12,0.0031303653954679765,242,0.8516597626735657,COMPLETE
