number,value,datetime_start,datetime_complete,duration,params_colsample_bytree,params_lags,params_learning_rate,params_max_depth,params_min_child_weight,params_n_estimators,params_reg_lambda,params_subsample,state
0,0.31234892571333905,2026-07-04 07:31:18.724139,2026-07-04 07:31:26.461725,0 days 00:00:07.737586,0.9330880728874675,18,0.024479668704186594,8,15,318,0.004207988669606638,0.5290418060840998,COMPLETE
1,0.359565606593924,2026-07-04 07:31:26.537717,2026-07-04 07:31:41.453896,0 days 00:00:14.916179,0.5917022549267169,30,0.08998629135538934,7,1,397,2.136832907235876,0.5909124836035503,COMPLETE
2,0.2853544837265699,2026-07-04 07:31:41.526377,2026-07-04 07:31:51.117266,0 days 00:00:09.590889,0.6831809216468459,18,0.008329672420698889,6,9,295,0.280163515871626,0.6460723242676091,COMPLETE
3,0.34665892912718,2026-07-04 07:31:51.192836,2026-07-04 07:31:57.999211,0 days 00:00:06.806375,0.5852620618436457,24,0.018206981506056836,7,4,165,0.23423849847112918,0.8037724259507192,COMPLETE
4,0.3815944856550041,2026-07-04 07:31:58.076680,2026-07-04 07:32:04.826303,0 days 00:00:06.749623,0.7200762468698007,12,0.05107547260808595,8,20,236,0.01653693718282442,0.8421165132560784,COMPLETE
5,0.36959750896398325,2026-07-04 07:32:04.903887,2026-07-04 07:32:29.603618,0 days 00:00:24.699731,0.7600340105889054,12,0.07276222446157964,5,1,1028,0.010842262717330166,0.6558555380447055,COMPLETE
6,0.5307084307721017,2026-07-04 07:32:29.691060,2026-07-04 07:33:00.741330,0 days 00:00:31.050270,0.9609371175115584,24,0.045452163074850664,4,20,1353,5.727904470799624,0.7989499894055425,COMPLETE
7,0.30578995308455126,2026-07-04 07:33:00.827040,2026-07-04 07:33:12.770203,0 days 00:00:11.943163,0.6783766633467947,12,0.00938771509030509,4,1,480,0.03586816498627549,0.9143687545759647,COMPLETE
8,0.490700548040417,2026-07-04 07:33:12.855796,2026-07-04 07:33:57.649664,0 days 00:00:44.793868,0.5993578407670862,18,0.049976977367508044,6,3,1482,0.0019870215385428634,0.8861223846483287,COMPLETE
9,0.3276957664817494,2026-07-04 07:33:57.732874,2026-07-04 07:34:04.060052,0 days 00:00:06.327178,0.5579345297625649,12,0.038664355572107796,7,15,203,1.2164139351417067,0.6792328642721364,COMPLETE
10,0.26733381441944293,2026-07-04 07:34:04.140593,2026-07-04 07:34:23.233810,0 days 00:00:19.093217,0.5205573000600998,12,0.004301107221741071,6,8,616,1.7314269777831452,0.699357199762796,COMPLETE
11,0.26679712904107616,2026-07-04 07:34:23.309177,2026-07-04 07:34:38.966461,0 days 00:00:15.657284,0.7385555940640992,12,0.005111132201892484,5,8,551,3.648142358042114,0.7285797789625348,COMPLETE
12,0.3290663603160606,2026-07-04 07:34:39.048248,2026-07-04 07:35:15.898884,0 days 00:00:36.850636,0.5859623841969728,18,0.0038334146218990555,7,9,1124,0.2854629423324749,0.6679722292724383,COMPLETE
13,0.2632969102568845,2026-07-04 07:35:15.972571,2026-07-04 07:35:21.713018,0 days 00:00:05.740447,0.5940123047850805,24,0.005966991425659584,3,8,302,6.2226771967243835,0.7965957349693363,COMPLETE
14,0.25194328829133583,2026-07-04 07:35:21.789391,2026-07-04 07:35:26.904688,0 days 00:00:05.115297,0.529504775096419,24,0.0031294515691712007,3,11,268,0.48475818890710365,0.8729969455216776,COMPLETE
15,0.2984372843069493,2026-07-04 07:35:26.980132,2026-07-04 07:35:39.865730,0 days 00:00:12.885598,0.5172568904851186,30,0.00360617309216827,3,6,731,0.09982214491921493,0.7989801872953292,COMPLETE
16,0.2536629029474371,2026-07-04 07:35:39.935326,2026-07-04 07:35:44.083123,0 days 00:00:04.147797,0.752467954816562,30,0.004791835973978474,4,5,175,1.1393522702896448,0.8899791209542377,COMPLETE
17,0.2767734641800833,2026-07-04 07:35:44.153797,2026-07-04 07:35:49.426177,0 days 00:00:05.272380,0.8684779878479313,30,0.003371033314737767,5,2,189,0.25666027146608306,0.8626247731785037,COMPLETE
18,0.2715435573740013,2026-07-04 07:35:49.500043,2026-07-04 07:35:55.378705,0 days 00:00:05.878662,0.578760087301028,12,0.007801109827495222,3,16,334,0.021499825469185017,0.7791287776104985,COMPLETE
19,0.23983825530725472,2026-07-04 07:35:55.450512,2026-07-04 07:36:00.463870,0 days 00:00:05.013358,0.7396066517116474,30,0.0041596344729486695,6,16,181,1.3196743182613089,0.8142550865410911,COMPLETE
20,0.2499338623010033,2026-07-04 07:36:00.537455,2026-07-04 07:36:09.251121,0 days 00:00:08.713666,0.6652151467480519,30,0.003373714153517091,8,20,373,0.06330981183474281,0.8142846993780305,COMPLETE
21,0.2667947701662132,2026-07-04 07:36:09.324335,2026-07-04 07:36:19.339670,0 days 00:00:10.015335,0.7885367305762313,36,0.005478809840107336,8,19,418,0.07824134571466385,0.7749217055605329,COMPLETE
22,0.2527614729190042,2026-07-04 07:36:19.432789,2026-07-04 07:36:34.839983,0 days 00:00:15.407194,0.6444243397958109,18,0.0031801793038152993,8,16,517,0.05381656404384218,0.8403877054299778,COMPLETE
23,0.27396260752992607,2026-07-04 07:36:34.912899,2026-07-04 07:36:46.348702,0 days 00:00:11.435803,0.6246982569285635,24,0.004509734619371544,6,18,442,3.9705849069148846,0.8532475223359094,COMPLETE
24,0.24543860500701142,2026-07-04 07:36:46.424068,2026-07-04 07:36:57.133932,0 days 00:00:10.709864,0.9016603776294193,30,0.003036236293173679,7,17,423,4.371053171190107,0.773991679163958,COMPLETE
25,0.2332047485849669,2026-07-04 07:36:57.208311,2026-07-04 07:37:01.864722,0 days 00:00:04.656411,0.8705555461307638,24,0.0034012103671861482,8,18,170,5.873171556477613,0.7960637335675014,COMPLETE
26,0.26161496196452555,2026-07-04 07:37:01.939249,2026-07-04 07:37:15.665726,0 days 00:00:13.726477,0.9545336926607342,24,0.003507155375700863,8,17,541,7.665594518615952,0.7784180904838197,COMPLETE
27,0.37008642167463884,2026-07-04 07:37:15.746246,2026-07-04 07:37:40.992193,0 days 00:00:25.245947,0.868678531535166,36,0.005414723018013247,6,14,863,1.2726731881146889,0.9055033068469158,COMPLETE
28,0.2671940788766185,2026-07-04 07:37:41.076257,2026-07-04 07:37:56.324180,0 days 00:00:15.247923,0.7987552553556485,36,0.004468065045941482,6,12,593,2.5809611219954993,0.5866533380445709,COMPLETE
29,0.27885536823061297,2026-07-04 07:37:56.401547,2026-07-04 07:38:09.480132,0 days 00:00:13.078585,0.9752065884492036,24,0.004836015598308873,5,17,571,1.1387981027983243,0.6592263114711522,COMPLETE
30,0.26876751690803813,2026-07-04 07:38:09.557835,2026-07-04 07:38:14.731750,0 days 00:00:05.173915,0.9293218905871091,18,0.012609728148313534,7,14,156,0.9423071425617882,0.8060622138290952,COMPLETE
31,0.2536683432351526,2026-07-04 07:38:14.805982,2026-07-04 07:38:22.959367,0 days 00:00:08.153385,0.7398254471803071,30,0.0042388815768589815,7,11,247,1.1061837698373176,0.7842197409687733,COMPLETE
32,0.23157293865231693,2026-07-04 07:38:23.045043,2026-07-04 07:38:26.604826,0 days 00:00:03.559783,0.6090520657659534,36,0.0042754830283573035,7,16,102,0.08058515035822653,0.886164899203383,COMPLETE
33,0.29242338534380063,2026-07-04 07:38:26.684243,2026-07-04 07:38:34.356580,0 days 00:00:07.672337,0.5869629464048014,36,0.0061072431798970175,5,12,262,0.012608733297040702,0.9933491223826129,COMPLETE
34,0.30847089366780245,2026-07-04 07:38:34.437320,2026-07-04 07:38:40.647265,0 days 00:00:06.209945,0.6103753000414712,36,0.015402272789883872,6,19,208,0.1240834617779815,0.9048443839142369,COMPLETE
35,0.2313086624414767,2026-07-04 07:38:40.726174,2026-07-04 07:38:44.569211,0 days 00:00:03.843037,0.8174431964857257,30,0.003746775340643827,8,17,129,3.4726979617756744,0.7122313348185223,COMPLETE
36,0.22924011686767376,2026-07-04 07:38:44.650057,2026-07-04 07:38:47.845907,0 days 00:00:03.195850,0.8694762980750556,24,0.004109261486706671,7,20,123,3.3431694422368854,0.577134443439459,COMPLETE
37,0.24720729682510623,2026-07-04 07:38:47.929568,2026-07-04 07:38:50.835666,0 days 00:00:02.906098,0.8451707337310019,30,0.011424887357874313,7,20,115,0.24097885084881207,0.5727866061555563,COMPLETE
38,0.2301123951416561,2026-07-04 07:38:50.916935,2026-07-04 07:38:54.522127,0 days 00:00:03.605192,0.754140396800055,24,0.005254547582719264,8,17,131,4.7962404338353,0.6762057031253217,COMPLETE
39,0.2503122662929795,2026-07-04 07:38:54.608597,2026-07-04 07:39:07.643224,0 days 00:00:13.034627,0.8514699629233609,18,0.0037325795412339333,7,19,586,2.0714865156533704,0.5817342267806135,COMPLETE
40,0.23124470834963706,2026-07-04 07:39:07.727354,2026-07-04 07:39:11.438654,0 days 00:00:03.711300,0.9295453374173026,30,0.0030314214222786216,6,18,157,6.083366262123903,0.5154435243331855,COMPLETE
41,0.2329491594888289,2026-07-04 07:39:11.521484,2026-07-04 07:39:15.106313,0 days 00:00:03.584829,0.9640949638055805,30,0.0032763488818691685,6,19,144,1.990792068231029,0.5594216902539264,COMPLETE
42,0.2645590138336408,2026-07-04 07:39:15.188712,2026-07-04 07:39:20.201195,0 days 00:00:05.012483,0.5081047614133624,36,0.010899781908523207,8,15,157,0.0131029071140983,0.7498205097496153,COMPLETE
43,0.24082585097928344,2026-07-04 07:39:20.281287,2026-07-04 07:39:24.071891,0 days 00:00:03.790604,0.7344662010736674,30,0.009472652917577824,8,11,118,7.764269482036623,0.6944865555205347,COMPLETE
44,0.227920402033077,2026-07-04 07:39:24.152511,2026-07-04 07:39:27.258562,0 days 00:00:03.106051,0.8676301862427012,18,0.005041106945289657,7,20,124,1.2930822818524061,0.5372575107222284,COMPLETE
45,0.22513909689490633,2026-07-04 07:39:27.341089,2026-07-04 07:39:30.183615,0 days 00:00:02.842526,0.8675834006906219,18,0.00473694330879285,7,20,116,6.348838490291946,0.5196639531363928,COMPLETE
46,0.23845193781298163,2026-07-04 07:39:30.267302,2026-07-04 07:39:33.596727,0 days 00:00:03.329425,0.8204388119653622,18,0.00774348928694764,7,20,126,2.452830224363697,0.5986432993790254,COMPLETE
47,0.25136884173193697,2026-07-04 07:39:33.677684,2026-07-04 07:39:43.125001,0 days 00:00:09.447317,0.9847296889993471,12,0.007790208851512378,6,14,411,9.892909128870105,0.5076841709752941,COMPLETE
48,0.22442742772958954,2026-07-04 07:39:43.197505,2026-07-04 07:39:46.585850,0 days 00:00:03.388345,0.7742267188822732,12,0.0030944190035214697,6,18,152,4.151958259273758,0.5362992549512412,COMPLETE
49,0.2406286106879243,2026-07-04 07:39:46.656511,2026-07-04 07:39:50.247104,0 days 00:00:03.590593,0.9269638325477421,18,0.007218860368445601,6,20,173,0.38165345633874775,0.533380939844351,COMPLETE
50,0.24206416705837844,2026-07-04 07:39:50.320474,2026-07-04 07:39:57.661693,0 days 00:00:07.341219,0.6594474627062963,18,0.004758347577861614,6,20,398,7.368004184909121,0.5580401053853062,COMPLETE
51,0.22920144345759746,2026-07-04 07:39:57.736220,2026-07-04 07:40:02.204075,0 days 00:00:04.467855,0.834284461868854,18,0.003944234729002493,6,15,189,1.771083461563479,0.5077047401924233,COMPLETE
52,0.23000397641259207,2026-07-04 07:40:02.276143,2026-07-04 07:40:06.700283,0 days 00:00:04.424140,0.8052340654361838,24,0.004596416990334589,7,10,151,2.7253015813935493,0.5327543251408664,COMPLETE
53,0.23376107908964228,2026-07-04 07:40:06.772582,2026-07-04 07:40:12.183646,0 days 00:00:05.411064,0.7453535426800256,12,0.004585029280957039,6,13,181,0.12701056559678894,0.5945125645709801,COMPLETE
54,0.26697125693472,2026-07-04 07:40:12.263962,2026-07-04 07:40:18.466866,0 days 00:00:06.202904,0.7701716735300813,24,0.00840523249889846,6,3,190,1.5277787444772124,0.5808006311780707,COMPLETE
55,0.22579563899062205,2026-07-04 07:40:18.539955,2026-07-04 07:40:21.018440,0 days 00:00:02.478485,0.8157606261727806,12,0.0037051713252057488,6,20,101,1.1561395123292855,0.5914286160754345,COMPLETE
56,0.2295775159850499,2026-07-04 07:40:21.088528,2026-07-04 07:40:25.687358,0 days 00:00:04.598830,0.7558456406916938,12,0.003027959656248983,3,17,251,3.2705095387494945,0.5473447482351617,COMPLETE
57,0.23969325980579875,2026-07-04 07:40:25.760480,2026-07-04 07:40:30.128288,0 days 00:00:04.367808,0.8045275231372685,12,0.007459674903378275,6,16,192,2.242991010479463,0.5161705581353763,COMPLETE
58,0.2367111279507293,2026-07-04 07:40:30.216114,2026-07-04 07:40:38.453193,0 days 00:00:08.237079,0.7749776770094264,12,0.0037116202391345417,7,15,336,0.41949564025447167,0.5071709582109636,COMPLETE
59,0.2582864717074325,2026-07-04 07:40:38.528237,2026-07-04 07:40:48.261281,0 days 00:00:09.733044,0.7218957556336626,12,0.0047762714137273374,6,19,382,0.24929828176003016,0.7474325845579421,COMPLETE
60,0.22789188852939368,2026-07-04 07:40:48.341016,2026-07-04 07:40:51.950353,0 days 00:00:03.609337,0.7995317407804872,18,0.003465680522687057,8,20,154,5.274401381156557,0.5329978148197644,COMPLETE
61,0.23117296454859546,2026-07-04 07:40:52.033619,2026-07-04 07:40:57.425772,0 days 00:00:05.392153,0.7859313017688484,12,0.003123045346392441,7,19,201,0.4211287010885559,0.6382240385414001,COMPLETE
62,0.2401780979799167,2026-07-04 07:40:57.507626,2026-07-04 07:41:07.017599,0 days 00:00:09.509973,0.7405890719798869,18,0.0038287074536370604,8,19,449,3.320458228712812,0.5257280320029023,COMPLETE
63,0.23546009448278843,2026-07-04 07:41:07.093030,2026-07-04 07:41:12.394335,0 days 00:00:05.301305,0.7802943466892409,12,0.00439376240359709,5,20,209,5.891136465059124,0.7029992951648232,COMPLETE
64,0.2305039832058564,2026-07-04 07:41:12.470016,2026-07-04 07:41:17.333535,0 days 00:00:04.863519,0.8887388882586476,12,0.004111582455527683,7,17,194,8.163121706437057,0.5942363552965857,COMPLETE
65,0.23073800080734352,2026-07-04 07:41:17.412283,2026-07-04 07:41:21.204274,0 days 00:00:03.791991,0.9471567220028554,18,0.005460057331539048,8,20,177,8.397392529644724,0.5178832956694452,COMPLETE
66,0.2264466933676874,2026-07-04 07:41:21.281283,2026-07-04 07:41:24.144301,0 days 00:00:02.863018,0.7888028519674309,18,0.004159357366868365,8,19,119,1.785234638702351,0.5017039125633063,COMPLETE
67,0.2258751596071792,2026-07-04 07:41:24.224256,2026-07-04 07:41:27.343523,0 days 00:00:03.119267,0.8539543822582435,18,0.004120263578619259,5,15,128,1.8630529178692532,0.5001889276418598,COMPLETE
68,0.23891551598123786,2026-07-04 07:41:27.420106,2026-07-04 07:41:31.103899,0 days 00:00:03.683793,0.7324316891997737,18,0.006790565504495339,8,19,154,0.8753421550145052,0.5607184944703896,COMPLETE
69,0.24603972557392984,2026-07-04 07:41:31.181498,2026-07-04 07:41:37.572560,0 days 00:00:06.391062,0.8722244187370298,24,0.005248506422563295,4,12,278,1.4077674614110272,0.5311273874806114,COMPLETE
70,0.23804194082309893,2026-07-04 07:41:37.649521,2026-07-04 07:41:45.470887,0 days 00:00:07.821366,0.9571773545288975,12,0.003510185865129727,5,16,327,0.31398784847274336,0.5512482410948739,COMPLETE
71,0.2333602418616279,2026-07-04 07:41:45.548509,2026-07-04 07:41:48.069809,0 days 00:00:02.521300,0.9714515242070167,18,0.00822589787637629,3,18,113,1.5211860366245848,0.5444500173274819,COMPLETE
72,0.22387762458250426,2026-07-04 07:41:48.145431,2026-07-04 07:41:53.625550,0 days 00:00:05.480119,0.8537799423859054,12,0.003029274593254371,6,10,170,1.3355410314414655,0.5211625298480372,COMPLETE
73,0.2361739267807584,2026-07-04 07:41:53.709818,2026-07-04 07:42:02.797453,0 days 00:00:09.087635,0.9285786864765102,12,0.004533802042232012,5,8,320,2.2296126440487933,0.5615429978442789,COMPLETE
74,0.22521612803131721,2026-07-04 07:42:02.884068,2026-07-04 07:42:06.771245,0 days 00:00:03.887177,0.7687999927047556,12,0.003133424547521235,8,19,163,1.3171384422679298,0.5016758587888747,COMPLETE
75,0.22640048815050678,2026-07-04 07:42:06.852191,2026-07-04 07:42:09.979161,0 days 00:00:03.126970,0.6971420312940724,18,0.0030737887907840316,6,19,121,0.49627559226971796,0.5257366324701789,COMPLETE
76,0.23359339056901113,2026-07-04 07:42:10.057109,2026-07-04 07:42:17.041581,0 days 00:00:06.984472,0.570716765195678,12,0.0031654178927866664,8,18,316,1.0589228267277957,0.537514093644836,COMPLETE
77,0.23455484033967783,2026-07-04 07:42:17.122050,2026-07-04 07:42:24.423585,0 days 00:00:07.301535,0.7530564345544756,12,0.0031901173186965636,6,19,341,1.9214546827284569,0.5069809162992636,COMPLETE
78,0.19818690279324752,2026-07-04 07:42:24.504123,2026-07-04 07:42:38.275129,0 days 00:00:13.771006,0.853569762623272,12,0.005846471728959216,7,8,750,0.8163195920558379,0.5088438637073666,PRUNED
79,0.23760573292296924,2026-07-04 07:42:38.353556,2026-07-04 07:42:44.492620,0 days 00:00:06.139064,0.6840294377494011,18,0.0035128531782812255,7,20,265,0.025277069786728255,0.5763857632818696,COMPLETE
80,0.3372182459336853,2026-07-04 07:42:44.572086,2026-07-04 07:43:17.038725,0 days 00:00:32.466639,0.5832907962089645,24,0.0037325867196819724,6,17,1129,0.001947075992931363,0.846187853381956,COMPLETE
81,0.24160565338785672,2026-07-04 07:43:17.131158,2026-07-04 07:43:25.505726,0 days 00:00:08.374568,0.6775401989788119,24,0.004108459596251978,5,18,346,1.1405693836410296,0.5914430284938722,COMPLETE
82,0.22588975506285897,2026-07-04 07:43:25.590953,2026-07-04 07:43:28.648846,0 days 00:00:03.057893,0.606169690970892,18,0.0036296769995576264,6,18,106,0.32795206073469996,0.5180610407412345,COMPLETE
83,0.22677650656756881,2026-07-04 07:43:28.730165,2026-07-04 07:43:31.718642,0 days 00:00:02.988477,0.7145093153153977,18,0.0030724734122893906,6,20,111,0.21914517436237635,0.5452390912848577,COMPLETE
84,0.23536469479931435,2026-07-04 07:43:31.805315,2026-07-04 07:43:36.985832,0 days 00:00:05.180517,0.9913752612821747,18,0.003299202142261548,7,7,121,0.12432114887774681,0.6547781183918815,COMPLETE
85,0.2534685952590423,2026-07-04 07:43:37.073899,2026-07-04 07:43:42.136935,0 days 00:00:05.063036,0.5635093406098307,18,0.008705779138928772,5,20,210,0.3657582144399726,0.5850632875209649,COMPLETE
86,0.228635138926907,2026-07-04 07:43:42.219021,2026-07-04 07:43:47.376013,0 days 00:00:05.156992,0.7493921186764522,12,0.00329958071454574,8,18,207,0.8790836045367235,0.5352361742283355,COMPLETE
87,0.25293253624491174,2026-07-04 07:43:47.464244,2026-07-04 07:43:53.216042,0 days 00:00:05.751798,0.6888392508557601,18,0.011044879037860078,4,11,215,3.215285181713781,0.5040320865383385,COMPLETE
88,0.2379456455073125,2026-07-04 07:43:53.304365,2026-07-04 07:43:58.781168,0 days 00:00:05.476803,0.6207398694610283,24,0.006383657912670423,7,16,216,0.7279754359662757,0.5264783854750704,COMPLETE
89,0.2504171417205084,2026-07-04 07:43:58.865017,2026-07-04 07:44:10.472216,0 days 00:00:11.607199,0.81502172107645,12,0.005764153922565267,6,7,336,0.5536007209859732,0.5369503370879988,COMPLETE
90,0.2220953001709271,2026-07-04 07:44:10.561675,2026-07-04 07:44:15.020219,0 days 00:00:04.458544,0.850841681120977,12,0.003554287155839686,7,10,112,0.7524883336519356,0.6474400066891604,COMPLETE
91,0.2288845698900948,2026-07-04 07:44:15.109151,2026-07-04 07:44:19.378062,0 days 00:00:04.268911,0.8947235837703165,18,0.0032497626354071824,5,19,166,3.430983238423653,0.5540945419132903,COMPLETE
92,0.22923771883357413,2026-07-04 07:44:19.454486,2026-07-04 07:44:26.100974,0 days 00:00:06.646488,0.8722655173557892,12,0.004286822858201093,6,10,195,0.7296791797203234,0.6137230473328765,COMPLETE
93,0.2390752997329434,2026-07-04 07:44:26.187090,2026-07-04 07:44:31.222218,0 days 00:00:05.035128,0.7313789045531507,18,0.004086545232416286,7,6,117,0.13737423865741646,0.6903106106245589,COMPLETE
94,0.2297703593761449,2026-07-04 07:44:31.300241,2026-07-04 07:44:36.951559,0 days 00:00:05.651318,0.6188165986602217,12,0.0037716471508745745,6,20,256,0.28203474077115903,0.5190281111477987,COMPLETE
95,0.2544813451387071,2026-07-04 07:44:37.035511,2026-07-04 07:44:53.758448,0 days 00:00:16.722937,0.8387075722637001,18,0.00344987466594778,8,10,495,3.7532309349700594,0.6808165696796816,COMPLETE
96,0.23009492448564198,2026-07-04 07:44:53.843703,2026-07-04 07:44:58.691844,0 days 00:00:04.848141,0.7704602941467034,12,0.005435884616376985,8,12,128,0.8401766809560276,0.7044677320975863,COMPLETE
97,0.32877148733824635,2026-07-04 07:44:58.780312,2026-07-04 07:45:22.478776,0 days 00:00:23.698464,0.946226718766182,30,0.010323344386764372,6,20,1414,0.0075740229465888625,0.5081826278351764,COMPLETE
98,0.23374978555290715,2026-07-04 07:45:22.558426,2026-07-04 07:45:26.124339,0 days 00:00:03.565913,0.7760938649508722,12,0.006397139528214274,6,20,142,2.9628206868858458,0.6149837497622888,COMPLETE
99,0.2581253052370669,2026-07-04 07:45:26.205906,2026-07-04 07:45:38.714252,0 days 00:00:12.508346,0.8799436277369025,36,0.09469974984689086,6,8,732,0.03102965427764011,0.5146651014645732,PRUNED
100,0.2324284994349649,2026-07-04 07:45:38.788653,2026-07-04 07:45:43.616507,0 days 00:00:04.827854,0.8123328306354718,18,0.004662972751131216,5,15,203,3.955539295639136,0.5598095185062032,COMPLETE
101,0.2050006045460797,2026-07-04 07:45:43.689103,2026-07-04 07:45:57.256385,0 days 00:00:13.567282,0.8073090688305488,12,0.005365075515787965,6,7,814,0.0020105813456253417,0.5438824547895098,PRUNED
102,0.23150983030711703,2026-07-04 07:45:57.329890,2026-07-04 07:46:01.162411,0 days 00:00:03.832521,0.5826581032602963,18,0.0033803141143242525,5,16,144,0.024646417654752572,0.6151522147623342,COMPLETE
103,0.25627158251172355,2026-07-04 07:46:01.235406,2026-07-04 07:46:20.596795,0 days 00:00:19.361389,0.9801071407578519,36,0.09582049467685341,5,16,1407,0.23558360818529173,0.8815658995749575,PRUNED
104,0.22734112792270564,2026-07-04 07:46:20.671902,2026-07-04 07:46:23.662761,0 days 00:00:02.990859,0.5749938058812262,24,0.003134771597988232,6,19,137,0.15811333361533486,0.5304503555594143,COMPLETE
105,0.21894305791065793,2026-07-04 07:46:23.734886,2026-07-04 07:46:27.844192,0 days 00:00:04.109306,0.7794798592613759,36,0.08785210564759617,6,2,216,0.5524611594665506,0.8983438487577792,PRUNED
106,0.2724504833016712,2026-07-04 07:46:27.930169,2026-07-04 07:46:43.260227,0 days 00:00:15.330058,0.5719933334927294,18,0.008851387108974637,8,2,666,0.00118135127362247,0.581206594491402,PRUNED
107,0.22748425250192256,2026-07-04 07:46:43.345186,2026-07-04 07:46:47.393635,0 days 00:00:04.048449,0.9477778904929095,12,0.0036467799386827996,8,14,119,0.2148797085899992,0.6898035107412381,COMPLETE
