number,value,datetime_start,datetime_complete,duration,params_depth,params_l2_leaf_reg,params_lags,params_learning_rate,params_n_estimators,params_subsample,state
122,0.41512779706446923,2026-07-06 04:26:15.606643,2026-07-06 04:26:16.389445,0 days 00:00:00.782802,3,3.352583334865417,24,0.006645110790876311,650,0.5650262214635265,COMPLETE
123,0.3388302912663278,2026-07-06 04:26:16.452180,2026-07-06 04:26:18.463122,0 days 00:00:02.010942,9,12.229588902934202,12,0.0030802517463087756,741,0.9903330567539693,COMPLETE
124,0.3804658851225724,2026-07-06 04:26:18.526004,2026-07-06 04:26:20.363612,0 days 00:00:01.837608,8,18.52212304593918,24,0.04838123068773334,661,0.6676949262757682,COMPLETE
125,0.3450122063734505,2026-07-06 04:26:20.426409,2026-07-06 04:26:22.107974,0 days 00:00:01.681565,8,24.162038590406688,18,0.004400204301911534,672,0.8303341716497281,COMPLETE
126,0.4337465333414148,2026-07-06 04:26:22.171543,2026-07-06 04:26:23.836696,0 days 00:00:01.665153,5,10.364537169472747,30,0.0993357791611851,1052,0.8422718083948839,COMPLETE
127,0.3445934488002765,2026-07-06 04:26:23.898926,2026-07-06 04:26:26.968695,0 days 00:00:03.069769,10,29.33169383982815,18,0.0031158259698244872,832,0.9943180470341189,COMPLETE
128,0.33866370929595746,2026-07-06 04:26:27.032016,2026-07-06 04:26:29.177871,0 days 00:00:02.145855,9,29.473675769719108,12,0.006004688528335026,800,0.9812153413173115,COMPLETE
129,0.33829107729218877,2026-07-06 04:26:29.232009,2026-07-06 04:26:30.489298,0 days 00:00:01.257289,10,24.93082116821338,12,0.012274060074531933,335,0.9028165739659053,COMPLETE
130,0.35462602090316947,2026-07-06 04:26:30.548977,2026-07-06 04:26:31.205588,0 days 00:00:00.656611,8,3.1091170331728297,30,0.0033265489082974042,160,0.8756684291093718,COMPLETE
131,0.3376891174565052,2026-07-06 04:26:31.260185,2026-07-06 04:26:32.628479,0 days 00:00:01.368294,7,21.183632865896126,12,0.0031806872031387313,773,0.9135284540893128,COMPLETE
132,0.373237141379624,2026-07-06 04:26:32.694020,2026-07-06 04:26:37.424217,0 days 00:00:04.730197,10,9.907147517963974,24,0.012286942986729025,1305,0.6120602246236242,COMPLETE
133,0.3392272355193548,2026-07-06 04:26:37.484612,2026-07-06 04:26:40.561732,0 days 00:00:03.077120,10,13.343028684626283,12,0.0032185316028562738,1014,0.8887368860899489,COMPLETE
134,0.39015233376831115,2026-07-06 04:26:40.620058,2026-07-06 04:26:45.920225,0 days 00:00:05.300167,9,1.868250144265028,30,0.050906382267836295,1390,0.8315624089824336,COMPLETE
135,0.3377310899803112,2026-07-06 04:26:45.979555,2026-07-06 04:26:47.610184,0 days 00:00:01.630629,8,19.733287733239308,12,0.0034374141945174093,800,0.8995709068467508,COMPLETE
136,0.3701504266364271,2026-07-06 04:26:47.672563,2026-07-06 04:26:51.733140,0 days 00:00:04.060577,8,17.626957104816572,36,0.017232716260725763,1219,0.8758971115373453,COMPLETE
137,0.33804581668110456,2026-07-06 04:26:51.796178,2026-07-06 04:26:53.160363,0 days 00:00:01.364185,7,17.001548709477213,12,0.0032766141539456316,730,0.853569964822807,COMPLETE
138,0.3388680093873442,2026-07-06 04:26:53.217036,2026-07-06 04:26:54.344759,0 days 00:00:01.127723,7,12.552518147180946,12,0.0040244268624243275,624,0.7954019959855642,COMPLETE
139,0.3377956178276007,2026-07-06 04:26:54.406458,2026-07-06 04:26:55.965648,0 days 00:00:01.559190,7,29.579681387307087,12,0.0030692073561419202,955,0.8829147398852327,COMPLETE
140,0.35566810584805264,2026-07-06 04:26:56.024874,2026-07-06 04:26:57.835605,0 days 00:00:01.810731,6,20.02664631718717,18,0.006689176574257634,1210,0.8534991779933697,COMPLETE
141,0.35952048557124017,2026-07-06 04:26:57.896276,2026-07-06 04:27:02.062781,0 days 00:00:04.166505,10,4.59661889320876,36,0.004068295622880092,740,0.5288407536339405,COMPLETE
142,0.34508879587490404,2026-07-06 04:27:02.121764,2026-07-06 04:27:03.504170,0 days 00:00:01.382406,6,22.314580072440418,18,0.003305487431403767,916,0.881739149351805,COMPLETE
143,0.3422400041135397,2026-07-06 04:27:03.562059,2026-07-06 04:27:04.669582,0 days 00:00:01.107523,6,11.022488534645861,12,0.003763827060076071,790,0.874542476052146,COMPLETE
144,0.34691529263577736,2026-07-06 04:27:04.723031,2026-07-06 04:27:07.061189,0 days 00:00:02.338158,8,16.407112417337828,18,0.00350532354945685,1056,0.8142989638269139,COMPLETE
145,0.40632511312823977,2026-07-06 04:27:07.115785,2026-07-06 04:27:07.660246,0 days 00:00:00.544461,3,18.770845019999637,36,0.0842397056859497,339,0.8640636475624066,COMPLETE
146,0.3382869425367096,2026-07-06 04:27:07.720042,2026-07-06 04:27:08.852595,0 days 00:00:01.132553,7,28.611198199121404,12,0.003105976928107158,677,0.8091444601329235,COMPLETE
147,0.33769034427427047,2026-07-06 04:27:08.905930,2026-07-06 04:27:10.241789,0 days 00:00:01.335859,7,24.812714198312584,12,0.0035580071166888406,780,0.8452856630681996,COMPLETE
148,0.34090243296142553,2026-07-06 04:27:10.298975,2026-07-06 04:27:11.537695,0 days 00:00:01.238720,7,12.187750479210846,12,0.0044659270533628365,766,0.9010301699336706,COMPLETE
149,0.3382237330326197,2026-07-06 04:27:11.597282,2026-07-06 04:27:12.793149,0 days 00:00:01.195867,7,28.234857508202253,12,0.0036919125679073252,707,0.8646927236791295,COMPLETE
