number,value,datetime_start,datetime_complete,duration,params_colsample_bytree,params_lags,params_learning_rate,params_max_depth,params_min_child_weight,params_n_estimators,params_reg_lambda,params_subsample,state
108,0.2699942490778492,2026-07-04 07:46:47.460688,2026-07-04 07:47:03.608000,0 days 00:00:16.147312,0.9003944113215046,36,0.003131345957235569,3,20,952,0.001705476318318683,0.674841414484544,COMPLETE
109,0.2360129559344012,2026-07-04 07:47:03.681989,2026-07-04 07:47:07.538061,0 days 00:00:03.856072,0.50743468645842,18,0.006626904564783907,6,12,132,1.4882444684588716,0.5223252346928274,COMPLETE
110,0.2346714149313015,2026-07-04 07:47:07.612566,2026-07-04 07:47:15.727080,0 days 00:00:08.114514,0.710653881066883,12,0.00372656571679169,5,11,315,4.296492002624517,0.5470246102098388,COMPLETE
111,0.3574875145259747,2026-07-04 07:47:15.801716,2026-07-04 07:47:24.623877,0 days 00:00:08.822161,0.8586020954042772,24,0.029028774418182968,4,19,455,0.0010673333606616956,0.5513990464692167,COMPLETE
112,0.23122276737532937,2026-07-04 07:47:24.698610,2026-07-04 07:47:28.816071,0 days 00:00:04.117461,0.5754279951599075,24,0.0032399866194860456,6,20,202,0.03380571001748595,0.542545177309838,COMPLETE
113,0.23157981988631493,2026-07-04 07:47:28.901071,2026-07-04 07:47:33.285389,0 days 00:00:04.384318,0.6610021142026792,36,0.0041496332143260125,6,17,198,0.15719263683128276,0.5515233574001662,COMPLETE
114,0.24036746615039567,2026-07-04 07:47:33.358230,2026-07-04 07:47:37.194351,0 days 00:00:03.836121,0.759871914981893,24,0.006945157836318644,4,20,170,0.037167950169094514,0.606529463143905,COMPLETE
115,0.319688364334066,2026-07-04 07:47:37.266787,2026-07-04 07:48:00.510278,0 days 00:00:23.243491,0.5425847711774983,36,0.05594319227093263,8,4,1120,0.3138607894583932,0.9304151587081539,PRUNED
116,0.22749467586724273,2026-07-04 07:48:00.582747,2026-07-04 07:48:03.787338,0 days 00:00:03.204591,0.6791663591732038,24,0.0031326415391641567,6,19,137,0.2998531129206186,0.6172574937649495,COMPLETE
117,0.23088128421619758,2026-07-04 07:48:03.861314,2026-07-04 07:48:07.204302,0 days 00:00:03.342988,0.7754811388704357,12,0.005687529851472975,5,20,163,0.4424794779313777,0.518791563386339,COMPLETE
118,0.23123268123640411,2026-07-04 07:48:07.274672,2026-07-04 07:48:12.790592,0 days 00:00:05.515920,0.7428089024311499,18,0.0031639334746936696,6,16,237,0.1678335236266008,0.5928380048687422,COMPLETE
119,0.18858717269435404,2026-07-04 07:48:12.863854,2026-07-04 07:48:30.563658,0 days 00:00:17.699804,0.988785706341815,12,0.0525959021340628,8,1,860,1.2637776173823747,0.754163222810489,PRUNED
120,0.2257321631444923,2026-07-04 07:48:30.645106,2026-07-04 07:48:37.204246,0 days 00:00:06.559140,0.8632180416834486,12,0.00345943950488287,7,6,176,3.5206760303851214,0.6049228379259256,COMPLETE
121,0.23520535059131648,2026-07-04 07:48:37.283183,2026-07-04 07:48:44.967782,0 days 00:00:07.684599,0.5206347513952742,24,0.0034766816193403504,6,15,303,0.7312267448413157,0.5648423665845528,COMPLETE
122,0.26381693403680206,2026-07-04 07:48:45.050407,2026-07-04 07:49:09.153213,0 days 00:00:24.102806,0.9758004475971792,12,0.003166486709137186,7,4,676,3.89345540461854,0.6841125770278069,COMPLETE
123,0.2322116614651562,2026-07-04 07:49:09.234224,2026-07-04 07:49:16.394166,0 days 00:00:07.159942,0.8316660319380773,12,0.00575659481169937,8,8,198,4.3467317774756244,0.6014826093157356,COMPLETE
124,0.23523763852194018,2026-07-04 07:49:16.478739,2026-07-04 07:49:25.096852,0 days 00:00:08.618113,0.6546743505386766,18,0.0030497545560186547,6,17,377,0.45154720263430526,0.5167628985252865,COMPLETE
125,0.22366381062006024,2026-07-04 07:49:25.177081,2026-07-04 07:49:29.187392,0 days 00:00:04.010311,0.7342514858473376,12,0.0033059629203376377,5,4,118,6.661003516809849,0.6197364647510681,COMPLETE
126,0.2291198989746277,2026-07-04 07:49:29.267265,2026-07-04 07:49:36.257538,0 days 00:00:06.990273,0.829812815817377,12,0.003328144159127358,7,5,191,3.290833490577699,0.6198653092157558,COMPLETE
127,0.21885237936664242,2026-07-04 07:49:36.338117,2026-07-04 07:50:03.355768,0 days 00:00:27.017651,0.8292099578641461,24,0.006503616653857302,7,8,1355,0.03185293040964072,0.7802389472801754,PRUNED
128,0.22293636058450533,2026-07-04 07:50:03.436434,2026-07-04 07:50:06.585967,0 days 00:00:03.149533,0.7199642789510703,12,0.00396195112540306,7,15,125,3.6685617075489563,0.508367243401281,COMPLETE
129,0.2359109909111264,2026-07-04 07:50:06.657844,2026-07-04 07:50:10.656023,0 days 00:00:03.998179,0.7031231971088608,18,0.0045581796039476305,5,3,137,1.8067946927783687,0.5558779710272219,COMPLETE
130,0.30393995943137664,2026-07-04 07:50:10.731585,2026-07-04 07:50:15.345335,0 days 00:00:04.613750,0.5351993048299954,36,0.03167948162392806,5,13,182,1.8848174274215312,0.5629527080670473,COMPLETE
131,0.22450045987783857,2026-07-04 07:50:15.421871,2026-07-04 07:50:18.649985,0 days 00:00:03.228114,0.7453021929179111,12,0.003289279433286944,6,15,123,0.85723376942419,0.5457865261662864,COMPLETE
132,0.1890159363678741,2026-07-04 07:50:18.722928,2026-07-04 07:50:22.184416,0 days 00:00:03.461488,0.7201149082171356,12,0.007588229859722254,4,2,270,0.3792074177498993,0.6617698047108673,PRUNED
133,0.26598710289652,2026-07-04 07:50:22.259020,2026-07-04 07:50:32.882771,0 days 00:00:10.623751,0.8105932870411904,12,0.003528309963719288,5,3,406,1.7033226239611545,0.7458604404881221,COMPLETE
134,0.22647581896852387,2026-07-04 07:50:32.954818,2026-07-04 07:50:37.297345,0 days 00:00:04.342527,0.9226807935971946,18,0.0036801765404712154,6,9,131,1.944958290261989,0.5180592581723877,COMPLETE
135,0.22777231571688583,2026-07-04 07:50:37.370899,2026-07-04 07:50:41.689584,0 days 00:00:04.318685,0.6147630809912961,12,0.0050289755234515935,6,5,120,4.835123923044047,0.6663625860727206,COMPLETE
136,0.22433004338121684,2026-07-04 07:50:41.766064,2026-07-04 07:50:46.367973,0 days 00:00:04.601909,0.6088836035399782,12,0.003362513321882001,7,13,144,0.14285666164556876,0.5174782195540544,COMPLETE
137,0.24817676784906165,2026-07-04 07:50:46.459151,2026-07-04 07:50:56.621881,0 days 00:00:10.162730,0.7676081252487885,18,0.004332424590407262,5,8,363,6.901387616303426,0.6743468160361904,COMPLETE
138,0.23237733726759616,2026-07-04 07:50:56.703351,2026-07-04 07:51:03.732892,0 days 00:00:07.029541,0.8467026282625766,12,0.003180110440848644,6,17,341,7.084313540760204,0.5182961896689614,COMPLETE
139,0.21645280523937366,2026-07-04 07:51:03.808470,2026-07-04 07:51:09.505857,0 days 00:00:05.697387,0.5564014959562017,24,0.044460140511728106,4,13,451,0.009758502789977475,0.8763680855955361,PRUNED
140,0.23892002537257195,2026-07-04 07:51:09.586702,2026-07-04 07:51:18.656763,0 days 00:00:09.070061,0.5854834192174935,12,0.003360888912640703,6,6,285,0.057243258528326076,0.5834063992395923,COMPLETE
141,0.22862192470534592,2026-07-04 07:51:18.737534,2026-07-04 07:51:22.692775,0 days 00:00:03.955241,0.6495976908147489,12,0.0042828623332931675,6,17,160,3.5033794236053977,0.5826168287177225,COMPLETE
142,0.23352074400940626,2026-07-04 07:51:22.768551,2026-07-04 07:51:25.573380,0 days 00:00:02.804829,0.8618217771991712,12,0.008599579916209884,8,20,124,1.6323716647235234,0.5044355103759391,COMPLETE
143,0.227778028621837,2026-07-04 07:51:25.650881,2026-07-04 07:51:29.360837,0 days 00:00:03.709956,0.7013023351218146,12,0.004299990012596381,7,16,139,3.488273149122458,0.5717612273864583,COMPLETE
144,0.3314302145670204,2026-07-04 07:51:29.437853,2026-07-04 07:51:42.157515,0 days 00:00:12.719662,0.9795091322253818,12,0.01928955991409591,4,4,967,0.4177889324253171,0.730471900312791,PRUNED
145,0.23013506613199392,2026-07-04 07:51:42.240613,2026-07-04 07:51:49.083829,0 days 00:00:06.843216,0.6251177271678646,18,0.0030986425010935278,7,11,219,0.24822340470871798,0.5050572572894617,COMPLETE
146,0.2827593486180418,2026-07-04 07:51:49.169909,2026-07-04 07:52:07.282914,0 days 00:00:18.113005,0.5775105075813708,12,0.005532274022659525,6,13,653,0.04715989711897339,0.5569678166858062,COMPLETE
147,0.22387727247910716,2026-07-04 07:52:07.369337,2026-07-04 07:52:11.990982,0 days 00:00:04.621645,0.653403386536515,18,0.0031916088614174828,4,2,168,9.268197337459348,0.7066323403425125,COMPLETE
148,0.26166481645422324,2026-07-04 07:52:12.070145,2026-07-04 07:52:21.773257,0 days 00:00:09.703112,0.5509405096499773,18,0.004344261624631033,5,6,333,3.320734973728007,0.8379163673057305,COMPLETE
149,0.24801715943068559,2026-07-04 07:52:21.858328,2026-07-04 07:52:29.482339,0 days 00:00:07.624011,0.6065221517036702,18,0.0036245097706598113,4,2,304,2.616828312707386,0.5930244651239474,COMPLETE
