number,value,datetime_start,datetime_complete,duration,params_dropout,params_hidden_size,params_input_size,params_learning_rate,params_scaler_type,user_attrs_ALL_PARAMS,user_attrs_METRICS,state
0,16.08793067932129,2026-07-04 05:04:51.736060,2026-07-04 05:05:04.612309,0 days 00:00:12.876249,0.16164502020100707,32,24,0.0004024066464714613,standard,"{'input_size': 24, 'learning_rate': 0.0004024066464714613, 'scaler_type': 'standard', 'max_steps': 2000, 'early_stop_patience_steps': 10, 'val_check_steps': 25, 'logger': False, 'accelerator': 'mps', 'hidden_size': 32, 'dropout': 0.16164502020100707, 'h': 1}","{'loss': 16.08793067932129, 'train_loss': 0.5705221891403198}",COMPLETE
1,19.179794311523438,2026-07-04 05:05:04.612838,2026-07-04 05:05:14.248483,0 days 00:00:09.635645,0.05943044672546363,16,24,0.005704727088203684,robust,"{'input_size': 24, 'learning_rate': 0.005704727088203684, 'scaler_type': 'robust', 'max_steps': 2000, 'early_stop_patience_steps': 10, 'val_check_steps': 25, 'logger': False, 'accelerator': 'mps', 'hidden_size': 16, 'dropout': 0.05943044672546363, 'h': 1}","{'loss': 19.179794311523438, 'train_loss': 1.1873760223388672}",COMPLETE
2,18.82904624938965,2026-07-04 05:05:14.248711,2026-07-04 05:05:21.491741,0 days 00:00:07.243030,0.2634427510288239,32,24,0.0024246286430387822,robust,"{'input_size': 24, 'learning_rate': 0.0024246286430387822, 'scaler_type': 'robust', 'max_steps': 2000, 'early_stop_patience_steps': 10, 'val_check_steps': 25, 'logger': False, 'accelerator': 'mps', 'hidden_size': 32, 'dropout': 0.2634427510288239, 'h': 1}","{'loss': 18.82904624938965, 'train_loss': 1.3651789426803589}",COMPLETE
3,18.5690975189209,2026-07-04 05:05:21.492083,2026-07-04 05:05:31.068049,0 days 00:00:09.575966,0.22504329448349022,16,36,0.0011650124592172252,standard,"{'input_size': 36, 'learning_rate': 0.0011650124592172252, 'scaler_type': 'standard', 'max_steps': 2000, 'early_stop_patience_steps': 10, 'val_check_steps': 25, 'logger': False, 'accelerator': 'mps', 'hidden_size': 16, 'dropout': 0.22504329448349022, 'h': 1}","{'loss': 18.5690975189209, 'train_loss': 0.36413609981536865}",COMPLETE
4,17.81627655029297,2026-07-04 05:05:31.068249,2026-07-04 05:05:46.187706,0 days 00:00:15.119457,0.039008571635483304,8,18,0.0037892970949022498,robust,"{'input_size': 18, 'learning_rate': 0.0037892970949022498, 'scaler_type': 'robust', 'max_steps': 2000, 'early_stop_patience_steps': 10, 'val_check_steps': 25, 'logger': False, 'accelerator': 'mps', 'hidden_size': 8, 'dropout': 0.039008571635483304, 'h': 1}","{'loss': 17.81627655029297, 'train_loss': 1.319930911064148}",COMPLETE
5,16.036754608154297,2026-07-04 05:05:46.187905,2026-07-04 05:05:59.779826,0 days 00:00:13.591921,0.20992750800627935,32,24,0.0003396982571910356,standard,"{'input_size': 24, 'learning_rate': 0.0003396982571910356, 'scaler_type': 'standard', 'max_steps': 2000, 'early_stop_patience_steps': 10, 'val_check_steps': 25, 'logger': False, 'accelerator': 'mps', 'hidden_size': 32, 'dropout': 0.20992750800627935, 'h': 1}","{'loss': 16.036754608154297, 'train_loss': 0.6490163803100586}",COMPLETE
6,20.762582778930664,2026-07-04 05:05:59.780032,2026-07-04 05:06:08.719475,0 days 00:00:08.939443,0.17596651215059786,32,36,0.0006735324727887581,robust,"{'input_size': 36, 'learning_rate': 0.0006735324727887581, 'scaler_type': 'robust', 'max_steps': 2000, 'early_stop_patience_steps': 10, 'val_check_steps': 25, 'logger': False, 'accelerator': 'mps', 'hidden_size': 32, 'dropout': 0.17596651215059786, 'h': 1}","{'loss': 20.762582778930664, 'train_loss': 0.9888116121292114}",COMPLETE
7,15.568281173706055,2026-07-04 05:06:08.719806,2026-07-04 05:06:16.932560,0 days 00:00:08.212754,0.21779939560513542,8,18,0.004118912607048066,standard,"{'input_size': 18, 'learning_rate': 0.004118912607048066, 'scaler_type': 'standard', 'max_steps': 2000, 'early_stop_patience_steps': 10, 'val_check_steps': 25, 'logger': False, 'accelerator': 'mps', 'hidden_size': 8, 'dropout': 0.21779939560513542, 'h': 1}","{'loss': 15.568281173706055, 'train_loss': 0.6996361017227173}",COMPLETE
8,16.675506591796875,2026-07-04 05:06:16.932915,2026-07-04 05:06:32.981910,0 days 00:00:16.048995,0.18650871606273653,16,18,0.000498650988104503,robust,"{'input_size': 18, 'learning_rate': 0.000498650988104503, 'scaler_type': 'robust', 'max_steps': 2000, 'early_stop_patience_steps': 10, 'val_check_steps': 25, 'logger': False, 'accelerator': 'mps', 'hidden_size': 16, 'dropout': 0.18650871606273653, 'h': 1}","{'loss': 16.675506591796875, 'train_loss': 1.776643991470337}",COMPLETE
9,16.427438735961914,2026-07-04 05:06:32.982104,2026-07-04 05:06:44.996524,0 days 00:00:12.014420,0.18514347408621715,8,24,0.0014347598955915173,standard,"{'input_size': 24, 'learning_rate': 0.0014347598955915173, 'scaler_type': 'standard', 'max_steps': 2000, 'early_stop_patience_steps': 10, 'val_check_steps': 25, 'logger': False, 'accelerator': 'mps', 'hidden_size': 8, 'dropout': 0.18514347408621715, 'h': 1}","{'loss': 16.427438735961914, 'train_loss': 0.5707132816314697}",COMPLETE
10,15.802467346191406,2026-07-04 05:06:44.996733,2026-07-04 05:06:54.073164,0 days 00:00:09.076431,0.163418921058181,8,18,0.00622521001354113,standard,"{'input_size': 18, 'learning_rate': 0.00622521001354113, 'scaler_type': 'standard', 'max_steps': 2000, 'early_stop_patience_steps': 10, 'val_check_steps': 25, 'logger': False, 'accelerator': 'mps', 'hidden_size': 8, 'dropout': 0.163418921058181, 'h': 1}","{'loss': 15.802467346191406, 'train_loss': 0.6811336278915405}",COMPLETE
11,15.23112964630127,2026-07-04 05:06:54.073334,2026-07-04 05:07:05.167027,0 days 00:00:11.093693,0.24719236185785712,8,18,0.0031850211945983445,standard,"{'input_size': 18, 'learning_rate': 0.0031850211945983445, 'scaler_type': 'standard', 'max_steps': 2000, 'early_stop_patience_steps': 10, 'val_check_steps': 25, 'logger': False, 'accelerator': 'mps', 'hidden_size': 8, 'dropout': 0.24719236185785712, 'h': 1}","{'loss': 15.23112964630127, 'train_loss': 0.591849684715271}",COMPLETE
12,15.585338592529297,2026-07-04 05:07:05.167381,2026-07-04 05:07:14.667098,0 days 00:00:09.499717,0.28595863940204175,8,18,0.005233294652316065,standard,"{'input_size': 18, 'learning_rate': 0.005233294652316065, 'scaler_type': 'standard', 'max_steps': 2000, 'early_stop_patience_steps': 10, 'val_check_steps': 25, 'logger': False, 'accelerator': 'mps', 'hidden_size': 8, 'dropout': 0.28595863940204175, 'h': 1}","{'loss': 15.585338592529297, 'train_loss': 0.705364465713501}",COMPLETE
13,15.013854026794434,2026-07-04 05:07:14.667490,2026-07-04 05:07:29.554932,0 days 00:00:14.887442,0.22664003919951003,8,18,0.000955074765620632,standard,"{'input_size': 18, 'learning_rate': 0.000955074765620632, 'scaler_type': 'standard', 'max_steps': 2000, 'early_stop_patience_steps': 10, 'val_check_steps': 25, 'logger': False, 'accelerator': 'mps', 'hidden_size': 8, 'dropout': 0.22664003919951003, 'h': 1}","{'loss': 15.013854026794434, 'train_loss': 0.6515984535217285}",COMPLETE
14,15.042855262756348,2026-07-04 05:07:29.555156,2026-07-04 05:07:50.244724,0 days 00:00:20.689568,0.12169987207363517,8,18,0.0004390469973466231,standard,"{'input_size': 18, 'learning_rate': 0.0004390469973466231, 'scaler_type': 'standard', 'max_steps': 2000, 'early_stop_patience_steps': 10, 'val_check_steps': 25, 'logger': False, 'accelerator': 'mps', 'hidden_size': 8, 'dropout': 0.12169987207363517, 'h': 1}","{'loss': 15.042855262756348, 'train_loss': 0.8148720264434814}",COMPLETE
15,15.369781494140625,2026-07-04 05:07:50.245105,2026-07-04 05:08:11.122004,0 days 00:00:20.876899,0.08025227652749303,16,18,0.0004170717974695685,standard,"{'input_size': 18, 'learning_rate': 0.0004170717974695685, 'scaler_type': 'standard', 'max_steps': 2000, 'early_stop_patience_steps': 10, 'val_check_steps': 25, 'logger': False, 'accelerator': 'mps', 'hidden_size': 16, 'dropout': 0.08025227652749303, 'h': 1}","{'loss': 15.369781494140625, 'train_loss': 0.69679856300354}",COMPLETE
16,14.98534870147705,2026-07-04 05:08:11.122223,2026-07-04 05:08:58.628579,0 days 00:00:47.506356,0.20596589667530957,8,18,0.00012435604621243072,standard,"{'input_size': 18, 'learning_rate': 0.00012435604621243072, 'scaler_type': 'standard', 'max_steps': 2000, 'early_stop_patience_steps': 10, 'val_check_steps': 25, 'logger': False, 'accelerator': 'mps', 'hidden_size': 8, 'dropout': 0.20596589667530957, 'h': 1}","{'loss': 14.98534870147705, 'train_loss': 0.7225978970527649}",COMPLETE
17,14.951950073242188,2026-07-04 05:08:58.628764,2026-07-04 05:09:33.941041,0 days 00:00:35.312277,0.26580862756745094,8,18,0.0002815084504211791,standard,"{'input_size': 18, 'learning_rate': 0.0002815084504211791, 'scaler_type': 'standard', 'max_steps': 2000, 'early_stop_patience_steps': 10, 'val_check_steps': 25, 'logger': False, 'accelerator': 'mps', 'hidden_size': 8, 'dropout': 0.26580862756745094, 'h': 1}","{'loss': 14.951950073242188, 'train_loss': 0.7226015329360962}",COMPLETE
18,14.921006202697754,2026-07-04 05:09:33.941274,2026-07-04 05:10:20.829503,0 days 00:00:46.888229,0.19486232662932834,8,18,0.00012901063358283852,standard,"{'input_size': 18, 'learning_rate': 0.00012901063358283852, 'scaler_type': 'standard', 'max_steps': 2000, 'early_stop_patience_steps': 10, 'val_check_steps': 25, 'logger': False, 'accelerator': 'mps', 'hidden_size': 8, 'dropout': 0.19486232662932834, 'h': 1}","{'loss': 14.921006202697754, 'train_loss': 0.7186516523361206}",COMPLETE
19,17.781251907348633,2026-07-04 05:10:20.829701,2026-07-04 05:10:33.034729,0 days 00:00:12.205028,0.29014143105644014,8,36,0.00012081311678949444,standard,"{'input_size': 36, 'learning_rate': 0.00012081311678949444, 'scaler_type': 'standard', 'max_steps': 2000, 'early_stop_patience_steps': 10, 'val_check_steps': 25, 'logger': False, 'accelerator': 'mps', 'hidden_size': 8, 'dropout': 0.29014143105644014, 'h': 1}","{'loss': 17.781251907348633, 'train_loss': 0.5399489402770996}",COMPLETE
20,17.705793380737305,2026-07-04 05:10:33.035095,2026-07-04 05:10:58.182934,0 days 00:00:25.147839,0.28734651469208056,8,18,0.00044958790106315366,robust,"{'input_size': 18, 'learning_rate': 0.00044958790106315366, 'scaler_type': 'robust', 'max_steps': 2000, 'early_stop_patience_steps': 10, 'val_check_steps': 25, 'logger': False, 'accelerator': 'mps', 'hidden_size': 8, 'dropout': 0.28734651469208056, 'h': 1}","{'loss': 17.705793380737305, 'train_loss': 1.9210292100906372}",COMPLETE
21,15.13479995727539,2026-07-04 05:10:58.183308,2026-07-04 05:11:42.144870,0 days 00:00:43.961562,0.20720910112777216,8,18,0.00011271372893369088,standard,"{'input_size': 18, 'learning_rate': 0.00011271372893369088, 'scaler_type': 'standard', 'max_steps': 2000, 'early_stop_patience_steps': 10, 'val_check_steps': 25, 'logger': False, 'accelerator': 'mps', 'hidden_size': 8, 'dropout': 0.20720910112777216, 'h': 1}","{'loss': 15.13479995727539, 'train_loss': 0.7274950742721558}",COMPLETE
22,14.512433052062988,2026-07-04 05:11:42.145180,2026-07-04 05:12:08.656486,0 days 00:00:26.511306,0.25451787823538413,16,18,0.00026053399065400893,standard,"{'input_size': 18, 'learning_rate': 0.00026053399065400893, 'scaler_type': 'standard', 'max_steps': 2000, 'early_stop_patience_steps': 10, 'val_check_steps': 25, 'logger': False, 'accelerator': 'mps', 'hidden_size': 16, 'dropout': 0.25451787823538413, 'h': 1}","{'loss': 14.512433052062988, 'train_loss': 0.8581269979476929}",COMPLETE
23,17.631940841674805,2026-07-04 05:12:08.656654,2026-07-04 05:12:15.002929,0 days 00:00:06.346275,0.18317511253742141,16,18,0.00020688881648967997,standard,"{'input_size': 18, 'learning_rate': 0.00020688881648967997, 'scaler_type': 'standard', 'max_steps': 2000, 'early_stop_patience_steps': 10, 'val_check_steps': 25, 'logger': False, 'accelerator': 'mps', 'hidden_size': 16, 'dropout': 0.18317511253742141, 'h': 1}","{'loss': 17.631940841674805, 'train_loss': 0.7862598896026611}",COMPLETE
24,16.913002014160156,2026-07-04 05:12:15.003112,2026-07-04 05:12:21.571968,0 days 00:00:06.568856,0.2673109779452663,16,24,0.0001670573785415829,standard,"{'input_size': 24, 'learning_rate': 0.0001670573785415829, 'scaler_type': 'standard', 'max_steps': 2000, 'early_stop_patience_steps': 10, 'val_check_steps': 25, 'logger': False, 'accelerator': 'mps', 'hidden_size': 16, 'dropout': 0.2673109779452663, 'h': 1}","{'loss': 16.913002014160156, 'train_loss': 0.7142367362976074}",COMPLETE
25,17.32107162475586,2026-07-04 05:12:21.572132,2026-07-04 05:12:27.727932,0 days 00:00:06.155800,0.26746575757834185,16,18,0.0002521988351295332,standard,"{'input_size': 18, 'learning_rate': 0.0002521988351295332, 'scaler_type': 'standard', 'max_steps': 2000, 'early_stop_patience_steps': 10, 'val_check_steps': 25, 'logger': False, 'accelerator': 'mps', 'hidden_size': 16, 'dropout': 0.26746575757834185, 'h': 1}","{'loss': 17.32107162475586, 'train_loss': 0.7847338914871216}",COMPLETE
26,17.3010196685791,2026-07-04 05:12:27.728116,2026-07-04 05:12:35.090229,0 days 00:00:07.362113,0.23183565081410662,32,18,0.00010636842964265374,standard,"{'input_size': 18, 'learning_rate': 0.00010636842964265374, 'scaler_type': 'standard', 'max_steps': 2000, 'early_stop_patience_steps': 10, 'val_check_steps': 25, 'logger': False, 'accelerator': 'mps', 'hidden_size': 32, 'dropout': 0.23183565081410662, 'h': 1}","{'loss': 17.3010196685791, 'train_loss': 0.914156436920166}",COMPLETE
27,20.4466609954834,2026-07-04 05:12:35.090414,2026-07-04 05:12:47.107654,0 days 00:00:12.017240,0.1183931562037956,8,18,0.00010833497423244564,robust,"{'input_size': 18, 'learning_rate': 0.00010833497423244564, 'scaler_type': 'robust', 'max_steps': 2000, 'early_stop_patience_steps': 10, 'val_check_steps': 25, 'logger': False, 'accelerator': 'mps', 'hidden_size': 8, 'dropout': 0.1183931562037956, 'h': 1}","{'loss': 20.4466609954834, 'train_loss': 2.4583864212036133}",COMPLETE
28,15.127408981323242,2026-07-04 05:12:47.107841,2026-07-04 05:13:23.823628,0 days 00:00:36.715787,0.29744750945445225,8,18,0.0002688774971597003,standard,"{'input_size': 18, 'learning_rate': 0.0002688774971597003, 'scaler_type': 'standard', 'max_steps': 2000, 'early_stop_patience_steps': 10, 'val_check_steps': 25, 'logger': False, 'accelerator': 'mps', 'hidden_size': 8, 'dropout': 0.29744750945445225, 'h': 1}","{'loss': 15.127408981323242, 'train_loss': 0.8799790143966675}",COMPLETE
29,18.529752731323242,2026-07-04 05:13:23.823967,2026-07-04 05:13:29.575383,0 days 00:00:05.751416,0.14879136554777905,16,36,0.0001085771039114535,standard,"{'input_size': 36, 'learning_rate': 0.0001085771039114535, 'scaler_type': 'standard', 'max_steps': 2000, 'early_stop_patience_steps': 10, 'val_check_steps': 25, 'logger': False, 'accelerator': 'mps', 'hidden_size': 16, 'dropout': 0.14879136554777905, 'h': 1}","{'loss': 18.529752731323242, 'train_loss': 0.5187100172042847}",COMPLETE
30,17.124582290649414,2026-07-04 05:13:29.575566,2026-07-04 05:13:37.223199,0 days 00:00:07.647633,0.19634614764336916,16,24,0.00010088689876551924,robust,"{'input_size': 24, 'learning_rate': 0.00010088689876551924, 'scaler_type': 'robust', 'max_steps': 2000, 'early_stop_patience_steps': 10, 'val_check_steps': 25, 'logger': False, 'accelerator': 'mps', 'hidden_size': 16, 'dropout': 0.19634614764336916, 'h': 1}","{'loss': 17.124582290649414, 'train_loss': 2.560143232345581}",COMPLETE
31,16.56329917907715,2026-07-04 05:13:37.223360,2026-07-04 05:13:44.651716,0 days 00:00:07.428356,0.26253532854984296,32,18,0.0009088190094198127,standard,"{'input_size': 18, 'learning_rate': 0.0009088190094198127, 'scaler_type': 'standard', 'max_steps': 2000, 'early_stop_patience_steps': 10, 'val_check_steps': 25, 'logger': False, 'accelerator': 'mps', 'hidden_size': 32, 'dropout': 0.26253532854984296, 'h': 1}","{'loss': 16.56329917907715, 'train_loss': 0.6565605401992798}",COMPLETE
32,18.214065551757812,2026-07-04 05:13:44.651889,2026-07-04 05:13:52.275235,0 days 00:00:07.623346,0.20465492533614588,8,24,0.00020351461341025997,standard,"{'input_size': 24, 'learning_rate': 0.00020351461341025997, 'scaler_type': 'standard', 'max_steps': 2000, 'early_stop_patience_steps': 10, 'val_check_steps': 25, 'logger': False, 'accelerator': 'mps', 'hidden_size': 8, 'dropout': 0.20465492533614588, 'h': 1}","{'loss': 18.214065551757812, 'train_loss': 0.639057993888855}",COMPLETE
33,14.973570823669434,2026-07-04 05:13:52.275568,2026-07-04 05:14:24.356272,0 days 00:00:32.080704,0.21054593888272627,8,18,0.0002209794204081943,standard,"{'input_size': 18, 'learning_rate': 0.0002209794204081943, 'scaler_type': 'standard', 'max_steps': 2000, 'early_stop_patience_steps': 10, 'val_check_steps': 25, 'logger': False, 'accelerator': 'mps', 'hidden_size': 8, 'dropout': 0.21054593888272627, 'h': 1}","{'loss': 14.973570823669434, 'train_loss': 0.874198317527771}",COMPLETE
34,22.323928833007812,2026-07-04 05:14:24.356701,2026-07-04 05:14:31.861002,0 days 00:00:07.504301,0.007629182630558923,8,36,0.00024085194497098513,robust,"{'input_size': 36, 'learning_rate': 0.00024085194497098513, 'scaler_type': 'robust', 'max_steps': 2000, 'early_stop_patience_steps': 10, 'val_check_steps': 25, 'logger': False, 'accelerator': 'mps', 'hidden_size': 8, 'dropout': 0.007629182630558923, 'h': 1}","{'loss': 22.323928833007812, 'train_loss': 1.2338716983795166}",COMPLETE
35,14.936686515808105,2026-07-04 05:14:31.861208,2026-07-04 05:14:55.984444,0 days 00:00:24.123236,0.22901454269578966,8,18,0.0003261222112661513,standard,"{'input_size': 18, 'learning_rate': 0.0003261222112661513, 'scaler_type': 'standard', 'max_steps': 2000, 'early_stop_patience_steps': 10, 'val_check_steps': 25, 'logger': False, 'accelerator': 'mps', 'hidden_size': 8, 'dropout': 0.22901454269578966, 'h': 1}","{'loss': 14.936686515808105, 'train_loss': 0.8686546087265015}",COMPLETE
36,22.021873474121094,2026-07-04 05:14:55.984667,2026-07-04 05:15:04.059331,0 days 00:00:08.074664,0.2569354082870114,16,36,0.00033262020572835514,robust,"{'input_size': 36, 'learning_rate': 0.00033262020572835514, 'scaler_type': 'robust', 'max_steps': 2000, 'early_stop_patience_steps': 10, 'val_check_steps': 25, 'logger': False, 'accelerator': 'mps', 'hidden_size': 16, 'dropout': 0.2569354082870114, 'h': 1}","{'loss': 22.021873474121094, 'train_loss': 1.4993515014648438}",COMPLETE
37,14.70838737487793,2026-07-04 05:15:04.059553,2026-07-04 05:15:18.642767,0 days 00:00:14.583214,0.29225616480240935,16,18,0.0008492558807169183,standard,"{'input_size': 18, 'learning_rate': 0.0008492558807169183, 'scaler_type': 'standard', 'max_steps': 2000, 'early_stop_patience_steps': 10, 'val_check_steps': 25, 'logger': False, 'accelerator': 'mps', 'hidden_size': 16, 'dropout': 0.29225616480240935, 'h': 1}","{'loss': 14.70838737487793, 'train_loss': 0.6431481838226318}",COMPLETE
38,15.118712425231934,2026-07-04 05:15:18.642989,2026-07-04 05:15:27.774407,0 days 00:00:09.131418,0.2909033590755911,16,18,0.002090613005347957,standard,"{'input_size': 18, 'learning_rate': 0.002090613005347957, 'scaler_type': 'standard', 'max_steps': 2000, 'early_stop_patience_steps': 10, 'val_check_steps': 25, 'logger': False, 'accelerator': 'mps', 'hidden_size': 16, 'dropout': 0.2909033590755911, 'h': 1}","{'loss': 15.118712425231934, 'train_loss': 0.5815591216087341}",COMPLETE
39,20.076419830322266,2026-07-04 05:15:27.774623,2026-07-04 05:15:36.289768,0 days 00:00:08.515145,0.0004907019779392119,8,36,0.0028538440576151027,standard,"{'input_size': 36, 'learning_rate': 0.0028538440576151027, 'scaler_type': 'standard', 'max_steps': 2000, 'early_stop_patience_steps': 10, 'val_check_steps': 25, 'logger': False, 'accelerator': 'mps', 'hidden_size': 8, 'dropout': 0.0004907019779392119, 'h': 1}","{'loss': 20.076419830322266, 'train_loss': 0.31897634267807007}",COMPLETE
