number,value,datetime_start,datetime_complete,duration,params_bagging_fraction,params_bagging_freq,params_feature_fraction,params_lags,params_learning_rate,params_min_child_samples,params_n_estimators,params_num_leaves,params_reg_lambda,state
106,0.09310750871457016,2026-07-06 04:35:05.046392,2026-07-06 04:35:07.294150,0 days 00:00:02.247758,0.6577450462887932,5,0.5979843779246886,36,0.006623180850715208,43,173,61,0.879816397062309,COMPLETE
107,0.09201650700590522,2026-07-06 04:35:07.360610,2026-07-06 04:35:09.948915,0 days 00:00:02.588305,0.6298335105108296,5,0.5019290856863672,36,0.005388625091695866,21,101,49,2.1172100828721248,COMPLETE
108,0.09527120780654325,2026-07-06 04:35:10.013480,2026-07-06 04:35:14.177950,0 days 00:00:04.164470,0.6230466781719316,4,0.506889999691677,36,0.005706642843834231,39,351,49,4.187445589627152,COMPLETE
109,0.10677202931042704,2026-07-06 04:35:14.249466,2026-07-06 04:35:23.974553,0 days 00:00:09.725087,0.6519077699375003,5,0.5169420013418552,36,0.003682646542097695,18,468,43,0.5685925463112076,COMPLETE
110,0.09430444112114107,2026-07-06 04:35:24.041063,2026-07-06 04:35:26.644087,0 days 00:00:02.603024,0.5092566916692206,5,0.9902929616835217,12,0.0138335584086044,73,436,24,1.0076283286299041,COMPLETE
111,0.09450907369753214,2026-07-06 04:35:26.710167,2026-07-06 04:35:29.114191,0 days 00:00:02.404024,0.5338704750477987,3,0.5123055738668149,24,0.003126529964063519,86,346,36,1.7327819805570621,COMPLETE
112,0.09340707027708231,2026-07-06 04:35:29.182915,2026-07-06 04:35:31.645162,0 days 00:00:02.462247,0.5697494148580694,4,0.5392049540313735,30,0.008077207915254575,31,142,57,0.1501278648997901,COMPLETE
113,0.09037372030626525,2026-07-06 04:35:31.714325,2026-07-06 04:35:33.558747,0 days 00:00:01.844422,0.5361429643019227,5,0.5829863725647534,24,0.004385727523102377,40,126,49,0.06580156799212303,COMPLETE
114,0.10171059040986458,2026-07-06 04:35:33.628390,2026-07-06 04:35:39.281049,0 days 00:00:05.652659,0.6836892953349009,4,0.5076077872100763,36,0.00505549926634605,10,135,53,0.961153549035844,COMPLETE
115,0.09414128441980202,2026-07-06 04:35:39.352397,2026-07-06 04:35:43.537050,0 days 00:00:04.184653,0.5406380355295992,5,0.5701222647570727,24,0.0035889128091954646,66,696,60,0.002822627537998754,COMPLETE
116,0.09084527155674357,2026-07-06 04:35:43.607396,2026-07-06 04:35:45.535044,0 days 00:00:01.927648,0.5132305325885753,4,0.6234696563637323,30,0.003262467948045662,44,146,48,0.06297228525092548,COMPLETE
117,0.09236296800943122,2026-07-06 04:35:45.603957,2026-07-06 04:35:47.832107,0 days 00:00:02.228150,0.5149774847980318,4,0.5261504402869231,36,0.004037762811670245,55,249,53,0.005272165509496953,COMPLETE
118,0.09209986329602972,2026-07-06 04:35:47.901138,2026-07-06 04:35:51.013933,0 days 00:00:03.112795,0.6440995299686627,5,0.5000157915572977,30,0.0035194029236063277,44,289,53,0.05154001972969643,COMPLETE
119,0.10237324036962377,2026-07-06 04:35:51.080732,2026-07-06 04:35:57.424301,0 days 00:00:06.343569,0.5635812426208858,5,0.6323454775770108,24,0.005121506513287821,32,506,44,0.01985643168258184,COMPLETE
120,0.11038684239354787,2026-07-06 04:35:57.485627,2026-07-06 04:36:05.691624,0 days 00:00:08.205997,0.7344648168990539,2,0.569031921708614,30,0.0048960970660967265,39,591,37,1.3555543576265947,COMPLETE
121,0.09102496175373428,2026-07-06 04:36:05.760064,2026-07-06 04:36:07.781499,0 days 00:00:02.021435,0.6184285033538583,3,0.7221067707455325,30,0.006399901878421162,43,124,40,0.26690708503922744,COMPLETE
122,0.09442913970296021,2026-07-06 04:36:07.857346,2026-07-06 04:36:10.223075,0 days 00:00:02.365729,0.7225690357734382,5,0.5563332790186248,24,0.006090516509347762,71,219,51,0.1788694642247728,COMPLETE
123,0.09132007606255292,2026-07-06 04:36:10.295160,2026-07-06 04:36:12.693085,0 days 00:00:02.397925,0.6567567896743541,5,0.5011637636062037,36,0.0032251170933899403,37,163,56,0.019389000968178194,COMPLETE
124,0.0905288535877487,2026-07-06 04:36:12.764770,2026-07-06 04:36:15.020729,0 days 00:00:02.255959,0.5363804732425711,5,0.6155622073009435,36,0.005271614018361576,43,199,42,0.04124213538588087,COMPLETE
125,0.10222746869722113,2026-07-06 04:36:15.092751,2026-07-06 04:36:20.459633,0 days 00:00:05.366882,0.7098988089560394,5,0.6484673347939262,36,0.003718243347186722,11,133,48,0.009373518544481003,COMPLETE
126,0.10027938172990108,2026-07-06 04:36:20.523248,2026-07-06 04:36:26.131879,0 days 00:00:05.608631,0.7665629517009414,4,0.579841446511099,30,0.003531540721257553,57,646,54,0.009158311650721809,COMPLETE
127,0.09198172558651549,2026-07-06 04:36:26.204545,2026-07-06 04:36:28.782401,0 days 00:00:02.577856,0.694192145538708,3,0.7583541808604007,36,0.005271918290571853,48,176,33,0.39384935764428325,COMPLETE
128,0.09474758284483732,2026-07-06 04:36:28.855587,2026-07-06 04:36:30.658675,0 days 00:00:01.803088,0.6533770603213915,2,0.7938501120271888,36,0.0032691582060177782,70,137,36,0.054632734264408185,COMPLETE
129,0.09276218650521406,2026-07-06 04:36:30.728973,2026-07-06 04:36:32.505058,0 days 00:00:01.776085,0.6196730718077194,4,0.802822047145067,30,0.008335377479941947,58,104,43,0.9233713924989783,COMPLETE
130,0.09736436167340348,2026-07-06 04:36:32.573645,2026-07-06 04:36:35.687581,0 days 00:00:03.113936,0.5743174719631486,4,0.7303030935742099,36,0.007995094202124188,27,183,42,0.10347799923209527,COMPLETE
131,0.09523844153455824,2026-07-06 04:36:35.759264,2026-07-06 04:36:38.883122,0 days 00:00:03.123858,0.7099756804859115,5,0.5288968532744157,36,0.003546554155296086,30,173,56,0.01992387424869813,COMPLETE
132,0.09069563334587288,2026-07-06 04:36:38.957282,2026-07-06 04:36:41.267594,0 days 00:00:02.310312,0.558700639112759,4,0.6338313587205319,24,0.003008934735874451,41,184,59,0.06899244074105454,COMPLETE
133,0.10809594767768674,2026-07-06 04:36:41.340567,2026-07-06 04:36:43.804415,0 days 00:00:02.463848,0.8594656399901793,3,0.6910159330340621,36,0.013904772237747992,62,208,23,2.420951549598905,COMPLETE
134,0.09246769668459864,2026-07-06 04:36:43.874625,2026-07-06 04:36:45.720253,0 days 00:00:01.845628,0.5016960947483664,5,0.5758092481785989,24,0.005931193023015284,52,145,47,0.02632406283753149,COMPLETE
135,0.08997735609899327,2026-07-06 04:36:45.791448,2026-07-06 04:36:47.857853,0 days 00:00:02.066405,0.552572298846793,2,0.7781632663265747,30,0.004497619403957091,47,142,43,0.4435976985369815,COMPLETE
136,0.09382557920785439,2026-07-06 04:36:47.928273,2026-07-06 04:36:50.348797,0 days 00:00:02.420524,0.7024607234680689,2,0.829463349521135,30,0.007079252504652731,47,167,63,2.0199563042186353,COMPLETE
137,0.0980725768490682,2026-07-06 04:36:50.415629,2026-07-06 04:36:52.740951,0 days 00:00:02.325322,0.5391036721635923,5,0.5536491017583648,36,0.009818842565304997,51,224,40,0.12441624676628786,COMPLETE
138,0.09178626580837265,2026-07-06 04:36:52.809928,2026-07-06 04:36:57.067880,0 days 00:00:04.257952,0.597073253943415,3,0.858814831069457,30,0.003614803618559424,41,413,19,0.14534468830821148,COMPLETE
139,0.10095029758004513,2026-07-06 04:36:57.141090,2026-07-06 04:37:00.248126,0 days 00:00:03.107036,0.5654860174070135,4,0.8351186225619042,30,0.009135224543674266,44,326,20,0.13821246139685492,COMPLETE
140,0.1027959320708511,2026-07-06 04:37:00.317735,2026-07-06 04:37:05.756507,0 days 00:00:05.438772,0.6529026907968046,2,0.8020988782725089,36,0.00626065729084844,40,457,42,3.2895668354550485,COMPLETE
141,0.10168040809302567,2026-07-06 04:37:05.826653,2026-07-06 04:37:11.818681,0 days 00:00:05.992028,0.7473914304174173,2,0.870206381468404,24,0.004493115069881146,49,517,25,0.732711499624323,COMPLETE
142,0.09320179742392712,2026-07-06 04:37:11.889576,2026-07-06 04:37:15.862026,0 days 00:00:03.972450,0.6236170314487485,1,0.7014038251248094,36,0.0037863413284453798,34,263,45,0.11122581346744859,COMPLETE
143,0.0922223605896336,2026-07-06 04:37:15.927074,2026-07-06 04:37:17.614579,0 days 00:00:01.687505,0.5175125074198471,2,0.8216606291750967,36,0.0038823531499556996,50,112,31,0.9128019205090088,COMPLETE
144,0.09188915713881018,2026-07-06 04:37:17.681625,2026-07-06 04:37:20.291535,0 days 00:00:02.609910,0.6550498186513157,3,0.6858496949954106,24,0.0030221295077585923,46,222,57,0.021275675592816356,COMPLETE
145,0.12817954303701515,2026-07-06 04:37:20.360366,2026-07-06 04:37:31.691542,0 days 00:00:11.331176,0.7756060745401672,3,0.7210499020765606,24,0.004349006935432075,18,415,50,0.1678915385371907,COMPLETE
146,0.09055489360530508,2026-07-06 04:37:31.760362,2026-07-06 04:37:33.495544,0 days 00:00:01.735182,0.5529551475616603,3,0.7083970067259023,30,0.003866078860283677,46,113,51,0.02573804032355303,COMPLETE
147,0.08894631854046936,2026-07-06 04:37:33.562571,2026-07-06 04:37:36.508448,0 days 00:00:02.945877,0.5113327199972049,3,0.910609454537704,24,0.004685279208124206,39,273,36,0.0024876552704226978,COMPLETE
148,0.09576548703799254,2026-07-06 04:37:36.585453,2026-07-06 04:37:38.679520,0 days 00:00:02.094067,0.5730323190515084,4,0.8647967276683173,24,0.008319716915570987,34,114,42,0.0039008187820648572,COMPLETE
149,0.09048722759424263,2026-07-06 04:37:38.748295,2026-07-06 04:37:41.714698,0 days 00:00:02.966403,0.6110811198092585,3,0.9636894510756455,18,0.003896886531465604,47,288,32,0.0043599449584077864,COMPLETE
