number,value,datetime_start,datetime_complete,duration,params_colsample_bytree,params_lags,params_learning_rate,params_max_depth,params_min_child_weight,params_n_estimators,params_reg_lambda,params_subsample,state
108,0.3435270109224981,2026-07-06 05:55:48.678073,2026-07-06 05:55:50.312973,0 days 00:00:01.634900,0.5169594510824891,12,0.0054302183228171754,7,17,413,1.5362193448634769,0.5892138460143224,COMPLETE
109,0.34611133573438213,2026-07-06 05:55:50.367872,2026-07-06 05:55:52.484423,0 days 00:00:02.116551,0.5327188579210655,18,0.0030899103472536173,4,18,732,0.05468687542728041,0.5883472294639307,COMPLETE
110,0.3396181908831981,2026-07-06 05:55:52.543466,2026-07-06 05:55:54.570677,0 days 00:00:02.027211,0.581438191163944,12,0.005550222903592074,4,20,714,0.17792609714182048,0.5107959345925829,COMPLETE
111,0.3410407213711768,2026-07-06 05:55:54.624714,2026-07-06 05:55:56.386650,0 days 00:00:01.761936,0.6325877942288827,12,0.004690476779372805,3,20,554,0.11958314555278675,0.621179183665742,COMPLETE
112,0.34180153770015304,2026-07-06 05:55:56.444541,2026-07-06 05:55:58.632177,0 days 00:00:02.187636,0.6639528654270925,12,0.011940656910317881,4,17,699,0.06785401407282071,0.5200268136071724,COMPLETE
113,0.3460688804106685,2026-07-06 05:55:58.687090,2026-07-06 05:56:01.701184,0 days 00:00:03.014094,0.7172305444680519,12,0.004919470938765072,5,15,676,0.007214493498316732,0.6803953389365691,COMPLETE
114,0.3445310430156064,2026-07-06 05:56:01.759323,2026-07-06 05:56:04.009559,0 days 00:00:02.250236,0.6925782013413335,12,0.0110230956148666,3,16,621,0.002578124521272634,0.5435501100772449,COMPLETE
115,0.34085320083716614,2026-07-06 05:56:04.069906,2026-07-06 05:56:06.597396,0 days 00:00:02.527490,0.5698478799807858,12,0.005428699780324764,5,20,922,0.23485198842627303,0.5140641272328801,COMPLETE
116,0.339654201528084,2026-07-06 05:56:06.654737,2026-07-06 05:56:09.000995,0 days 00:00:02.346258,0.6297277151644575,12,0.007004628247954909,3,20,828,0.05225549815139152,0.529055378700139,COMPLETE
117,0.3422306656383143,2026-07-06 05:56:09.059060,2026-07-06 05:56:10.329219,0 days 00:00:01.270159,0.7933353775985038,12,0.0036753875813036524,3,16,337,0.09858779228196869,0.5150296450134793,COMPLETE
118,0.34067404852976824,2026-07-06 05:56:10.384825,2026-07-06 05:56:13.166593,0 days 00:00:02.781768,0.6975765260817532,12,0.008937546252028267,3,20,1005,0.06675560899293397,0.5126285336324239,COMPLETE
119,0.34249268893452145,2026-07-06 05:56:13.222767,2026-07-06 05:56:15.003440,0 days 00:00:01.780673,0.7013752749890332,12,0.04402400519928994,6,20,625,0.32785535899633095,0.5249944997168903,COMPLETE
120,0.34756022705856204,2026-07-06 05:56:15.061619,2026-07-06 05:56:17.363550,0 days 00:00:02.301931,0.5743118795934419,18,0.005426451544016081,3,18,764,0.1577186512924736,0.5385226500309963,COMPLETE
121,0.3431223926447605,2026-07-06 05:56:17.418583,2026-07-06 05:56:18.345000,0 days 00:00:00.926417,0.8164538942489767,12,0.04217558096837371,6,19,245,6.501156332849556,0.5597529570566985,COMPLETE
122,0.3479366948576882,2026-07-06 05:56:18.399676,2026-07-06 05:56:20.856844,0 days 00:00:02.457168,0.6167762106157066,18,0.004852299835870751,6,19,821,8.474154540323976,0.5160611737480528,COMPLETE
123,0.3392216198597876,2026-07-06 05:56:20.914415,2026-07-06 05:56:23.373135,0 days 00:00:02.458720,0.6407265550858003,12,0.010441391488634906,6,19,832,3.777746478335767,0.503527805140212,COMPLETE
124,0.33967074182458035,2026-07-06 05:56:23.435815,2026-07-06 05:56:25.571686,0 days 00:00:02.135871,0.6462063294134812,12,0.011508004238050129,3,19,682,0.5546049486728029,0.5081450503932368,COMPLETE
125,0.3435761219035276,2026-07-06 05:56:25.631649,2026-07-06 05:56:28.579927,0 days 00:00:02.948278,0.5891884710144867,12,0.010359143413193599,6,17,892,4.413221223119526,0.5255713473982512,COMPLETE
126,0.3466745980585614,2026-07-06 05:56:28.644574,2026-07-06 05:56:29.395890,0 days 00:00:00.751316,0.7469531527984509,18,0.022293021879719915,3,19,173,0.5298615365024508,0.5713596482235955,COMPLETE
127,0.3405258097883621,2026-07-06 05:56:29.455403,2026-07-06 05:56:31.502858,0 days 00:00:02.047455,0.5539928942746264,12,0.010375851064888622,4,20,652,0.13733388238680175,0.5283574150163396,COMPLETE
128,0.3482276435633919,2026-07-06 05:56:31.567278,2026-07-06 05:56:33.363751,0 days 00:00:01.796473,0.6987367946920205,18,0.010883129596799629,4,18,541,1.558410539926679,0.5534452379783189,COMPLETE
129,0.4330520396691804,2026-07-06 05:56:33.423914,2026-07-06 05:56:47.919986,0 days 00:00:14.496072,0.8954829518296336,36,0.01034025203883465,6,2,1213,0.01478541049917708,0.9423186746457891,COMPLETE
130,0.3598553248979735,2026-07-06 05:56:47.983907,2026-07-06 05:56:48.767216,0 days 00:00:00.783309,0.5351993048299956,36,0.03167948162392807,5,13,182,1.884817427421533,0.5629527080670473,COMPLETE
131,0.3398226593221776,2026-07-06 05:56:48.831308,2026-07-06 05:56:52.812651,0 days 00:00:03.981343,0.5837787555875371,12,0.003036302109947824,6,20,1373,4.073694841580751,0.505564840411383,COMPLETE
132,0.33928153700371544,2026-07-06 05:56:52.878378,2026-07-06 05:56:55.276925,0 days 00:00:02.398547,0.6126874723947566,12,0.005243521104143044,3,20,790,0.008102483543795122,0.5027421509906256,COMPLETE
133,0.5467345425158904,2026-07-06 05:56:55.341437,2026-07-06 05:57:00.178338,0 days 00:00:04.836901,0.9566167370361927,36,0.054210766922902574,3,4,694,0.07491063510489195,0.5876565804532874,COMPLETE
134,0.3596950093989644,2026-07-06 05:57:00.242583,2026-07-06 05:57:01.338329,0 days 00:00:01.095746,0.954879887063476,36,0.011939392001830211,3,17,298,5.191620358862414,0.8276368799680531,COMPLETE
135,0.34531494763532417,2026-07-06 05:57:01.402530,2026-07-06 05:57:02.702016,0 days 00:00:01.299486,0.7287460370099073,12,0.05591374202545042,8,18,378,0.5293202719026168,0.509716501176604,COMPLETE
136,0.3455759078639925,2026-07-06 05:57:02.763298,2026-07-06 05:57:03.979959,0 days 00:00:01.216661,0.5798480202166998,18,0.023274644942623803,6,19,344,7.901893366815312,0.5684461588715026,COMPLETE
137,0.3495438464207465,2026-07-06 05:57:04.044038,2026-07-06 05:57:08.205816,0 days 00:00:04.161778,0.567452241841077,18,0.004559019314766961,8,19,1449,7.6129529717037085,0.5009856380228579,COMPLETE
138,0.35374743694912075,2026-07-06 05:57:08.269194,2026-07-06 05:57:10.293404,0 days 00:00:02.024210,0.6788413316310544,18,0.01373371702586836,3,13,397,0.05164415797407478,0.6432375431438436,COMPLETE
139,0.3494561972617969,2026-07-06 05:57:10.354216,2026-07-06 05:57:13.583872,0 days 00:00:03.229656,0.5908671219526502,18,0.0066667273649435805,3,20,1111,0.013633633597329475,0.5126994801606035,COMPLETE
140,0.34465060841255796,2026-07-06 05:57:13.640436,2026-07-06 05:57:19.016161,0 days 00:00:05.375725,0.5585795608815863,12,0.006585700146682908,6,15,1489,1.4197440488160726,0.5097247164831843,COMPLETE
141,0.34014530128592213,2026-07-06 05:57:19.077902,2026-07-06 05:57:20.623624,0 days 00:00:01.545722,0.657457209032316,12,0.004770412255863305,3,20,477,0.016478385525933635,0.5196237068522371,COMPLETE
142,0.33978424307201704,2026-07-06 05:57:20.680276,2026-07-06 05:57:24.984467,0 days 00:00:04.304191,0.6116505164821283,12,0.003208474544094751,6,19,1494,8.926267472729098,0.5311337297846798,COMPLETE
143,0.3409271170508674,2026-07-06 05:57:25.046114,2026-07-06 05:57:28.387150,0 days 00:00:03.341036,0.5824116053754903,12,0.003911177209518542,6,19,1077,3.6661825922547617,0.5704784831147083,COMPLETE
144,0.34869411669188216,2026-07-06 05:57:28.448244,2026-07-06 05:57:32.609287,0 days 00:00:04.161043,0.6025212707275434,18,0.004637024258899503,6,17,1331,8.423973110910575,0.5835039738311535,COMPLETE
145,0.3382526385638406,2026-07-06 05:57:32.668787,2026-07-06 05:57:34.339579,0 days 00:00:01.670792,0.6440106665477335,12,0.012836004470726324,3,20,526,0.9588712439481473,0.5678825694027839,COMPLETE
146,0.34058140778876755,2026-07-06 05:57:34.398522,2026-07-06 05:57:36.433966,0 days 00:00:02.035444,0.6985721660059789,12,0.0065907759553770675,3,19,614,1.8620699085952086,0.5695578131601505,COMPLETE
147,0.3424464336947277,2026-07-06 05:57:36.492610,2026-07-06 05:57:41.190573,0 days 00:00:04.697963,0.5784870411135955,12,0.0034969430528051446,6,20,1448,2.570811011891242,0.6524486725631563,COMPLETE
148,0.34585191408234345,2026-07-06 05:57:41.252029,2026-07-06 05:57:43.626701,0 days 00:00:02.374672,0.5449517246640896,12,0.01226984061344898,4,20,606,0.7681047409314629,0.7073986644999981,COMPLETE
149,0.3480814827623401,2026-07-06 05:57:43.685333,2026-07-06 05:57:45.542191,0 days 00:00:01.856858,0.5484451761653272,18,0.0039403248765259415,3,20,596,0.001371870187520462,0.5068289872399587,COMPLETE
