number,value,datetime_start,datetime_complete,duration,params_colsample_bytree,params_lags,params_learning_rate,params_max_depth,params_min_child_weight,params_n_estimators,params_reg_lambda,params_subsample,state
108,0.15365139211001605,2026-07-04 07:26:36.132115,2026-07-04 07:26:42.164852,0 days 00:00:06.032737,0.9003944113215046,36,0.003131345957235569,3,20,952,0.001705476318318683,0.674841414484544,COMPLETE
109,0.14162835029984108,2026-07-04 07:26:42.236439,2026-07-04 07:26:45.325314,0 days 00:00:03.088875,0.9994791261341467,12,0.01566916768060808,5,14,300,0.0016729660339695226,0.5018644859581677,COMPLETE
110,0.1433589899387792,2026-07-04 07:26:45.393968,2026-07-04 07:26:55.851053,0 days 00:00:10.457085,0.9975759608191075,12,0.007409974018700377,4,15,1321,0.01868119935878822,0.5039001822328811,COMPLETE
111,0.13984166837633732,2026-07-04 07:26:55.931802,2026-07-04 07:26:58.501259,0 days 00:00:02.569457,0.6472633597501304,12,0.006916166408154177,6,16,239,0.018403166819500088,0.5682764060286889,COMPLETE
112,0.14252122237995823,2026-07-04 07:26:58.582276,2026-07-04 07:27:01.448112,0 days 00:00:02.865836,0.586289071481515,12,0.012451839855540811,8,13,204,0.0023120601742352156,0.6539540607593468,COMPLETE
113,0.15435816991814347,2026-07-04 07:27:01.527392,2026-07-04 07:27:30.584862,0 days 00:00:29.057470,0.5609707622359503,30,0.015133646709561195,6,1,1426,0.01721206769819941,0.9026036363523118,COMPLETE
114,0.14637103120825756,2026-07-04 07:27:30.651882,2026-07-04 07:27:36.800497,0 days 00:00:06.148615,0.9299743866430588,12,0.011757501328751837,7,14,638,0.002363877507096857,0.5197168139081781,COMPLETE
115,0.15020175587326834,2026-07-04 07:27:36.868210,2026-07-04 07:27:41.509445,0 days 00:00:04.641235,0.5986264600649269,12,0.023497610479634955,5,16,439,0.028924061038649484,0.6247570903006614,COMPLETE
116,0.14045254802722823,2026-07-04 07:27:41.577560,2026-07-04 07:27:43.753521,0 days 00:00:02.175961,0.5426830887045263,12,0.010745527369548223,6,17,208,0.046651807082855754,0.582252911576474,COMPLETE
117,0.1408320791131395,2026-07-04 07:27:43.819261,2026-07-04 07:27:45.424582,0 days 00:00:01.605321,0.7302481753707357,12,0.008554257208330208,6,15,111,0.010314682207005578,0.5766642474847004,COMPLETE
118,0.15102340340876552,2026-07-04 07:27:45.492793,2026-07-04 07:27:49.037831,0 days 00:00:03.545038,0.5958601611953844,18,0.008058194879558856,5,10,292,0.0019992530244962504,0.5227302162072046,COMPLETE
119,0.17827975720559516,2026-07-04 07:27:49.105515,2026-07-04 07:27:57.644118,0 days 00:00:08.538603,0.7856197602443185,24,0.05009173249114184,5,5,390,7.2980491584376255,0.9068342996255369,COMPLETE
120,0.14033436216922981,2026-07-04 07:27:57.706429,2026-07-04 07:28:01.910590,0 days 00:00:04.204161,0.9086197794422357,12,0.003822917020954806,5,16,411,0.07583986240353487,0.6439626982872856,COMPLETE
121,0.14483722384011252,2026-07-04 07:28:01.971281,2026-07-04 07:28:09.107862,0 days 00:00:07.136581,0.9861313857957967,12,0.005714697185888823,5,13,749,0.0011401556274486264,0.5582813889769812,COMPLETE
122,0.18002557768365296,2026-07-04 07:28:09.173866,2026-07-04 07:28:36.270331,0 days 00:00:27.096465,0.8313694056106786,24,0.01383174484670293,6,4,1423,2.14347097041711,0.6394350710442855,COMPLETE
123,0.14103232634397248,2026-07-04 07:28:36.329492,2026-07-04 07:28:41.848104,0 days 00:00:05.518612,0.8574637008696345,12,0.004305166666870659,5,15,632,0.0012579019737447264,0.5807286214065368,COMPLETE
124,0.13959792756140416,2026-07-04 07:28:41.904372,2026-07-04 07:28:46.822075,0 days 00:00:04.917703,0.9622437733117402,12,0.0030384627752866704,6,14,543,0.030976677082815023,0.5188177965051892,COMPLETE
125,0.13994689851875466,2026-07-04 07:28:46.885854,2026-07-04 07:28:53.393279,0 days 00:00:06.507425,0.9358545633338947,12,0.00492793262121899,4,17,872,0.028412965062154655,0.5585550996421244,COMPLETE
126,0.1511924093239266,2026-07-04 07:28:53.454069,2026-07-04 07:29:01.504177,0 days 00:00:08.050108,0.6672365137420044,12,0.01264371384054996,6,16,835,0.05281117435614511,0.6347969493371486,COMPLETE
127,0.1421384011479958,2026-07-04 07:29:01.568977,2026-07-04 07:29:06.143550,0 days 00:00:04.574573,0.8527121799133364,12,0.004309251553997442,4,18,668,0.034134938349665876,0.511281243825392,COMPLETE
128,0.15196636781696746,2026-07-04 07:29:06.209125,2026-07-04 07:29:10.781875,0 days 00:00:04.572750,0.9529670034060721,18,0.0037723502653021447,7,17,650,0.0042474498131119635,0.5275438273107633,COMPLETE
129,0.15201251452319925,2026-07-04 07:29:10.855622,2026-07-04 07:29:16.672007,0 days 00:00:05.816385,0.9513060980580936,18,0.003334298878453488,4,20,890,0.03791513101417536,0.583102812912261,COMPLETE
130,0.14089719763694333,2026-07-04 07:29:16.738271,2026-07-04 07:29:25.436521,0 days 00:00:08.698250,0.8761700944808798,12,0.008807704435489476,4,17,1142,2.2481643023403977,0.5554125800724595,COMPLETE
131,0.14232133645558745,2026-07-04 07:29:25.502544,2026-07-04 07:29:32.192650,0 days 00:00:06.690106,0.6113093938842258,12,0.003059836465115227,7,19,1037,0.13030729816947378,0.5092057466501094,COMPLETE
132,0.17618201373676984,2026-07-04 07:29:32.260662,2026-07-04 07:29:44.617041,0 days 00:00:12.356379,0.9887698355368886,24,0.01152543570694876,5,15,1232,0.24869687456501718,0.9614240672045189,COMPLETE
133,0.1421824203986079,2026-07-04 07:29:44.677759,2026-07-04 07:29:50.513314,0 days 00:00:05.835555,0.9300279359066433,12,0.01094388737299804,4,20,955,0.01588747177338248,0.5049037996754454,COMPLETE
134,0.14051483942023696,2026-07-04 07:29:50.578238,2026-07-04 07:29:55.534692,0 days 00:00:04.956454,0.9988427784290356,12,0.005024713135096858,6,12,492,0.04866474133284493,0.5136669542981033,COMPLETE
135,0.22521739691670806,2026-07-04 07:29:55.601289,2026-07-04 07:30:02.736751,0 days 00:00:07.135462,0.6106841281293025,18,0.08102927807344183,6,14,1023,0.14245167465063596,0.860640288584079,PRUNED
136,0.1435282740428323,2026-07-04 07:30:02.793007,2026-07-04 07:30:11.552111,0 days 00:00:08.759104,0.9196162110802177,12,0.0036919212722745505,4,14,921,0.12113622333168159,0.6833212435598859,COMPLETE
137,0.13937709362350925,2026-07-04 07:30:11.611310,2026-07-04 07:30:15.378069,0 days 00:00:03.766759,0.8625105922003223,12,0.004958294805509816,7,15,446,0.0038831630506357354,0.5237009169609357,COMPLETE
138,0.14801964920016705,2026-07-04 07:30:15.446761,2026-07-04 07:30:18.117397,0 days 00:00:02.670636,0.6339005931652756,24,0.0036930413764210152,6,18,382,0.029531244777174736,0.6228828250531393,COMPLETE
139,0.19277984097200007,2026-07-04 07:30:18.184142,2026-07-04 07:30:21.570361,0 days 00:00:03.386219,0.5564014959562016,24,0.04446014051172813,4,13,451,0.009758502789977475,0.8763680855955361,PRUNED
140,0.14034744690600698,2026-07-04 07:30:21.642887,2026-07-04 07:30:27.069604,0 days 00:00:05.426717,0.6394459350199309,12,0.004225974319630753,6,12,461,0.016807860297234398,0.5754501972953409,COMPLETE
141,0.14337276742722727,2026-07-04 07:30:27.148450,2026-07-04 07:30:34.318039,0 days 00:00:07.169589,0.77249147970668,12,0.0076243800931196995,7,14,732,0.07279620303746838,0.5141413798866399,COMPLETE
142,0.14034788792053626,2026-07-04 07:30:34.395240,2026-07-04 07:30:38.312296,0 days 00:00:03.917056,0.8660777913247037,12,0.006520642650869311,7,17,442,0.0077940830301109765,0.5426804893867281,COMPLETE
143,0.1501980828413429,2026-07-04 07:30:38.389287,2026-07-04 07:30:40.771491,0 days 00:00:02.382204,0.8689602892493464,18,0.008435068161054852,8,6,115,0.01221968387187944,0.5008312749450105,COMPLETE
144,0.14285493075288033,2026-07-04 07:30:40.850846,2026-07-04 07:30:48.330617,0 days 00:00:07.479771,0.8520305825486035,12,0.00473083385887033,7,11,631,0.00380795234245213,0.5667933679923991,COMPLETE
145,0.1393528878975098,2026-07-04 07:30:48.399830,2026-07-04 07:30:52.454657,0 days 00:00:04.054827,0.981340644370753,12,0.0033321920170162143,7,13,353,0.007279830444283126,0.5111670830130179,COMPLETE
146,0.13997479184534375,2026-07-04 07:30:52.530718,2026-07-04 07:30:57.437624,0 days 00:00:04.906906,0.8123370021962849,12,0.003091591010125224,7,15,528,0.0352227190938181,0.5213108770077157,COMPLETE
147,0.14066757395453178,2026-07-04 07:30:57.510184,2026-07-04 07:31:00.028390,0 days 00:00:02.518206,0.9845932404365875,12,0.004593264348190761,7,16,245,0.008513071643647398,0.5239023010373048,COMPLETE
148,0.14107900222294745,2026-07-04 07:31:00.105240,2026-07-04 07:31:06.237975,0 days 00:00:06.132735,0.6967066049738757,12,0.004292871196959973,8,18,608,0.03152047221745831,0.6710205316434231,COMPLETE
149,0.14977448467055102,2026-07-04 07:31:06.311656,2026-07-04 07:31:11.276983,0 days 00:00:04.965327,0.977415296394164,18,0.0032497421043384384,6,14,525,0.014361785619446505,0.5170103036839147,COMPLETE
