number,value,datetime_start,datetime_complete,duration,params_colsample_bytree,params_lags,params_learning_rate,params_max_depth,params_min_child_weight,params_n_estimators,params_reg_lambda,params_subsample,state
0,0.35225157142715235,2026-07-06 05:50:57.392333,2026-07-06 05:50:58.711683,0 days 00:00:01.319350,0.9330880728874675,18,0.024479668704186594,8,15,318,0.004207988669606638,0.5290418060840998,COMPLETE
1,0.5038943089862906,2026-07-06 05:50:58.780004,2026-07-06 05:51:04.312878,0 days 00:00:05.532874,0.5917022549267169,30,0.08998629135538934,7,1,397,2.136832907235876,0.5909124836035503,COMPLETE
2,0.35272456009113495,2026-07-06 05:51:04.383694,2026-07-06 05:51:06.409293,0 days 00:00:02.025599,0.6831809216468459,18,0.008329672420698889,6,9,295,0.280163515871626,0.6460723242676091,COMPLETE
3,0.44832457597891695,2026-07-06 05:51:06.476795,2026-07-06 05:51:08.585981,0 days 00:00:02.109186,0.5852620618436457,24,0.018206981506056836,7,4,165,0.23423849847112918,0.8037724259507192,COMPLETE
4,0.3467322001155244,2026-07-06 05:51:08.655973,2026-07-06 05:51:10.004514,0 days 00:00:01.348541,0.7200762468698007,12,0.05107547260808595,8,20,236,0.01653693718282442,0.8421165132560784,COMPLETE
5,0.49195949867148786,2026-07-06 05:51:10.072198,2026-07-06 05:51:19.258262,0 days 00:00:09.186064,0.7600340105889054,12,0.07276222446157964,5,1,1028,0.010842262717330166,0.6558555380447055,COMPLETE
6,0.3546295012269334,2026-07-06 05:51:19.322349,2026-07-06 05:51:23.458659,0 days 00:00:04.136310,0.9609371175115584,24,0.045452163074850664,4,20,1353,5.727904470799624,0.7989499894055425,COMPLETE
7,0.4686395754122531,2026-07-06 05:51:23.524174,2026-07-06 05:51:27.861255,0 days 00:00:04.337081,0.6783766633467947,12,0.00938771509030509,4,1,480,0.03586816498627549,0.9143687545759647,COMPLETE
8,0.6105349128984158,2026-07-06 05:51:27.925658,2026-07-06 05:51:44.814868,0 days 00:00:16.889210,0.5993578407670862,18,0.049976977367508044,6,3,1482,0.0019870215385428634,0.8861223846483287,COMPLETE
9,0.34717101263292743,2026-07-06 05:51:44.882074,2026-07-06 05:51:46.035963,0 days 00:00:01.153889,0.5579345297625649,12,0.038664355572107796,7,15,203,1.2164139351417067,0.6792328642721364,COMPLETE
10,0.35094711862395433,2026-07-06 05:51:46.099924,2026-07-06 05:51:47.851511,0 days 00:00:01.751587,0.6609808447623657,24,0.059994204388550826,8,16,332,0.0021875014263528086,0.8824622188682433,COMPLETE
11,0.35681965052433223,2026-07-06 05:51:47.918467,2026-07-06 05:51:49.201415,0 days 00:00:01.282948,0.6231906540907683,18,0.04310492514413128,7,18,274,2.4414003213456157,0.6887056546174718,COMPLETE
12,0.3443708246879901,2026-07-06 05:51:49.267151,2026-07-06 05:51:50.477764,0 days 00:00:01.210613,0.9365224020178178,12,0.0341629473346918,7,20,213,0.011659245369678746,0.8526395275882013,COMPLETE
13,0.34804569906678895,2026-07-06 05:51:50.544127,2026-07-06 05:51:52.852386,0 days 00:00:02.308259,0.8931272849208922,18,0.014467786384831425,8,19,456,0.0106497084044703,0.8795522792286541,COMPLETE
14,0.34811551835568566,2026-07-06 05:51:52.919624,2026-07-06 05:51:55.208315,0 days 00:00:02.288691,0.6521240314631139,12,0.06022626620279602,5,19,458,0.010522611783279455,0.9727488509094393,COMPLETE
15,0.35062599493599855,2026-07-06 05:51:55.274713,2026-07-06 05:51:57.205894,0 days 00:00:01.931181,0.9711675680686266,12,0.05819585951606126,7,19,367,0.100454673598136,0.8391852570923923,COMPLETE
16,0.3481987408096583,2026-07-06 05:51:57.275088,2026-07-06 05:51:58.484790,0 days 00:00:01.209702,0.6105443430120345,12,0.023302103785302723,7,12,156,0.0015848843243335255,0.8117603078671832,COMPLETE
17,0.3509014496455679,2026-07-06 05:51:58.548795,2026-07-06 05:52:01.965991,0 days 00:00:03.417196,0.754877173020118,12,0.08007448129333015,8,19,729,0.0018698750045656352,0.7442511220353594,COMPLETE
18,0.34938646068354184,2026-07-06 05:52:02.032975,2026-07-06 05:52:03.497106,0 days 00:00:01.464131,0.5868269746979223,12,0.05278060869571732,8,20,273,0.10224929398275974,0.8511256762653829,COMPLETE
19,0.35418749102649844,2026-07-06 05:52:03.564239,2026-07-06 05:52:04.713771,0 days 00:00:01.149532,0.8721920210767943,24,0.011327081106038741,5,17,254,0.023816529693031854,0.7101129702354492,COMPLETE
20,0.35356426386099676,2026-07-06 05:52:04.781911,2026-07-06 05:52:06.507754,0 days 00:00:01.725843,0.9851588568628082,24,0.06322285707189332,6,16,322,0.0015027953119241815,0.9449280985291343,COMPLETE
21,0.3501263066623348,2026-07-06 05:52:06.571763,2026-07-06 05:52:07.314460,0 days 00:00:00.742697,0.7317766571055853,12,0.0658040791895679,8,20,107,0.006126265327090745,0.9465708828685916,COMPLETE
22,0.3529910652717013,2026-07-06 05:52:07.380564,2026-07-06 05:52:09.672941,0 days 00:00:02.292377,0.6375822122847685,12,0.03672015502632809,4,12,429,0.6867539167279837,0.601869608800454,COMPLETE
23,0.34762792358920697,2026-07-06 05:52:09.740122,2026-07-06 05:52:11.199651,0 days 00:00:01.459529,0.85872839241152,12,0.033660070194878156,7,20,267,0.001764559291307497,0.8465325598459152,COMPLETE
24,0.3498413669857358,2026-07-06 05:52:11.264659,2026-07-06 05:52:13.894524,0 days 00:00:02.629865,0.5154593714554043,12,0.0516369118056916,8,14,533,0.20886993268286294,0.6176759945468826,COMPLETE
25,0.3610306348667459,2026-07-06 05:52:13.962586,2026-07-06 05:52:17.899371,0 days 00:00:03.936785,0.5021136823232766,12,0.05642534945518681,6,12,626,1.1867268587941715,0.827641589798845,COMPLETE
26,0.3434273745059961,2026-07-06 05:52:17.966284,2026-07-06 05:52:19.065480,0 days 00:00:01.099196,0.7446278976976464,12,0.03174135019433767,7,20,193,0.03379194767139371,0.7431646034922057,COMPLETE
27,0.34696382651182,2026-07-06 05:52:19.129345,2026-07-06 05:52:21.809836,0 days 00:00:02.680491,0.6879110556098942,12,0.016505228983497447,7,16,552,0.06019445431999282,0.6491593827479799,COMPLETE
28,0.34389151719391997,2026-07-06 05:52:21.876665,2026-07-06 05:52:22.932126,0 days 00:00:01.055461,0.8016773992671677,12,0.03510309052410517,8,20,196,0.022484495124523194,0.7094285890274793,COMPLETE
29,0.3488128345793584,2026-07-06 05:52:22.999404,2026-07-06 05:52:24.669318,0 days 00:00:01.669914,0.8812673313482817,12,0.03036012690872094,5,19,414,0.017759694006704137,0.6306630625272004,COMPLETE
30,0.34571238139242355,2026-07-06 05:52:24.734138,2026-07-06 05:52:25.857900,0 days 00:00:01.123762,0.7584443853973425,12,0.05718429935378182,6,17,172,0.09011201778972538,0.7203427047738148,COMPLETE
31,0.34261969583240437,2026-07-06 05:52:25.927385,2026-07-06 05:52:26.554633,0 days 00:00:00.627248,0.6765965083073909,12,0.023140751024060775,8,20,104,0.029445071857605004,0.6392386271777738,COMPLETE
32,0.34560851770027146,2026-07-06 05:52:26.621727,2026-07-06 05:52:27.899769,0 days 00:00:01.278042,0.658369487350271,12,0.017626092526653703,7,19,234,0.018136623148922563,0.7394322859230371,COMPLETE
33,0.3474473900797328,2026-07-06 05:52:27.966064,2026-07-06 05:52:28.895527,0 days 00:00:00.929463,0.8218777838798612,18,0.035316786547401044,8,18,217,0.07684367669365069,0.6125512222508378,COMPLETE
34,0.3441420108186095,2026-07-06 05:52:28.961388,2026-07-06 05:52:30.057348,0 days 00:00:01.095960,0.8221037084439697,12,0.020186553419310423,7,18,183,0.03506587719076903,0.7211886253462797,COMPLETE
35,0.3438416901739596,2026-07-06 05:52:30.123463,2026-07-06 05:52:30.805233,0 days 00:00:00.681770,0.7256704224303246,12,0.023566107936075567,8,19,110,0.042580524123506575,0.6497848829344008,COMPLETE
36,0.34585458939895647,2026-07-06 05:52:30.868066,2026-07-06 05:52:32.207308,0 days 00:00:01.339242,0.602703753652863,12,0.029462454619566973,8,19,336,0.018654497373942917,0.6164890404654646,COMPLETE
37,0.3425457305056743,2026-07-06 05:52:32.275680,2026-07-06 05:52:32.923033,0 days 00:00:00.647353,0.6831629863738754,12,0.012541346884771211,8,17,105,0.5513499441582472,0.5485036611979307,COMPLETE
38,0.3423008140169134,2026-07-06 05:52:32.989794,2026-07-06 05:52:33.989267,0 days 00:00:00.999473,0.6539078477027177,12,0.010645567392530003,8,20,211,0.39203176347932744,0.6656611099229507,COMPLETE
39,0.341265512332506,2026-07-06 05:52:34.057393,2026-07-06 05:52:35.431112,0 days 00:00:01.373719,0.7377318640038609,12,0.008738634961876646,8,20,397,1.2726641123467721,0.5885544383833525,COMPLETE
40,0.34583723718528275,2026-07-06 05:52:35.498778,2026-07-06 05:52:36.271866,0 days 00:00:00.773088,0.7339986575951747,18,0.003276232782364418,7,18,175,1.9808455263543896,0.5476978181904107,COMPLETE
41,0.34194829275369876,2026-07-06 05:52:36.339554,2026-07-06 05:52:38.182867,0 days 00:00:01.843313,0.8756979040903257,12,0.012971078593867865,7,18,505,2.8322551999243633,0.5612138369841129,COMPLETE
42,0.34615625082567814,2026-07-06 05:52:38.247860,2026-07-06 05:52:40.528044,0 days 00:00:02.280184,0.5335311949022972,12,0.007113194197220111,8,19,465,0.60180990361187,0.7888873218870563,COMPLETE
43,0.34081821408279633,2026-07-06 05:52:40.595912,2026-07-06 05:52:42.554246,0 days 00:00:01.958334,0.9471435135126819,12,0.00695272095783305,7,18,546,8.712330289077263,0.5631926901812474,COMPLETE
44,0.34278385302898307,2026-07-06 05:52:42.621036,2026-07-06 05:52:45.386553,0 days 00:00:02.765517,0.9471256642435413,12,0.004705612996748099,7,16,590,4.524254856275248,0.6198279211208332,COMPLETE
45,0.34283004689900287,2026-07-06 05:52:45.452298,2026-07-06 05:52:46.410737,0 days 00:00:00.958439,0.9267159315846175,12,0.01291648207094885,8,20,239,1.3411467594479243,0.5463755374931927,COMPLETE
46,0.34141115037874886,2026-07-06 05:52:46.474629,2026-07-06 05:52:49.053865,0 days 00:00:02.579236,0.6341216501682679,12,0.01460244593116791,8,18,793,6.250401617222318,0.5406970497513349,COMPLETE
47,0.35536696779502475,2026-07-06 05:52:49.123329,2026-07-06 05:52:52.821550,0 days 00:00:03.698221,0.610585950254488,18,0.011962483005470514,7,13,814,4.023792092804244,0.5898185170529354,COMPLETE
48,0.343419866505869,2026-07-06 05:52:52.889985,2026-07-06 05:52:55.005675,0 days 00:00:02.115690,0.7355157973897553,12,0.011813838503613987,5,17,495,4.0093107798249275,0.6022499364937173,COMPLETE
49,0.3456536705062743,2026-07-06 05:52:55.067425,2026-07-06 05:52:56.722825,0 days 00:00:01.655400,0.7823072352434675,12,0.008063770511171117,8,17,314,1.1574519394259133,0.8255067569401975,COMPLETE
50,0.34534459835720643,2026-07-06 05:52:56.789060,2026-07-06 05:53:00.336594,0 days 00:00:03.547534,0.9757333498423925,12,0.026993595625536954,7,19,820,2.981493334133051,0.6968151686358064,COMPLETE
51,0.34253144030657884,2026-07-06 05:53:00.401205,2026-07-06 05:53:01.460821,0 days 00:00:01.059616,0.6558687391307706,12,0.008382977506754133,7,13,185,0.4351218177551761,0.505410465014044,COMPLETE
52,0.34957584838735306,2026-07-06 05:53:01.522362,2026-07-06 05:53:02.607782,0 days 00:00:01.085420,0.6340600163389782,18,0.007576555808621228,8,8,150,0.9427980951632684,0.5321830475473255,COMPLETE
53,0.3538409283944542,2026-07-06 05:53:02.674867,2026-07-06 05:53:05.194758,0 days 00:00:02.519891,0.9101840315628061,18,0.013442823927846488,7,14,642,1.2275379783242888,0.5219127982853485,COMPLETE
54,0.34875427931007863,2026-07-06 05:53:05.262370,2026-07-06 05:53:08.185386,0 days 00:00:02.923016,0.548702602100285,18,0.012515759253366471,8,17,951,6.6372489756022075,0.5347862209560599,COMPLETE
55,0.3412598734820137,2026-07-06 05:53:08.250193,2026-07-06 05:53:11.254891,0 days 00:00:03.004698,0.6992316635809567,12,0.019961952508329862,8,19,999,7.937659109096256,0.5171600984030928,COMPLETE
56,0.3494054411996407,2026-07-06 05:53:11.324522,2026-07-06 05:53:14.903981,0 days 00:00:03.579459,0.7110365817384574,12,0.02871964007907714,7,16,992,3.231846267558358,0.5291926829117881,COMPLETE
57,0.3411736407466726,2026-07-06 05:53:14.969206,2026-07-06 05:53:16.879201,0 days 00:00:01.909995,0.7278963901401628,12,0.02760928985338528,8,20,589,9.056329514958803,0.5632272858132228,COMPLETE
58,0.3464669445349447,2026-07-06 05:53:16.947138,2026-07-06 05:53:19.843418,0 days 00:00:02.896280,0.7183947191896088,12,0.03296622568552757,8,17,749,9.295550857120759,0.5848368295645016,COMPLETE
59,0.3485492979422966,2026-07-06 05:53:19.910186,2026-07-06 05:53:23.618863,0 days 00:00:03.708677,0.7847549636888729,18,0.005361726498983953,8,18,1260,2.9104909819173588,0.521785871061789,COMPLETE
60,0.3391863962905698,2026-07-06 05:53:23.682278,2026-07-06 05:53:25.743185,0 days 00:00:02.060907,0.6446353929658138,12,0.008586348717877935,7,20,659,5.554005065486095,0.517349530590628,COMPLETE
61,0.3400248058005955,2026-07-06 05:53:25.810255,2026-07-06 05:53:28.887318,0 days 00:00:03.077063,0.682034902446841,12,0.006289742338327765,5,20,1038,6.496295751756456,0.5082269044701235,COMPLETE
62,0.3481263517430734,2026-07-06 05:53:28.953866,2026-07-06 05:53:32.126571,0 days 00:00:03.172705,0.6315487913702879,18,0.006417014836859519,4,19,975,0.5696543416726184,0.6596524257890182,COMPLETE
63,0.34058966969540183,2026-07-06 05:53:32.194359,2026-07-06 05:53:35.794929,0 days 00:00:03.600570,0.6999729206562916,12,0.003659886593669891,5,20,1226,2.7992315355474964,0.5721881672773502,COMPLETE
64,0.34472133194306726,2026-07-06 05:53:35.855314,2026-07-06 05:53:41.575841,0 days 00:00:05.720527,0.715974485516555,12,0.003968128708640019,4,18,1447,0.3074280369958434,0.645593081367936,COMPLETE
65,0.341317588566567,2026-07-06 05:53:41.632644,2026-07-06 05:53:44.662277,0 days 00:00:03.029633,0.6689924823666519,12,0.008793828039069144,4,18,1000,4.293594986569322,0.5218053954282589,COMPLETE
66,0.34853958134594704,2026-07-06 05:53:44.725468,2026-07-06 05:53:49.295253,0 days 00:00:04.569785,0.693236299228651,18,0.005484923748988979,6,18,1472,3.5453022132200385,0.6116049693088014,COMPLETE
67,0.3376674251660491,2026-07-06 05:53:49.358990,2026-07-06 05:53:50.887599,0 days 00:00:01.528609,0.721205342114907,12,0.03492322324800427,7,20,471,1.4247127161760391,0.5305117087249889,COMPLETE
68,0.3431739078289703,2026-07-06 05:53:50.949482,2026-07-06 05:53:54.697289,0 days 00:00:03.747807,0.8392405355692141,12,0.004176828937209425,6,20,1084,0.6760808096655803,0.6557527954148168,COMPLETE
69,0.34066984324451177,2026-07-06 05:53:54.756881,2026-07-06 05:53:57.990444,0 days 00:00:03.233563,0.7542632192291974,12,0.006104195211912136,5,20,1087,6.178217634739066,0.5339548371747443,COMPLETE
70,0.34323636442952954,2026-07-06 05:53:58.054164,2026-07-06 05:54:01.678292,0 days 00:00:03.624128,0.7969089626227905,12,0.006040952744263602,6,16,974,8.880799913919917,0.5454341653317432,COMPLETE
71,0.34635813284790173,2026-07-06 05:54:01.743191,2026-07-06 05:54:04.668208,0 days 00:00:02.925017,0.5988381358028306,18,0.0037445078760258814,6,19,927,7.273930118939619,0.6431862176899629,COMPLETE
72,0.3505314113583253,2026-07-06 05:54:04.732247,2026-07-06 05:54:09.211168,0 days 00:00:04.478921,0.8806191752874929,18,0.012213914676573685,3,17,1097,5.84332609550631,0.681248825848093,COMPLETE
73,0.35552033416753553,2026-07-06 05:54:09.274619,2026-07-06 05:54:10.915189,0 days 00:00:01.640570,0.762734043024563,18,0.09070896543586476,6,16,468,0.5054486496202991,0.5373780775674749,COMPLETE
74,0.3404088639561589,2026-07-06 05:54:10.977159,2026-07-06 05:54:13.993126,0 days 00:00:03.015967,0.6815609842384434,12,0.003108436529863868,6,19,1007,1.7931324755492524,0.503764448504093,COMPLETE
75,0.3408652770411128,2026-07-06 05:54:14.055847,2026-07-06 05:54:17.304071,0 days 00:00:03.248224,0.6963231452753399,12,0.003277168496282524,7,20,1039,1.469936448399483,0.5993670291331378,COMPLETE
76,0.3408730426164561,2026-07-06 05:54:17.364233,2026-07-06 05:54:21.014579,0 days 00:00:03.650346,0.6902911884043533,12,0.0033487605975768444,7,20,1205,2.1659731267664015,0.5883282906001601,COMPLETE
77,0.33960550443462734,2026-07-06 05:54:21.075940,2026-07-06 05:54:24.443081,0 days 00:00:03.367141,0.6234030332711968,12,0.00350031407647921,5,19,1146,4.702026528777048,0.5025365062351784,COMPLETE
78,0.34636754607663967,2026-07-06 05:54:24.506150,2026-07-06 05:54:27.865293,0 days 00:00:03.359143,0.6590536796974397,18,0.00861914477402108,6,20,1151,3.3085944067480466,0.5412502644780568,COMPLETE
79,0.34076766646694495,2026-07-06 05:54:27.931424,2026-07-06 05:54:29.925511,0 days 00:00:01.994087,0.7070525960568586,12,0.013475040331291568,6,20,625,0.6117236194103692,0.5525103679828767,COMPLETE
80,0.3407652681731098,2026-07-06 05:54:29.988446,2026-07-06 05:54:32.729489,0 days 00:00:02.741043,0.8006179456529061,12,0.004742760972994257,4,18,867,1.8368411576023367,0.5245945097311216,COMPLETE
81,0.34646863827892066,2026-07-06 05:54:32.792093,2026-07-06 05:54:34.897223,0 days 00:00:02.105130,0.5394096234783043,18,0.02555443216562156,5,20,689,0.3240246764074114,0.5130560708615992,COMPLETE
82,0.340267458660789,2026-07-06 05:54:34.959471,2026-07-06 05:54:36.871319,0 days 00:00:01.911848,0.7784500456762103,12,0.0035001814853670462,3,18,592,0.13439875821336858,0.5050512514604085,COMPLETE
83,0.3473501953869073,2026-07-06 05:54:36.935381,2026-07-06 05:54:38.935392,0 days 00:00:02.000011,0.8750369349109854,18,0.005207256439581991,3,18,641,0.05338926789102994,0.5406047369818956,COMPLETE
84,0.34818526854287035,2026-07-06 05:54:38.996292,2026-07-06 05:54:43.051805,0 days 00:00:04.055513,0.7964010552193321,18,0.003229242131812013,3,18,1407,7.911427148685515,0.5129329412658492,COMPLETE
85,0.342020181899069,2026-07-06 05:54:43.112830,2026-07-06 05:54:45.416402,0 days 00:00:02.303572,0.7083426562478351,12,0.003573434013102076,3,16,524,0.26483497237193365,0.5805108749597265,COMPLETE
86,0.3422069273989822,2026-07-06 05:54:45.479238,2026-07-06 05:54:49.569374,0 days 00:00:04.090136,0.5210064838525137,12,0.0036344567752088506,5,18,1238,0.9474229781090089,0.56629227210287,COMPLETE
87,0.34059909074904354,2026-07-06 05:54:49.643415,2026-07-06 05:54:51.717700,0 days 00:00:02.074285,0.8085127708265095,12,0.004023168225796259,5,17,596,1.627325836499371,0.5031743833660853,COMPLETE
88,0.33947729935570015,2026-07-06 05:54:51.793590,2026-07-06 05:54:55.230110,0 days 00:00:03.436520,0.7198307705880959,12,0.004034038476945533,5,19,1164,4.841007676924635,0.5203244541477047,COMPLETE
89,0.3431506372818879,2026-07-06 05:54:55.288074,2026-07-06 05:54:56.631800,0 days 00:00:01.343726,0.8846758174459326,12,0.005790065997119171,5,17,305,0.7128127679051565,0.5966517218951446,COMPLETE
90,0.34128520440388094,2026-07-06 05:54:56.687859,2026-07-06 05:55:00.300593,0 days 00:00:03.612734,0.7698978362088487,12,0.0036865324616354046,5,17,1132,1.8447631680247865,0.518709013762982,COMPLETE
91,0.3405125158939828,2026-07-06 05:55:00.355078,2026-07-06 05:55:03.475055,0 days 00:00:03.119977,0.7254119109943515,12,0.0030762012162502913,5,18,1042,4.554974818713989,0.5132593067454781,COMPLETE
92,0.34692735787010864,2026-07-06 05:55:03.534463,2026-07-06 05:55:06.434907,0 days 00:00:02.900444,0.6738045206636454,18,0.0030569316284126302,4,16,915,4.289543617599198,0.5247013133898045,COMPLETE
93,0.34001816680864333,2026-07-06 05:55:06.498723,2026-07-06 05:55:08.619536,0 days 00:00:02.120813,0.7403812745200294,12,0.00805884981781785,4,19,659,0.015360528188517224,0.54073158500186,COMPLETE
94,0.34231790595536843,2026-07-06 05:55:08.682155,2026-07-06 05:55:13.141766,0 days 00:00:04.459611,0.6027396108042973,12,0.0032455529319208604,6,13,1037,5.376301882465766,0.5074161623767346,COMPLETE
95,0.34218215383109146,2026-07-06 05:55:13.206454,2026-07-06 05:55:14.468627,0 days 00:00:01.262173,0.8091578672479772,12,0.005231370731941633,4,20,331,0.008868365666333781,0.5991226996058789,COMPLETE
96,0.34388231319368506,2026-07-06 05:55:14.530897,2026-07-06 05:55:19.558881,0 days 00:00:05.027984,0.7076027032123089,12,0.004318030903721731,5,16,1231,3.6696535782638824,0.5780955845717332,COMPLETE
97,0.34006689484122343,2026-07-06 05:55:19.622653,2026-07-06 05:55:21.562117,0 days 00:00:01.939464,0.6754733604540655,12,0.006807361596178725,3,17,567,0.03565679036165749,0.5152477247180399,COMPLETE
98,0.34017298991363815,2026-07-06 05:55:21.626186,2026-07-06 05:55:24.101526,0 days 00:00:02.475340,0.5904426669231517,12,0.00488632990798101,3,18,752,0.0726052875771199,0.5297565678197227,COMPLETE
99,0.3393670885298228,2026-07-06 05:55:24.165287,2026-07-06 05:55:25.913684,0 days 00:00:01.748397,0.6556353900212452,12,0.006378791898143198,3,19,532,0.02138224575802191,0.5013024910894384,COMPLETE
100,0.3475856396373225,2026-07-06 05:55:25.976492,2026-07-06 05:55:28.478029,0 days 00:00:02.501537,0.6955298080145141,18,0.009680961966406084,4,19,800,0.007241661998812048,0.5172807186851435,COMPLETE
101,0.3426069602258376,2026-07-06 05:55:28.543194,2026-07-06 05:55:29.513357,0 days 00:00:00.970163,0.6083323431937668,12,0.008584934658336768,4,18,237,0.04317719421128753,0.5325449121157879,COMPLETE
102,0.3427953671910484,2026-07-06 05:55:29.574652,2026-07-06 05:55:32.490443,0 days 00:00:02.915791,0.6436624469144362,12,0.004436232098805179,3,13,618,0.028717339019465077,0.5100036382958023,COMPLETE
103,0.34336788166293614,2026-07-06 05:55:32.553582,2026-07-06 05:55:35.734780,0 days 00:00:03.181198,0.6251011143799761,12,0.007802365409213498,3,20,885,0.017805952202635308,0.6595644826129429,COMPLETE
104,0.3452226158080876,2026-07-06 05:55:35.798894,2026-07-06 05:55:36.997703,0 days 00:00:01.198809,0.6309404015251114,18,0.003463375071975923,3,19,326,0.017912622431404752,0.5297289885308055,COMPLETE
105,0.3448593035763699,2026-07-06 05:55:37.061207,2026-07-06 05:55:40.550543,0 days 00:00:03.489336,0.5104637892760516,12,0.00386247736758286,3,14,730,0.830853605857833,0.6097013915096484,COMPLETE
106,0.347389704046144,2026-07-06 05:55:40.615827,2026-07-06 05:55:44.571091,0 days 00:00:03.955264,0.7693828827745817,12,0.008073321413899857,3,15,934,0.04168912667654553,0.5526149792687862,COMPLETE
107,0.357782461413844,2026-07-06 05:55:44.629105,2026-07-06 05:55:48.620677,0 days 00:00:03.991572,0.5280531485474579,18,0.009503744792022461,5,12,931,0.051964221697001045,0.5838381451696141,COMPLETE
