number,value,datetime_start,datetime_complete,duration,params_depth,params_l2_leaf_reg,params_lags,params_learning_rate,params_n_estimators,params_subsample,state
246,0.1459734044945994,2026-07-04 05:15:27.784036,2026-07-04 05:15:40.524694,0 days 00:00:12.740658,10,1.1821502609562955,30,0.03838888002123444,934,0.8089708955523399,COMPLETE
247,0.13677970095976572,2026-07-04 05:15:40.598755,2026-07-04 05:15:42.047538,0 days 00:00:01.448783,3,21.179097728851847,12,0.008861592614518542,760,0.9662370841201557,COMPLETE
248,0.13641162781230526,2026-07-04 05:15:42.119035,2026-07-04 05:15:43.625339,0 days 00:00:01.506304,3,26.701312313585422,12,0.009314214207538524,780,0.9141859301143022,COMPLETE
249,0.14449182782857745,2026-07-04 05:15:43.694981,2026-07-04 05:15:45.549894,0 days 00:00:01.854913,3,10.784014153531617,18,0.0060006618055859625,902,0.8384165008594008,COMPLETE
250,0.13636348639971532,2026-07-04 05:15:45.621180,2026-07-04 05:15:47.280203,0 days 00:00:01.659023,4,24.183662077630707,12,0.008778533826847216,694,0.9286423625990348,COMPLETE
251,0.15704208035333128,2026-07-04 05:15:47.349084,2026-07-04 05:15:50.204673,0 days 00:00:02.855589,3,1.6561049780577672,30,0.04502104066923658,1250,0.62560685151081,COMPLETE
252,0.1380978856977959,2026-07-04 05:15:50.277280,2026-07-04 05:15:51.832229,0 days 00:00:01.554949,3,14.51319721311165,12,0.006676540567193298,802,0.8818104240795521,COMPLETE
253,0.14497708770877388,2026-07-04 05:15:51.901502,2026-07-04 05:15:53.859513,0 days 00:00:01.958011,7,10.469194358697623,18,0.007095816543089189,312,0.9972710012226762,COMPLETE
254,0.13785611878206105,2026-07-04 05:15:53.935830,2026-07-04 05:15:55.173662,0 days 00:00:01.237832,3,21.472746900681674,12,0.005130903488031465,538,0.9207520970819084,COMPLETE
255,0.13653608936169392,2026-07-04 05:15:55.246086,2026-07-04 05:15:56.978516,0 days 00:00:01.732430,3,24.43706262166263,12,0.007193959266762445,871,0.9692513535746264,COMPLETE
256,0.13768694550237945,2026-07-04 05:15:57.041409,2026-07-04 05:15:58.722850,0 days 00:00:01.681441,3,18.89004985882831,12,0.00821740573380341,920,0.9702291522872666,COMPLETE
257,0.1391942978381169,2026-07-04 05:15:58.794386,2026-07-04 05:16:00.819471,0 days 00:00:02.025085,4,20.730327267311598,12,0.01358931397272776,870,0.8754875767003784,COMPLETE
258,0.13715042884776246,2026-07-04 05:16:00.891447,2026-07-04 05:16:02.339087,0 days 00:00:01.447640,3,25.605245697759095,12,0.005379218634475636,731,0.8844014355496262,COMPLETE
259,0.1376244319236794,2026-07-04 05:16:02.407907,2026-07-04 05:16:04.428368,0 days 00:00:02.020461,4,28.897683970252192,12,0.014832414270998807,888,0.9104701273260721,COMPLETE
260,0.1365157185073339,2026-07-04 05:16:04.498693,2026-07-04 05:16:06.252184,0 days 00:00:01.753491,3,26.186911325223125,12,0.006551577568993017,997,0.9052990938345514,COMPLETE
261,0.15015699187594023,2026-07-04 05:16:06.321051,2026-07-04 05:16:10.071074,0 days 00:00:03.750023,7,1.062405144939362,18,0.0461963637955718,710,0.5379354049013125,COMPLETE
262,0.1363390248896773,2026-07-04 05:16:10.141529,2026-07-04 05:16:11.551416,0 days 00:00:01.409887,3,29.72869460451483,12,0.007814897422018801,754,0.9605440876777712,COMPLETE
263,0.13838072482353514,2026-07-04 05:16:11.616625,2026-07-04 05:16:13.350389,0 days 00:00:01.733764,3,24.036782577922537,12,0.01014893722515378,1015,0.8562685691166235,COMPLETE
264,0.14287596140463846,2026-07-04 05:16:13.419475,2026-07-04 05:16:15.778908,0 days 00:00:02.359433,4,25.444801565815524,18,0.00923892227906724,915,0.9445358159593659,COMPLETE
265,0.14238600108219512,2026-07-04 05:16:15.847768,2026-07-04 05:16:18.349319,0 days 00:00:02.501551,4,24.001958867021596,18,0.006897454313042537,934,0.8497608617380775,COMPLETE
266,0.14936560325292692,2026-07-04 05:16:18.417965,2026-07-04 05:16:20.178771,0 days 00:00:01.760806,8,2.1641895226677543,12,0.06982227296736555,217,0.7926810837752182,COMPLETE
267,0.13654674240266412,2026-07-04 05:16:20.250088,2026-07-04 05:16:21.993004,0 days 00:00:01.742916,3,25.844703565657817,12,0.006310968875728771,928,0.9067677923614383,COMPLETE
268,0.13676602740373797,2026-07-04 05:16:22.063247,2026-07-04 05:16:23.650319,0 days 00:00:01.587072,3,29.102486076584782,12,0.011593107106690268,757,0.9840327560954065,COMPLETE
269,0.13786414677158365,2026-07-04 05:16:23.722216,2026-07-04 05:16:25.430062,0 days 00:00:01.707846,3,27.674478397633166,12,0.012067368800883273,879,0.8992246005920446,COMPLETE
270,0.13723569860202134,2026-07-04 05:16:25.493183,2026-07-04 05:16:26.977211,0 days 00:00:01.484028,3,29.81168015644682,12,0.005106856435432443,772,0.8988639932462628,COMPLETE
271,0.1471893490918249,2026-07-04 05:16:27.043410,2026-07-04 05:16:36.052871,0 days 00:00:09.009461,10,6.996237438115583,30,0.02505641210457402,723,0.7421721125221584,COMPLETE
272,0.1372289882756144,2026-07-04 05:16:36.122582,2026-07-04 05:16:38.743330,0 days 00:00:02.620748,5,27.70884356514491,12,0.006617582076883009,938,0.863967895101729,COMPLETE
273,0.13625684001094598,2026-07-04 05:16:38.809996,2026-07-04 05:16:40.924755,0 days 00:00:02.114759,4,26.930778663741602,12,0.008275937009336662,1062,0.9023862029550928,COMPLETE
274,0.13724155163140525,2026-07-04 05:16:40.990090,2026-07-04 05:16:42.599486,0 days 00:00:01.609396,3,21.380425767307322,12,0.005471741514357832,1014,0.8194417816806411,COMPLETE
275,0.1370966447952243,2026-07-04 05:16:42.665740,2026-07-04 05:16:44.535687,0 days 00:00:01.869947,3,27.14073307022655,12,0.007538998008276755,1212,0.8866699281969515,COMPLETE
276,0.14729414561601606,2026-07-04 05:16:44.603558,2026-07-04 05:16:54.128191,0 days 00:00:09.524633,8,17.626957104816572,36,0.017232716260725763,1219,0.8758971115373453,COMPLETE
277,0.13745189608710706,2026-07-04 05:16:54.194289,2026-07-04 05:16:57.264735,0 days 00:00:03.070446,8,14.457433151864885,12,0.020764301049918436,518,0.9857823092919406,COMPLETE
278,0.14625973740093343,2026-07-04 05:16:57.330984,2026-07-04 05:17:06.137412,0 days 00:00:08.806428,9,18.389533130494367,24,0.0035739919851527024,931,0.916390490612317,COMPLETE
279,0.1367376057356591,2026-07-04 05:17:06.205869,2026-07-04 05:17:07.710608,0 days 00:00:01.504739,3,22.793327900536283,12,0.006245997534010174,764,0.9999669692823284,COMPLETE
280,0.14336595326492485,2026-07-04 05:17:07.776389,2026-07-04 05:17:09.761256,0 days 00:00:01.984867,4,26.47990997017395,18,0.0066608413194222255,687,0.9050936629990275,COMPLETE
281,0.14158061969011504,2026-07-04 05:17:09.827374,2026-07-04 05:17:23.331045,0 days 00:00:13.503671,10,4.316977841875809,24,0.0038005226946312594,1266,0.9985775409812665,COMPLETE
282,0.1675994185627341,2026-07-04 05:17:23.390671,2026-07-04 05:17:25.636166,0 days 00:00:02.245495,3,9.996215018416326,18,0.023122012267693864,1172,0.9541962979639391,COMPLETE
283,0.13655599958060868,2026-07-04 05:17:25.698682,2026-07-04 05:17:28.058005,0 days 00:00:02.359323,4,25.514933616504504,12,0.007983969493900261,1094,0.9251164507065122,COMPLETE
284,0.13703698419025023,2026-07-04 05:17:28.118598,2026-07-04 05:17:29.622926,0 days 00:00:01.504328,3,24.024005414647966,12,0.00864170227651733,876,0.8905726459249871,COMPLETE
285,0.14766863490465681,2026-07-04 05:17:29.685053,2026-07-04 05:17:32.430228,0 days 00:00:02.745175,4,15.942958142173184,12,0.016237168742695544,1314,0.9503959174213779,COMPLETE
286,0.13660606818453205,2026-07-04 05:17:32.493439,2026-07-04 05:17:34.247222,0 days 00:00:01.753783,3,25.009782570668904,12,0.00716143712481918,973,0.8924637608450952,COMPLETE
287,0.14268829271350797,2026-07-04 05:17:34.310566,2026-07-04 05:17:36.110014,0 days 00:00:01.799448,5,8.432985242920255,18,0.018499937407526583,461,0.9903968898578293,COMPLETE
288,0.13629330203547582,2026-07-04 05:17:36.175297,2026-07-04 05:17:38.422930,0 days 00:00:02.247633,4,24.77069107234929,12,0.0071765644640543556,1009,0.9053566581456095,COMPLETE
289,0.14299959674891455,2026-07-04 05:17:38.486883,2026-07-04 05:17:43.430340,0 days 00:00:04.943457,5,6.697528194723863,36,0.011553824414740408,1237,0.7540393591913079,COMPLETE
290,0.14597440629483033,2026-07-04 05:17:43.495448,2026-07-04 05:17:46.692618,0 days 00:00:03.197170,8,5.809618857231823,36,0.08761104883842566,365,0.7150208336007304,COMPLETE
291,0.13866863156651948,2026-07-04 05:17:46.753405,2026-07-04 05:17:49.684483,0 days 00:00:02.931078,7,6.862355758153632,12,0.01177526570204934,665,0.943801181370641,COMPLETE
292,0.14542686693915458,2026-07-04 05:17:49.748280,2026-07-04 05:18:00.677612,0 days 00:00:10.929332,8,1.630767665414937,36,0.009046644083757969,1483,0.7344339728791389,COMPLETE
293,0.1366731173262365,2026-07-04 05:18:00.739767,2026-07-04 05:18:02.584277,0 days 00:00:01.844510,3,24.39281004665278,12,0.006773378568580979,1050,0.9189777551442697,COMPLETE
294,0.13818272234114126,2026-07-04 05:18:02.653275,2026-07-04 05:18:04.266755,0 days 00:00:01.613480,3,27.875186476935543,12,0.011087277785025235,1029,0.9157093986991427,COMPLETE
295,0.13669159802789355,2026-07-04 05:18:04.330671,2026-07-04 05:18:05.782959,0 days 00:00:01.452288,3,24.044551731459816,12,0.006291314537848407,828,0.9563913075193357,COMPLETE
296,0.13670535827587538,2026-07-04 05:18:05.847538,2026-07-04 05:18:08.045814,0 days 00:00:02.198276,4,19.854599383865793,12,0.006214538007208549,939,0.8578561398251163,COMPLETE
297,0.13685689850275823,2026-07-04 05:18:08.107781,2026-07-04 05:18:10.570903,0 days 00:00:02.463122,4,21.180519271170937,12,0.005178651405410339,1091,0.8747637600003495,COMPLETE
298,0.14496376832555477,2026-07-04 05:18:10.635336,2026-07-04 05:18:16.440724,0 days 00:00:05.805388,7,19.44485390937871,12,0.031782346635732324,1381,0.5359095247453427,COMPLETE
299,0.1363475445945574,2026-07-04 05:18:16.516672,2026-07-04 05:18:18.501425,0 days 00:00:01.984753,4,25.375586827968466,12,0.00860442570993876,876,0.9001561088888349,COMPLETE
