number,value,datetime_start,datetime_complete,duration,params_bagging_fraction,params_bagging_freq,params_feature_fraction,params_lags,params_learning_rate,params_min_child_samples,params_n_estimators,params_num_leaves,params_reg_lambda,state
0,0.2664188161955058,2026-07-06 04:42:31.055477,2026-07-06 04:42:32.959724,0 days 00:00:01.904247,0.9330880728874675,4,0.5290418060840998,18,0.024479668704186594,76,318,61,0.004207988669606638,COMPLETE
1,0.22720854699875948,2026-07-06 04:42:33.034618,2026-07-06 04:42:34.661389,0 days 00:00:01.626771,0.6521211214797689,3,0.5917022549267169,30,0.055568728436296094,98,354,8,0.0070689749506246055,COMPLETE
2,0.254058386634269,2026-07-06 04:42:34.738770,2026-07-06 04:42:38.462844,0 days 00:00:03.724074,0.8925879806965068,1,0.728034992108518,24,0.004892755234081989,65,613,23,0.01474275315991467,COMPLETE
3,0.37764974730287393,2026-07-06 04:42:38.534022,2026-07-06 04:42:42.832919,0 days 00:00:04.298897,0.9828160165372797,5,0.9744427686266666,24,0.025254478013819567,14,191,40,0.004809461967501573,COMPLETE
4,0.28699573964803216,2026-07-06 04:42:42.907635,2026-07-06 04:42:46.832876,0 days 00:00:03.925241,0.954660201039391,2,0.5171942605576092,18,0.014041714290623834,72,793,12,0.003077180271250686,COMPLETE
5,0.3338170597419854,2026-07-06 04:42:46.897804,2026-07-06 04:42:52.901114,0 days 00:00:06.003310,0.9697494707820946,5,0.8875664116805573,30,0.02040303238741511,57,1458,24,0.0054880470007660455,COMPLETE
6,0.28640835049545615,2026-07-06 04:42:52.973218,2026-07-06 04:42:58.927052,0 days 00:00:05.953834,0.6356745158869479,5,0.6943386448447411,24,0.005964573440645618,18,555,59,0.0015167330688076208,COMPLETE
7,0.23517068320310663,2026-07-06 04:42:59.001639,2026-07-06 04:43:00.708375,0 days 00:00:01.706736,0.8861223846483287,1,0.9934434683002586,18,0.00491735725391162,59,204,23,1.6172900811143147,COMPLETE
8,0.22448702731944897,2026-07-06 04:43:00.778011,2026-07-06 04:43:01.995346,0 days 00:00:01.217335,0.5579345297625649,5,0.6792328642721364,12,0.038664355572107796,74,203,53,1.2164139351417067,COMPLETE
9,0.45327744212783233,2026-07-06 04:43:02.072622,2026-07-06 04:43:22.354671,0 days 00:00:20.282049,0.9436063712881633,3,0.8187787356776066,30,0.008927084026763527,15,1122,25,0.01998634077852888,COMPLETE
10,0.22732391514754763,2026-07-06 04:43:22.426552,2026-07-06 04:43:23.813895,0 days 00:00:01.387343,0.5128657117461708,5,0.5405552873976336,18,0.024369223118819016,52,256,60,0.7234557310386177,COMPLETE
11,0.22720854699875948,2026-07-06 04:43:23.881999,2026-07-06 04:43:27.251576,0 days 00:00:03.369577,0.6301180043944955,4,0.6060248406546151,30,0.08908566782937485,93,974,8,0.00200384721512824,COMPLETE
12,0.22448702731944897,2026-07-06 04:43:27.323283,2026-07-06 04:43:28.713936,0 days 00:00:01.390653,0.6025479494577168,5,0.7265674335126351,12,0.017423894887082188,92,255,40,7.8673521719621125,COMPLETE
13,0.2257228000337403,2026-07-06 04:43:28.784028,2026-07-06 04:43:30.076012,0 days 00:00:01.291984,0.6673370843235831,5,0.7071161029078183,18,0.00892619877412586,90,227,37,6.739196245396186,COMPLETE
14,0.22448702731944897,2026-07-06 04:43:30.148502,2026-07-06 04:43:32.789507,0 days 00:00:02.641005,0.577912688325996,4,0.7415940075564725,12,0.08886172051552897,68,704,51,0.20071099110842755,COMPLETE
15,0.22448702731944897,2026-07-06 04:43:32.865111,2026-07-06 04:43:34.150067,0 days 00:00:01.284956,0.5406058252961976,5,0.8300231815188971,12,0.0434124794287167,90,244,40,0.4632115346198544,COMPLETE
16,0.2629869809793449,2026-07-06 04:43:34.223526,2026-07-06 04:43:35.615568,0 days 00:00:01.392042,0.6202103336870292,5,0.6350643637744229,12,0.0406957853023532,55,210,26,2.916503031428762,COMPLETE
17,0.2549030785826142,2026-07-06 04:43:35.684945,2026-07-06 04:43:37.436513,0 days 00:00:01.751568,0.6733126658710149,4,0.9494455237671202,12,0.012712407649844755,48,273,47,1.064106458150936,COMPLETE
18,0.22448702731944897,2026-07-06 04:43:37.512307,2026-07-06 04:43:41.148537,0 days 00:00:03.636230,0.6583164940275016,5,0.6059717726546482,12,0.01787251232584313,81,1054,40,1.0283846965109045,COMPLETE
19,0.22662732429524118,2026-07-06 04:43:41.214239,2026-07-06 04:43:42.323370,0 days 00:00:01.109131,0.574900052486511,5,0.5732693371467243,24,0.07350238978388317,82,171,40,7.703200749292316,COMPLETE
20,0.22773457470699085,2026-07-06 04:43:42.397075,2026-07-06 04:43:44.010164,0 days 00:00:01.613089,0.5363237700320801,4,0.7397639119511491,30,0.011229862191317674,55,344,25,6.111176253937083,COMPLETE
21,0.34707181544770105,2026-07-06 04:43:44.080506,2026-07-06 04:43:47.856647,0 days 00:00:03.776141,0.5883178179313113,4,0.8198447353643157,12,0.08130807309194929,50,824,49,0.03839107542509967,COMPLETE
22,0.22448702731944897,2026-07-06 04:43:47.932532,2026-07-06 04:43:49.207192,0 days 00:00:01.274660,0.557894751384936,3,0.7430738060212739,12,0.04016519936890802,80,223,62,0.09251811975302884,COMPLETE
23,0.34019758063184957,2026-07-06 04:43:49.277462,2026-07-06 04:43:53.322243,0 days 00:00:04.044781,0.7359469327306858,3,0.6691907272906779,18,0.053864357712149286,62,872,59,0.99958112262129,COMPLETE
24,0.23441239392308932,2026-07-06 04:43:53.394372,2026-07-06 04:43:55.184510,0 days 00:00:01.790138,0.7004169572673923,5,0.6958389478242826,12,0.03134049214353711,69,394,61,3.0738225531325027,COMPLETE
25,0.23872521931973917,2026-07-06 04:43:55.253236,2026-07-06 04:43:57.082971,0 days 00:00:01.829735,0.6667200867736864,2,0.8165442747368652,12,0.09085939377140227,67,391,41,2.57160395986676,COMPLETE
26,0.22448702731944897,2026-07-06 04:43:57.157126,2026-07-06 04:44:00.751170,0 days 00:00:03.594044,0.5368261342694061,3,0.8992501590841794,12,0.06571675065909922,79,1042,59,1.3670178321274367,COMPLETE
27,0.22448702731944897,2026-07-06 04:44:00.817063,2026-07-06 04:44:02.623535,0 days 00:00:01.806472,0.5559405058774605,5,0.6379157835283888,12,0.011145461385270339,80,420,46,0.12537820576260056,COMPLETE
28,0.22448702731944897,2026-07-06 04:44:02.692908,2026-07-06 04:44:04.488769,0 days 00:00:01.795861,0.5625904445245363,4,0.7711688863646234,12,0.01468835327125553,73,406,32,4.183666247912404,COMPLETE
29,0.22720854699875948,2026-07-06 04:44:04.553608,2026-07-06 04:44:06.842494,0 days 00:00:02.288886,0.6593712979980784,5,0.6597273311745191,30,0.09123013279080057,77,596,63,0.033584310308021045,COMPLETE
30,0.22448702731944897,2026-07-06 04:44:06.905050,2026-07-06 04:44:09.678704,0 days 00:00:02.773654,0.602648725101125,5,0.6039943527971402,12,0.08478434317242024,86,740,46,0.04455439780722839,COMPLETE
31,0.22448702731944897,2026-07-06 04:44:09.742431,2026-07-06 04:44:11.042365,0 days 00:00:01.299934,0.6854180891375543,5,0.8169909862512673,12,0.021610619366821498,98,255,45,0.11334271995697494,COMPLETE
32,0.22448702731944897,2026-07-06 04:44:11.111771,2026-07-06 04:44:12.906759,0 days 00:00:01.794988,0.5134779823155091,5,0.8232675987290691,12,0.0923493473854389,79,435,39,0.061021252686548504,COMPLETE
33,0.2257228000337403,2026-07-06 04:44:12.973322,2026-07-06 04:44:14.556226,0 days 00:00:01.582904,0.5257275610645817,5,0.7237298885903051,18,0.025582445191377683,83,359,46,1.2765545991407694,COMPLETE
34,0.22448702731944897,2026-07-06 04:44:14.620459,2026-07-06 04:44:15.919231,0 days 00:00:01.298772,0.6577029406714501,5,0.7030870553312881,12,0.09806296259003226,84,240,54,1.3068924836348568,COMPLETE
35,0.22448702731944897,2026-07-06 04:44:15.985862,2026-07-06 04:44:18.710635,0 days 00:00:02.724773,0.661146563916859,5,0.7543889157877777,12,0.01884952971764671,95,754,36,3.3066218150372886,COMPLETE
36,0.22448702731944897,2026-07-06 04:44:18.778571,2026-07-06 04:44:20.186406,0 days 00:00:01.407835,0.5107708999395895,4,0.8528029720023489,12,0.04055406543017713,92,282,34,1.717979832427121,COMPLETE
37,0.2257228000337403,2026-07-06 04:44:20.255634,2026-07-06 04:44:23.235366,0 days 00:00:02.979732,0.5204809537173923,4,0.7611140387295634,18,0.0645874728744342,82,827,43,0.39033279760880096,COMPLETE
38,0.22448702731944897,2026-07-06 04:44:23.304689,2026-07-06 04:44:24.636711,0 days 00:00:01.332022,0.5718719406455018,4,0.6393545105859877,12,0.021759268286644984,96,263,61,4.345050396192732,COMPLETE
39,0.2257228000337403,2026-07-06 04:44:24.702519,2026-07-06 04:44:26.229950,0 days 00:00:01.527431,0.5735741240852688,5,0.9094751352370083,18,0.039424675529396824,75,317,49,0.4362697675420326,COMPLETE
40,0.3299880635120891,2026-07-06 04:44:26.298056,2026-07-06 04:44:28.955925,0 days 00:00:02.657869,0.645833212546373,3,0.556228823312336,12,0.08102891049083816,53,511,21,0.007492288656694653,COMPLETE
41,0.3076232505980099,2026-07-06 04:44:29.024452,2026-07-06 04:44:33.063686,0 days 00:00:04.039234,0.6262860895031843,5,0.5663319214535165,12,0.038454765677583186,57,980,43,1.3763154288358967,COMPLETE
42,0.22448702731944897,2026-07-06 04:44:33.127840,2026-07-06 04:44:36.902095,0 days 00:00:03.774255,0.8524571635163778,4,0.5947949469600217,12,0.01830814582789622,93,1120,37,0.6239518861424479,COMPLETE
43,0.22448702731944897,2026-07-06 04:44:36.968467,2026-07-06 04:44:40.009321,0 days 00:00:03.040854,0.617809097412162,5,0.772494799559096,12,0.07159084532419778,75,866,62,0.48553887536761076,COMPLETE
44,0.22453525592463178,2026-07-06 04:44:40.073278,2026-07-06 04:44:43.555581,0 days 00:00:03.482303,0.6398222512750453,5,0.5464500107540666,12,0.0049972079434881436,70,1020,30,3.6819262868704254,COMPLETE
45,0.22448702731944897,2026-07-06 04:44:43.623060,2026-07-06 04:44:48.075270,0 days 00:00:04.452210,0.6963679126410871,5,0.6910315726298093,12,0.017072161785647064,84,1303,38,0.37140582843799236,COMPLETE
46,0.22448702731944897,2026-07-06 04:44:48.146040,2026-07-06 04:44:49.522137,0 days 00:00:01.376097,0.5589246867713109,5,0.7873344929579393,12,0.009684773249922932,92,272,50,4.958372915174466,COMPLETE
47,0.22662732429524118,2026-07-06 04:44:49.594328,2026-07-06 04:44:52.619181,0 days 00:00:03.024853,0.6587116624590197,4,0.504543687729202,24,0.014484168195955825,87,840,47,3.0114695418767905,COMPLETE
48,0.4504051727826903,2026-07-06 04:44:52.691895,2026-07-06 04:44:59.525347,0 days 00:00:06.833452,0.7712095107388904,1,0.9784291665732244,24,0.07277788721967614,36,888,28,0.14434490927127308,COMPLETE
49,0.22448702731944897,2026-07-06 04:44:59.606344,2026-07-06 04:45:00.877137,0 days 00:00:01.270793,0.5018772207954874,5,0.6763481420860401,12,0.02927237367544806,72,179,48,0.5704081399951999,COMPLETE
50,0.22448702731944897,2026-07-06 04:45:00.959780,2026-07-06 04:45:04.869870,0 days 00:00:03.910090,0.6588607204184295,4,0.5957970366235916,12,0.02409417198701973,96,1068,60,0.1895395303708175,COMPLETE
51,0.2257228000337403,2026-07-06 04:45:04.947904,2026-07-06 04:45:06.723608,0 days 00:00:01.775704,0.5107435627504362,2,0.6784496529062699,18,0.03069520724604482,77,395,62,0.02454877638015686,COMPLETE
52,0.22448702731944897,2026-07-06 04:45:06.787343,2026-07-06 04:45:08.569927,0 days 00:00:01.782584,0.6062810106578487,3,0.6439911491239932,12,0.04216921513085439,72,410,47,0.04185845629605642,COMPLETE
53,0.22448702731944897,2026-07-06 04:45:08.632480,2026-07-06 04:45:09.732829,0 days 00:00:01.100349,0.654992178595928,5,0.7252044016541481,12,0.02304136300307152,96,184,45,5.908923204701675,COMPLETE
54,0.2257228000337403,2026-07-06 04:45:09.792171,2026-07-06 04:45:11.964437,0 days 00:00:02.172266,0.6889408625577504,3,0.8248678195172681,18,0.03150985775632391,93,548,59,0.048113055682555,COMPLETE
55,0.22448702731944897,2026-07-06 04:45:12.024554,2026-07-06 04:45:13.168518,0 days 00:00:01.143964,0.5870949807272416,2,0.6928958888679595,12,0.04368151320108806,85,187,56,0.9857444424039761,COMPLETE
56,0.2257228000337403,2026-07-06 04:45:13.232492,2026-07-06 04:45:14.686113,0 days 00:00:01.453621,0.5486381858273094,4,0.7943830006307695,18,0.05053527175274686,71,275,60,0.03389859312683644,COMPLETE
57,0.22448702731944897,2026-07-06 04:45:14.749441,2026-07-06 04:45:15.749319,0 days 00:00:00.999878,0.578382576294356,2,0.7960875549353241,12,0.017842248004109326,96,137,55,0.046939863904288795,COMPLETE
58,0.22448702731944897,2026-07-06 04:45:15.818821,2026-07-06 04:45:16.850343,0 days 00:00:01.031522,0.5758785885801331,5,0.8931780782419299,12,0.0627510983983199,92,158,45,0.45421168035344467,COMPLETE
59,0.3987873925690444,2026-07-06 04:45:16.918244,2026-07-06 04:45:23.395192,0 days 00:00:06.476948,0.6891222073964552,2,0.6475128198926883,36,0.033155223118760006,19,576,12,8.003218595720334,COMPLETE
60,0.2408653533850842,2026-07-06 04:45:23.463321,2026-07-06 04:45:25.487322,0 days 00:00:02.024001,0.9909270315731907,3,0.5972034715183843,30,0.005698836848851942,77,437,32,9.234998446144253,COMPLETE
61,0.22448702731944897,2026-07-06 04:45:25.555094,2026-07-06 04:45:29.358984,0 days 00:00:03.803890,0.5614454671843649,4,0.9947813726693338,12,0.08739097823123311,68,1089,60,0.6306025988375918,COMPLETE
62,0.22448702731944897,2026-07-06 04:45:29.428734,2026-07-06 04:45:33.143382,0 days 00:00:03.714648,0.6306647141816731,2,0.9202052235998786,12,0.0398982224581453,85,1056,53,0.28607352050558643,COMPLETE
63,0.2257228000337403,2026-07-06 04:45:33.215195,2026-07-06 04:45:35.956496,0 days 00:00:02.741301,0.5206872969620426,3,0.8734837441707289,18,0.08554687197868162,93,738,55,2.826043763917298,COMPLETE
64,0.2257228000337403,2026-07-06 04:45:36.027000,2026-07-06 04:45:40.920300,0 days 00:00:04.893300,0.6079461223956932,3,0.8716957950290294,18,0.033145447693118925,71,1391,51,7.313295730035421,COMPLETE
65,0.2257228000337403,2026-07-06 04:45:40.987111,2026-07-06 04:45:45.976611,0 days 00:00:04.989500,0.5038463831843233,3,0.7630585199089424,18,0.09462270184233881,83,1421,58,3.3404283068837866,COMPLETE
66,0.22448702731944897,2026-07-06 04:45:46.044952,2026-07-06 04:45:48.258761,0 days 00:00:02.213809,0.5695551420113929,3,0.795259646162847,12,0.031323360456936136,76,532,57,0.9045614060896259,COMPLETE
67,0.22448702731944897,2026-07-06 04:45:48.327727,2026-07-06 04:45:52.603885,0 days 00:00:04.276158,0.5184869201520281,4,0.8826194610770846,12,0.0295981900144018,100,1293,54,0.7029916617470892,COMPLETE
68,0.22453714672738395,2026-07-06 04:45:52.668575,2026-07-06 04:45:55.776633,0 days 00:00:03.108058,0.6934123764125267,4,0.5962724641725224,12,0.011308675351663406,72,914,45,1.4810653856981528,COMPLETE
69,0.22701333074229485,2026-07-06 04:45:55.839925,2026-07-06 04:45:56.823286,0 days 00:00:00.983361,0.5784931571886899,2,0.8685270056764571,12,0.05021399782346856,62,162,46,0.04131168961000312,COMPLETE
70,0.2717336036941992,2026-07-06 04:45:56.886016,2026-07-06 04:46:00.116150,0 days 00:00:03.230134,0.7804908490400734,5,0.5053705369463318,18,0.018514378395370738,69,789,27,0.4632827007311924,COMPLETE
71,0.2257228000337403,2026-07-06 04:46:00.181250,2026-07-06 04:46:02.150462,0 days 00:00:01.969212,0.5834996787317671,4,0.5757231003560084,18,0.010595735614960916,77,497,37,0.02042066816933234,COMPLETE
72,0.23635384750470467,2026-07-06 04:46:02.218525,2026-07-06 04:46:03.979464,0 days 00:00:01.760939,0.6241473890511291,4,0.7082197456229662,12,0.01125684802102317,59,367,48,0.055896387029408356,COMPLETE
73,0.22448702731944897,2026-07-06 04:46:04.042192,2026-07-06 04:46:08.124966,0 days 00:00:04.082774,0.5436759185661789,2,0.9583775558817199,12,0.06646942745791451,79,1267,56,1.5781551224858963,COMPLETE
74,0.33860465722450744,2026-07-06 04:46:08.186631,2026-07-06 04:46:12.299200,0 days 00:00:04.112569,0.5531492820826586,3,0.7418942903001138,12,0.07615406726714853,50,913,42,0.9418132170033839,COMPLETE
75,0.3975340232117537,2026-07-06 04:46:12.365993,2026-07-06 04:46:16.365281,0 days 00:00:03.999288,0.6487659022948286,4,0.641371986306412,18,0.0548792761259438,35,641,57,0.08709757408825866,COMPLETE
76,0.22448702731944897,2026-07-06 04:46:16.430164,2026-07-06 04:46:17.976260,0 days 00:00:01.546096,0.5958810130054176,3,0.8115416900365198,12,0.04140298778821417,79,326,62,0.05155738289361568,COMPLETE
77,0.22448702731944897,2026-07-06 04:46:18.036518,2026-07-06 04:46:20.886437,0 days 00:00:02.849919,0.550995651150781,5,0.6387439952242633,12,0.008645917613470963,76,773,63,0.2088308129916133,COMPLETE
78,0.32103717545754573,2026-07-06 04:46:20.952369,2026-07-06 04:46:28.727233,0 days 00:00:07.774864,0.7606980965628773,1,0.5901856933638221,30,0.007529997867028213,16,532,34,0.03535534232131851,COMPLETE
79,0.2257228000337403,2026-07-06 04:46:28.790148,2026-07-06 04:46:30.711856,0 days 00:00:01.921708,0.6257071226434142,5,0.6076556933799098,18,0.010959625909337946,74,460,47,0.29120595971253727,COMPLETE
80,0.225159809096442,2026-07-06 04:46:30.774938,2026-07-06 04:46:33.079418,0 days 00:00:02.304480,0.5196696872458847,5,0.5455986764456087,12,0.01007770652929414,57,562,46,0.051506113943882235,COMPLETE
81,0.2257228000337403,2026-07-06 04:46:33.147426,2026-07-06 04:46:35.203428,0 days 00:00:02.056002,0.5189611139002052,5,0.7036776264275694,18,0.01709143296583975,75,484,37,0.0434459710843039,COMPLETE
82,0.22448702731944897,2026-07-06 04:46:35.273635,2026-07-06 04:46:37.015032,0 days 00:00:01.741397,0.6301942460879681,2,0.6973647394183456,12,0.011715058419261959,72,375,22,4.09508862760254,COMPLETE
83,0.22448702731944897,2026-07-06 04:46:37.083355,2026-07-06 04:46:38.625788,0 days 00:00:01.542433,0.5862013193970855,5,0.8168450643895981,12,0.007059333478556752,73,320,28,1.2339489822348817,COMPLETE
84,0.22513010525295069,2026-07-06 04:46:38.690575,2026-07-06 04:46:41.358138,0 days 00:00:02.667563,0.505255989303719,3,0.7364974485727951,12,0.019868031134313142,60,697,29,6.369300447191362,COMPLETE
85,0.22748401208191088,2026-07-06 04:46:41.425867,2026-07-06 04:46:45.242558,0 days 00:00:03.816691,0.5728950699921007,5,0.7657852681663999,36,0.0089409838524438,61,1030,25,0.019301152720578352,COMPLETE
86,0.22699502967909632,2026-07-06 04:46:45.311853,2026-07-06 04:46:46.418619,0 days 00:00:01.106766,0.5832586766415526,4,0.8135205079227233,12,0.02641087084282744,63,164,25,0.16671240540786084,COMPLETE
87,0.22448702731944897,2026-07-06 04:46:46.483981,2026-07-06 04:46:48.503652,0 days 00:00:02.019671,0.561230126399938,4,0.8295043586487914,12,0.017250425372933857,86,450,22,4.157701426520974,COMPLETE
88,0.2845382383333591,2026-07-06 04:46:48.569396,2026-07-06 04:46:50.074429,0 days 00:00:01.505033,0.5098362902721068,4,0.7768623996022294,12,0.05595924542420182,43,222,51,0.7395956371156842,COMPLETE
89,0.2257228000337403,2026-07-06 04:46:50.141466,2026-07-06 04:46:51.451121,0 days 00:00:01.309655,0.5664091579522667,3,0.8017321178409705,18,0.01810837102738285,73,224,41,5.173977808830287,COMPLETE
90,0.3606301989768536,2026-07-06 04:46:51.515898,2026-07-06 04:46:55.146565,0 days 00:00:03.630667,0.7991869336800823,4,0.8132903394912747,12,0.087529758440112,61,655,50,0.1592767711273404,COMPLETE
91,0.22448702731944897,2026-07-06 04:46:55.213154,2026-07-06 04:46:58.978679,0 days 00:00:03.765525,0.6420070977313337,4,0.5039376948613918,12,0.03680630174945613,88,970,29,0.10581839886694143,COMPLETE
92,0.22448702731944897,2026-07-06 04:46:59.041786,2026-07-06 04:47:00.363610,0 days 00:00:01.321824,0.7751873120954121,5,0.5186235212927484,12,0.0951700298746946,82,218,42,0.017757369834573322,COMPLETE
93,0.23132070820144518,2026-07-06 04:47:00.428317,2026-07-06 04:47:04.281400,0 days 00:00:03.853083,0.5711172604887924,5,0.7164874447201576,12,0.08136133825718081,62,965,32,0.020322465061090915,COMPLETE
94,0.22448702731944897,2026-07-06 04:47:04.350011,2026-07-06 04:47:05.909474,0 days 00:00:01.559463,0.6470965238052854,5,0.6791127276828408,12,0.08599538563919056,98,320,41,0.014693085620661458,COMPLETE
95,0.22448702731944897,2026-07-06 04:47:05.977321,2026-07-06 04:47:10.497272,0 days 00:00:04.519951,0.599367027397017,5,0.5241616265323696,12,0.022063111858893193,83,1283,52,7.636210353650905,COMPLETE
96,0.22448702731944897,2026-07-06 04:47:10.565210,2026-07-06 04:47:13.226114,0 days 00:00:02.660904,0.5911598667460236,5,0.5974197519636611,12,0.04539112895255647,95,661,42,0.03678390171717864,COMPLETE
97,0.22448702731944897,2026-07-06 04:47:13.294396,2026-07-06 04:47:14.871330,0 days 00:00:01.576934,0.5073106461596966,5,0.617326303802483,12,0.007257762390064577,87,308,24,0.20464961943567903,COMPLETE
98,0.2424882360599619,2026-07-06 04:47:14.935149,2026-07-06 04:47:16.716901,0 days 00:00:01.781752,0.5899482817300885,4,0.6985379335282302,12,0.008748398250763588,44,266,62,9.829635775486167,COMPLETE
99,0.22448702731944897,2026-07-06 04:47:16.780527,2026-07-06 04:47:18.360910,0 days 00:00:01.580383,0.5746488907412608,5,0.6225539288662566,12,0.013089028672818474,89,352,44,7.216931695807587,COMPLETE
100,0.22448702731944897,2026-07-06 04:47:18.431461,2026-07-06 04:47:19.983260,0 days 00:00:01.551799,0.6008513141201113,5,0.6373008491667949,12,0.04646411028480065,69,329,45,9.969236674841795,COMPLETE
101,0.22448702731944897,2026-07-06 04:47:20.049620,2026-07-06 04:47:22.889354,0 days 00:00:02.839734,0.6084768367249,5,0.6626338533247519,12,0.08395845670020673,81,784,46,0.038705506538704366,COMPLETE
102,0.2257228000337403,2026-07-06 04:47:22.956711,2026-07-06 04:47:23.926956,0 days 00:00:00.970245,0.8088029060863161,4,0.8578495383535828,18,0.015320428661721073,85,125,43,0.290528029363338,COMPLETE
103,0.22448702731944897,2026-07-06 04:47:23.994332,2026-07-06 04:47:25.716901,0 days 00:00:01.722569,0.8031412947713854,5,0.8812669208336188,12,0.027082270048189586,96,412,36,0.44199153450583656,COMPLETE
104,0.404912198074019,2026-07-06 04:47:25.782568,2026-07-06 04:47:30.492529,0 days 00:00:04.709961,0.8527653747272133,5,0.5267519349123644,18,0.09971322556418181,64,1062,57,0.019064222948729788,COMPLETE
105,0.22448702731944897,2026-07-06 04:47:30.555369,2026-07-06 04:47:31.773168,0 days 00:00:01.217799,0.6566818219994552,5,0.6998818443455636,12,0.008346906787547494,90,224,36,0.01611757715661316,COMPLETE
