number,value,datetime_start,datetime_complete,duration,params_bagging_fraction,params_bagging_freq,params_feature_fraction,params_lags,params_learning_rate,params_min_child_samples,params_n_estimators,params_num_leaves,params_reg_lambda,state
106,0.1475768915563713,2026-07-06 04:40:56.897241,2026-07-06 04:40:59.518689,0 days 00:00:02.621448,0.5329174793148411,4,0.8302367155688964,18,0.05249770746125836,72,813,47,0.009282315568502597,COMPLETE
107,0.14165032002021305,2026-07-06 04:40:59.579724,2026-07-06 04:41:00.788000,0 days 00:00:01.208276,0.701736248856081,2,0.8289028552443345,12,0.09289374146223782,60,288,35,1.1421731304574758,COMPLETE
108,0.1475768915563713,2026-07-06 04:41:00.859843,2026-07-06 04:41:02.280692,0 days 00:00:01.420849,0.7818275089206564,5,0.5299846002890014,18,0.0639003495481841,57,351,47,3.3102659052123666,COMPLETE
109,0.1475768915563713,2026-07-06 04:41:02.349669,2026-07-06 04:41:03.070255,0 days 00:00:00.720586,0.5917208557700036,1,0.8897763079019962,18,0.05486018554544274,93,140,45,3.777345038899526,COMPLETE
110,0.15284190934212666,2026-07-06 04:41:03.142056,2026-07-06 04:41:05.218661,0 days 00:00:02.076605,0.6078327030565549,3,0.5915901939052298,30,0.0053891133288303476,22,647,44,1.1704890139729904,COMPLETE
111,0.14165032002021305,2026-07-06 04:41:05.287905,2026-07-06 04:41:08.802778,0 days 00:00:03.514873,0.5238785861627141,3,0.9660388918705922,12,0.0703264463709737,75,1225,60,2.1901378013121304,COMPLETE
112,0.1475768915563713,2026-07-06 04:41:08.876469,2026-07-06 04:41:11.383243,0 days 00:00:02.506774,0.5969125963258068,2,0.8838999701593241,18,0.05627697837299757,95,823,59,2.7855315842526225,COMPLETE
113,0.14165032002021305,2026-07-06 04:41:11.457165,2026-07-06 04:41:13.090245,0 days 00:00:01.633080,0.5464987055040135,5,0.7902165122670468,12,0.01882380673427341,70,445,41,8.27953565465211,COMPLETE
114,0.14165032002021305,2026-07-06 04:41:13.165139,2026-07-06 04:41:16.430234,0 days 00:00:03.265095,0.5941634923046228,3,0.7623038402532051,12,0.052517675083287516,78,1092,59,5.601125840082972,COMPLETE
115,0.14165032002021305,2026-07-06 04:41:16.502589,2026-07-06 04:41:19.213144,0 days 00:00:02.710555,0.5991249600508006,5,0.8122329405494868,12,0.05814307433238589,57,870,45,0.05020071766815737,COMPLETE
116,0.1475768915563713,2026-07-06 04:41:19.287522,2026-07-06 04:41:21.216858,0 days 00:00:01.929336,0.5700647897511478,4,0.9763110177269705,18,0.008056631701907223,33,535,47,0.8263219061097834,COMPLETE
117,0.14165032002021305,2026-07-06 04:41:21.287263,2026-07-06 04:41:22.970864,0 days 00:00:01.683601,0.90285997717286,5,0.8008683353833427,12,0.03305316234120279,48,608,52,6.704002809532843,COMPLETE
118,0.1475768915563713,2026-07-06 04:41:23.043367,2026-07-06 04:41:26.325469,0 days 00:00:03.282102,0.7138094521173194,5,0.64795353859353,18,0.011426822539963861,96,962,25,0.6267664286138757,COMPLETE
119,0.14165032002021305,2026-07-06 04:41:26.398590,2026-07-06 04:41:27.446789,0 days 00:00:01.048199,0.5828665432883146,5,0.7981842101674803,12,0.03350000740222206,28,195,29,5.568665294511512,COMPLETE
120,0.14165032002021305,2026-07-06 04:41:27.520734,2026-07-06 04:41:28.818032,0 days 00:00:01.297298,0.6018616768005821,5,0.6250396091209613,12,0.035718514610115173,69,282,56,2.153747217367641,COMPLETE
121,0.1475768915563713,2026-07-06 04:41:28.890871,2026-07-06 04:41:29.999160,0 days 00:00:01.108289,0.547386992768593,4,0.6594180147170817,18,0.009034095324250048,100,225,45,0.010337035581926553,COMPLETE
122,0.14165032002021305,2026-07-06 04:41:30.064932,2026-07-06 04:41:31.668702,0 days 00:00:01.603770,0.6371489008168421,5,0.6242078825249606,12,0.008460637968159391,78,394,46,0.2237367130130017,COMPLETE
123,0.14165032002021305,2026-07-06 04:41:31.742199,2026-07-06 04:41:35.389775,0 days 00:00:03.647576,0.741829783633526,3,0.8565318106895692,12,0.041505462850913784,88,1091,50,0.08276951319709464,COMPLETE
124,0.1475768915563713,2026-07-06 04:41:35.464255,2026-07-06 04:41:36.488568,0 days 00:00:01.024313,0.5377968668188938,5,0.8916777893542942,18,0.03233897890567344,89,208,33,0.31206536906386606,COMPLETE
125,0.14165032002021305,2026-07-06 04:41:36.559732,2026-07-06 04:41:38.083389,0 days 00:00:01.523657,0.5017959192892988,5,0.5706189785391556,12,0.018531773627290044,92,409,55,0.44828125020101084,COMPLETE
126,0.14165032002021305,2026-07-06 04:41:38.159248,2026-07-06 04:41:40.206886,0 days 00:00:02.047638,0.7296009401344015,4,0.650754730491646,12,0.026451561204513925,59,606,60,2.018095401194477,COMPLETE
127,0.14165032002021305,2026-07-06 04:41:40.279088,2026-07-06 04:41:41.149572,0 days 00:00:00.870484,0.7308945614212015,5,0.6415645951995581,12,0.013112646816156879,71,136,56,6.295728869957155,COMPLETE
128,0.14165032002021305,2026-07-06 04:41:41.221587,2026-07-06 04:41:42.539313,0 days 00:00:01.317726,0.6766844685253665,3,0.8801369960041646,12,0.005919273022796073,35,337,32,1.3396217355154418,COMPLETE
129,0.14165032002021305,2026-07-06 04:41:42.613997,2026-07-06 04:41:43.620818,0 days 00:00:01.006821,0.6725380235269338,4,0.9730618398204621,12,0.009669781085550071,55,199,58,1.1428363122750103,COMPLETE
130,0.14165032002021305,2026-07-06 04:41:43.690931,2026-07-06 04:41:46.673946,0 days 00:00:02.983015,0.7373060706169252,5,0.667727583484189,12,0.010138151385375375,95,997,48,1.3325065054057412,COMPLETE
131,0.14165032002021305,2026-07-06 04:41:46.745633,2026-07-06 04:41:50.117183,0 days 00:00:03.371550,0.6304936915191475,5,0.5770876092969389,12,0.024157962790071243,78,1009,42,0.30120285529450713,COMPLETE
132,0.1475768915563713,2026-07-06 04:41:50.184848,2026-07-06 04:41:51.005335,0 days 00:00:00.820487,0.6375741837364537,5,0.664500724720711,18,0.0395561670599355,72,106,23,1.1568299404085334,COMPLETE
133,0.14165032002021305,2026-07-06 04:41:51.075690,2026-07-06 04:41:53.579123,0 days 00:00:02.503433,0.5370035742681092,5,0.8350244769918779,12,0.009891771957478245,79,743,58,0.23904093099909812,COMPLETE
134,0.14671892216972499,2026-07-06 04:41:53.651482,2026-07-06 04:41:54.590857,0 days 00:00:00.939375,0.5385533365490767,4,0.8063698336118524,24,0.07609750055348478,97,140,49,4.395597773449138,COMPLETE
135,0.14165032002021305,2026-07-06 04:41:54.663049,2026-07-06 04:41:56.048269,0 days 00:00:01.385220,0.554383310745319,3,0.7556824461083487,12,0.06676737812598146,79,308,57,0.24554093615912556,COMPLETE
136,0.14165032002021305,2026-07-06 04:41:56.123652,2026-07-06 04:41:57.524344,0 days 00:00:01.400692,0.5426452618409321,4,0.6243897717756972,12,0.00451056943296645,61,320,45,8.22119492118332,COMPLETE
137,0.14165032002021305,2026-07-06 04:41:57.595983,2026-07-06 04:42:01.262162,0 days 00:00:03.666179,0.5114102003678979,4,0.9048426147516102,12,0.06386222508399922,99,1140,38,1.7751973657084819,COMPLETE
138,0.14671892216972499,2026-07-06 04:42:01.332626,2026-07-06 04:42:03.647571,0 days 00:00:02.314945,0.8063528076732662,2,0.8599123096426717,24,0.06693938136335155,67,713,46,2.169398942453909,COMPLETE
139,0.14165032002021305,2026-07-06 04:42:03.721637,2026-07-06 04:42:05.779427,0 days 00:00:02.057790,0.5063004872700966,4,0.8979074281793208,12,0.04782550599183118,87,593,59,3.6863476767750005,COMPLETE
140,0.14165032002021305,2026-07-06 04:42:05.852874,2026-07-06 04:42:07.406338,0 days 00:00:01.553464,0.6273554984914801,1,0.8584566993347074,12,0.06820130005635898,59,622,50,7.593139044011389,COMPLETE
141,0.14165032002021305,2026-07-06 04:42:07.480520,2026-07-06 04:42:09.778843,0 days 00:00:02.298323,0.6608788921278632,5,0.7214176977890536,12,0.04987099517520533,90,652,37,0.008491567822269392,COMPLETE
142,0.1475768915563713,2026-07-06 04:42:09.848643,2026-07-06 04:42:12.515682,0 days 00:00:02.667039,0.5065082173044386,5,0.5078951725549898,18,0.009842814222104673,89,723,22,0.04018913052785246,COMPLETE
143,0.14165032002021305,2026-07-06 04:42:12.592064,2026-07-06 04:42:13.715637,0 days 00:00:01.123573,0.6536950792147126,4,0.8804156609177938,12,0.016705745590229467,98,208,23,8.803890538226332,COMPLETE
144,0.14165032002021305,2026-07-06 04:42:13.788290,2026-07-06 04:42:16.586673,0 days 00:00:02.798383,0.5285361872312566,2,0.9088358247472677,12,0.03833065701672186,65,795,57,0.17734472721125374,COMPLETE
145,0.14165032002021305,2026-07-06 04:42:16.660579,2026-07-06 04:42:18.551875,0 days 00:00:01.891296,0.5295689195039494,5,0.7552553749033882,12,0.00949602507824475,73,439,47,0.009738862819633811,COMPLETE
146,0.14165032002021305,2026-07-06 04:42:18.628919,2026-07-06 04:42:22.289888,0 days 00:00:03.660969,0.5834012904183777,4,0.6979467071991071,12,0.07505753052773823,56,1244,53,0.022139971120463387,COMPLETE
147,0.14165032002021305,2026-07-06 04:42:22.361402,2026-07-06 04:42:23.334128,0 days 00:00:00.972726,0.5280960437823824,5,0.8437865721970583,12,0.0267827594022673,79,180,53,1.2745037756422337,COMPLETE
148,0.1475768915563713,2026-07-06 04:42:23.403435,2026-07-06 04:42:26.406922,0 days 00:00:03.003487,0.7165429841608222,5,0.710182015497949,18,0.08805238482795102,71,1018,42,0.0681322095039249,COMPLETE
149,0.1515814859302526,2026-07-06 04:42:26.472995,2026-07-06 04:42:27.341307,0 days 00:00:00.868312,0.9262438513697887,3,0.7684127276566617,36,0.01677787791990659,90,624,10,0.14454078025699765,COMPLETE
