number,value,datetime_start,datetime_complete,duration,params_depth,params_l2_leaf_reg,params_lags,params_learning_rate,params_n_estimators,params_subsample,state
123,0.13745040934877195,2026-07-04 04:38:09.737965,2026-07-04 04:38:10.637940,0 days 00:00:00.899975,3,24.09068377719265,12,0.027490511504870755,322,0.9000326353981025,COMPLETE
124,0.14276353436779393,2026-07-04 04:38:10.704869,2026-07-04 04:38:11.978927,0 days 00:00:01.274058,4,20.51021280533795,18,0.012509590520339016,400,0.8855653329901785,COMPLETE
125,0.13710222174331868,2026-07-04 04:38:12.047411,2026-07-04 04:38:13.117885,0 days 00:00:01.070474,5,20.73802951031464,12,0.019199965367838516,245,0.9969477330562803,COMPLETE
126,0.13670378277370923,2026-07-04 04:38:13.185880,2026-07-04 04:38:14.742247,0 days 00:00:01.556367,5,25.16259642766306,12,0.011617504148560763,520,0.9684085659318082,COMPLETE
127,0.1435946908536789,2026-07-04 04:38:14.810340,2026-07-04 04:38:15.742409,0 days 00:00:00.932069,3,1.3186005481681824,24,0.006488385008456876,238,0.6276817288947217,COMPLETE
128,0.14161293380541928,2026-07-04 04:38:15.808547,2026-07-04 04:38:24.160344,0 days 00:00:08.351797,9,13.145714411483807,24,0.08289353203754932,942,0.6256315538177183,COMPLETE
129,0.13672491078983343,2026-07-04 04:38:24.228379,2026-07-04 04:38:25.888080,0 days 00:00:01.659701,4,26.781791875251223,12,0.010113292123602869,763,0.7184581381035342,COMPLETE
130,0.13958945825979066,2026-07-04 04:38:25.955285,2026-07-04 04:38:28.128803,0 days 00:00:02.173518,5,24.4732927423632,12,0.01755351875599151,849,0.6292528911887727,COMPLETE
131,0.13700244141731,2026-07-04 04:38:28.191132,2026-07-04 04:38:29.789173,0 days 00:00:01.598041,4,23.598854757685977,12,0.010662298816175076,725,0.7783615094857188,COMPLETE
132,0.14113954673130588,2026-07-04 04:38:29.855388,2026-07-04 04:38:44.268584,0 days 00:00:14.413196,10,9.907147517963978,24,0.012286942986729025,1305,0.6120602246236242,COMPLETE
133,0.13710770463837793,2026-07-04 04:38:44.336355,2026-07-04 04:38:46.396913,0 days 00:00:02.060558,5,29.632356819879206,12,0.009528011142788138,798,0.8141280974466575,COMPLETE
134,0.14214872507360676,2026-07-04 04:38:46.467897,2026-07-04 04:38:48.694450,0 days 00:00:02.226553,5,15.368126878336769,12,0.016532513511969688,886,0.7583791734663706,COMPLETE
135,0.13740028919209848,2026-07-04 04:38:48.762456,2026-07-04 04:38:50.350692,0 days 00:00:01.588236,4,19.035283006931,12,0.006073611016384334,731,0.7307210312982448,COMPLETE
136,0.14000773531208127,2026-07-04 04:38:50.424808,2026-07-04 04:38:51.992524,0 days 00:00:01.567716,3,22.813154602344973,12,0.011588780841315892,955,0.7245935072493114,COMPLETE
137,0.13844616666532766,2026-07-04 04:38:52.057187,2026-07-04 04:38:53.403122,0 days 00:00:01.345935,5,11.267503120872167,12,0.016246820565864076,401,0.8044302653844452,COMPLETE
138,0.14175261998085303,2026-07-04 04:38:53.472734,2026-07-04 04:38:55.127809,0 days 00:00:01.655075,5,16.571000051147543,12,0.025163742458164443,565,0.7705488638672922,COMPLETE
139,0.14290012129220428,2026-07-04 04:38:55.193844,2026-07-04 04:38:56.729452,0 days 00:00:01.535608,6,13.756157251654955,18,0.016306755740631743,314,0.8328515738960162,COMPLETE
140,0.13677033800762925,2026-07-04 04:38:56.793390,2026-07-04 04:38:58.189208,0 days 00:00:01.395818,5,24.62257644464331,12,0.014303190126307331,447,0.9189321287616974,COMPLETE
141,0.15119789588245253,2026-07-04 04:38:58.258787,2026-07-04 04:39:06.448031,0 days 00:00:08.189244,10,4.59661889320876,36,0.004068295622880088,740,0.5288407536339406,COMPLETE
142,0.1369426369624232,2026-07-04 04:39:06.519588,2026-07-04 04:39:08.572361,0 days 00:00:02.052773,6,27.82912393150624,12,0.0198226002981515,606,0.9701379033348593,COMPLETE
143,0.1383920669588138,2026-07-04 04:39:08.637798,2026-07-04 04:39:11.729786,0 days 00:00:03.091988,7,25.77066560489098,12,0.02445096815773313,784,0.9575382530284516,COMPLETE
144,0.14182214374373803,2026-07-04 04:39:11.800873,2026-07-04 04:39:16.225188,0 days 00:00:04.424315,5,15.747797420610162,24,0.02332509847395721,1478,0.6085557342259239,COMPLETE
145,0.14778543551975742,2026-07-04 04:39:16.294487,2026-07-04 04:39:17.443890,0 days 00:00:01.149403,3,18.770845019999637,36,0.0842397056859497,339,0.8640636475624066,COMPLETE
146,0.1364893089190542,2026-07-04 04:39:17.510693,2026-07-04 04:39:19.197969,0 days 00:00:01.687276,5,22.52553289938265,12,0.012098354058359753,583,0.9546416012673147,COMPLETE
147,0.13806259401043536,2026-07-04 04:39:19.268813,2026-07-04 04:39:21.353378,0 days 00:00:02.084565,5,17.906568546526433,12,0.01637814584052531,811,0.9663782155769186,COMPLETE
148,0.13594446795146284,2026-07-04 04:39:21.423192,2026-07-04 04:39:22.806117,0 days 00:00:01.382925,4,27.752106398689595,12,0.014107768529816225,591,0.9721309005039829,COMPLETE
149,0.1431022353983734,2026-07-04 04:39:22.874528,2026-07-04 04:39:25.641205,0 days 00:00:02.766677,7,21.678766852259816,18,0.01679344208081976,557,0.9604125498538622,COMPLETE
150,0.13622444831265018,2026-07-04 05:11:36.433273,2026-07-04 05:11:38.445815,0 days 00:00:02.012542,6,14.632957183277554,12,0.015233192961799586,509,0.9566302721884696,COMPLETE
151,0.13674909776524652,2026-07-04 05:11:38.514208,2026-07-04 05:11:40.348870,0 days 00:00:01.834662,5,27.795364652121417,12,0.015474311735077666,581,0.9514943575773415,COMPLETE
152,0.13663988013750045,2026-07-04 05:11:40.433307,2026-07-04 05:11:42.234806,0 days 00:00:01.801499,4,18.033694224810183,12,0.007493644188148134,801,0.9851738940232952,COMPLETE
153,0.13669975530425013,2026-07-04 05:11:42.312108,2026-07-04 05:11:44.148863,0 days 00:00:01.836755,5,28.9559762777222,12,0.012496449512554852,603,0.9455107371000326,COMPLETE
154,0.13690524051254338,2026-07-04 05:11:44.221770,2026-07-04 05:11:45.764257,0 days 00:00:01.542487,4,23.766377121992853,12,0.016388644149356233,565,0.9576051620997772,COMPLETE
155,0.14059829782563388,2026-07-04 05:11:45.829718,2026-07-04 05:11:48.403692,0 days 00:00:02.573974,5,12.057886185752773,24,0.007897785281450022,710,0.9786747676539467,COMPLETE
156,0.14331624123069434,2026-07-04 05:11:48.472003,2026-07-04 05:11:50.511703,0 days 00:00:02.039700,4,28.92578090783026,18,0.012491601871019248,801,0.942408978384154,COMPLETE
157,0.13940418684852038,2026-07-04 05:11:50.579964,2026-07-04 05:11:52.412379,0 days 00:00:01.832415,4,12.660947489019946,12,0.009906584818559832,850,0.9492511746897168,COMPLETE
158,0.13773114126637998,2026-07-04 05:11:52.477846,2026-07-04 05:11:54.007073,0 days 00:00:01.529227,4,22.931962476136228,12,0.01635594094000362,641,0.9380883503006113,COMPLETE
159,0.1378567053150678,2026-07-04 05:11:54.074601,2026-07-04 05:11:55.791304,0 days 00:00:01.716703,5,27.05443575261682,12,0.0068159027352383455,575,0.9549346090506521,COMPLETE
160,0.14416709538208194,2026-07-04 05:11:55.852403,2026-07-04 05:11:57.240027,0 days 00:00:01.387624,3,18.577438013069983,18,0.012929981099967581,688,0.9964906163064136,COMPLETE
161,0.13667356919398202,2026-07-04 05:11:57.306586,2026-07-04 05:11:59.330936,0 days 00:00:02.024350,4,22.220524675270397,12,0.004647184142036418,1004,0.962109440521787,COMPLETE
162,0.1371491264665088,2026-07-04 05:11:59.399268,2026-07-04 05:12:01.087367,0 days 00:00:01.688099,3,23.56446206279901,12,0.0033628847304642113,1117,0.9505762044926589,COMPLETE
163,0.14276535222233508,2026-07-04 05:12:01.150300,2026-07-04 05:12:03.639328,0 days 00:00:02.489028,3,7.57017053666808,24,0.006649762926491896,1363,0.9687805796830112,COMPLETE
164,0.14612985953273086,2026-07-04 05:12:03.704227,2026-07-04 05:12:06.872667,0 days 00:00:03.168440,7,4.989789503632614,12,0.036658037641060306,740,0.9513169601261559,COMPLETE
165,0.1439921211516194,2026-07-04 05:12:06.947514,2026-07-04 05:12:09.877643,0 days 00:00:02.930129,5,17.84830853628422,18,0.0030725648056478,996,0.9085960157314282,COMPLETE
166,0.13828374767574625,2026-07-04 05:12:09.946617,2026-07-04 05:12:11.414151,0 days 00:00:01.467534,4,11.473118872904493,12,0.009014439864721165,669,0.9897468258195566,COMPLETE
167,0.145239640793979,2026-07-04 05:12:11.479771,2026-07-04 05:12:17.551920,0 days 00:00:06.072149,7,2.2489142781838005,30,0.008047871793610915,1077,0.9501074183915023,COMPLETE
168,0.14670763821426863,2026-07-04 05:12:17.617579,2026-07-04 05:12:18.412192,0 days 00:00:00.794613,3,9.89034801910449,30,0.020103316047949814,195,0.6481252374183769,COMPLETE
169,0.1367071922768937,2026-07-04 05:12:18.477554,2026-07-04 05:12:20.463708,0 days 00:00:01.986154,4,22.39960548059912,12,0.004732842444297883,993,0.9842792264806411,COMPLETE
170,0.14060170110753253,2026-07-04 05:12:20.526156,2026-07-04 05:12:22.126353,0 days 00:00:01.600197,3,7.469840410558645,12,0.004230679484285802,1035,0.9830966890359932,COMPLETE
171,0.13694347140204913,2026-07-04 05:12:22.194809,2026-07-04 05:12:23.745884,0 days 00:00:01.551075,6,16.899865936213683,12,0.01611980099382531,422,0.9062584372619668,COMPLETE
172,0.13820251881482765,2026-07-04 05:12:23.809686,2026-07-04 05:12:27.329123,0 days 00:00:03.519437,6,21.71273060617557,12,0.003148608315884487,1181,0.940030307360216,COMPLETE
173,0.13607268243200582,2026-07-04 05:12:27.392363,2026-07-04 05:12:29.281364,0 days 00:00:01.889001,4,27.929693523054897,12,0.009609699830501656,885,0.9229214738138957,COMPLETE
174,0.14817844899090685,2026-07-04 05:12:29.358604,2026-07-04 05:12:30.989107,0 days 00:00:01.630503,3,2.2711714361227915,30,0.0030127474728360317,607,0.9022861152590352,COMPLETE
175,0.13701187137605492,2026-07-04 05:12:31.059240,2026-07-04 05:12:33.484776,0 days 00:00:02.425536,5,14.444870516802927,12,0.00434123912237081,926,0.9043013783667199,COMPLETE
176,0.14306846930967038,2026-07-04 05:12:33.559681,2026-07-04 05:12:35.523150,0 days 00:00:01.963469,4,16.609142340202236,18,0.00456156096333443,770,0.943182657549316,COMPLETE
177,0.13662999465075587,2026-07-04 05:12:35.589556,2026-07-04 05:12:38.066511,0 days 00:00:02.476955,5,26.888634179455394,12,0.00831672673754578,982,0.9347108810379696,COMPLETE
178,0.13845274222402765,2026-07-04 05:12:38.129588,2026-07-04 05:12:39.839279,0 days 00:00:01.709691,3,26.034832269328867,12,0.010002030676331644,1105,0.9972515328678342,COMPLETE
179,0.1428417121381178,2026-07-04 05:12:39.906137,2026-07-04 05:12:43.845939,0 days 00:00:03.939802,6,25.06456250618368,18,0.014784384018360856,1066,0.9844753049705159,COMPLETE
180,0.13659251372682663,2026-07-04 05:12:43.915821,2026-07-04 05:12:45.825422,0 days 00:00:01.909601,4,25.17309806411675,12,0.0053986925411284165,921,0.9949584621692684,COMPLETE
181,0.14276887756624412,2026-07-04 05:12:45.894131,2026-07-04 05:12:49.039311,0 days 00:00:03.145180,5,15.87558478008792,18,0.007160875754721413,1128,0.9694143378141723,COMPLETE
182,0.1366293710879269,2026-07-04 05:12:49.109946,2026-07-04 05:12:51.750243,0 days 00:00:02.640297,5,22.518652531364044,12,0.006807515720808715,1057,0.9675849731205943,COMPLETE
183,0.13724384604479412,2026-07-04 05:12:51.823261,2026-07-04 05:12:54.582871,0 days 00:00:02.759610,5,14.47394948204354,12,0.008296411284685723,1126,0.9283837897014808,COMPLETE
184,0.13662291823842448,2026-07-04 05:12:54.661527,2026-07-04 05:12:57.565500,0 days 00:00:02.903973,5,21.436116824667042,12,0.0045863175196673815,1215,0.9813945990849933,COMPLETE
185,0.13750057838401486,2026-07-04 05:12:57.630561,2026-07-04 05:13:00.062652,0 days 00:00:02.432091,5,23.171760278644218,12,0.003825179373859519,988,0.9791058597824188,COMPLETE
186,0.13764518887886737,2026-07-04 05:13:00.129945,2026-07-04 05:13:02.605650,0 days 00:00:02.475705,4,13.938696452035733,12,0.004775415327281012,1289,0.9744064546372322,COMPLETE
187,0.13709700355464768,2026-07-04 05:13:02.672314,2026-07-04 05:13:05.050644,0 days 00:00:02.378330,5,25.30232682070518,12,0.0056189543483038205,886,0.9958843333862691,COMPLETE
188,0.14949773845412073,2026-07-04 05:13:05.115755,2026-07-04 05:13:07.069092,0 days 00:00:01.953337,4,27.464917495006635,12,0.03949775824907018,943,0.9948968044294458,COMPLETE
189,0.13697916321996392,2026-07-04 05:13:07.135557,2026-07-04 05:13:09.750882,0 days 00:00:02.615325,6,21.057871429539833,12,0.009989289608630141,773,0.9758273712835069,COMPLETE
190,0.13679738699085534,2026-07-04 05:13:09.814252,2026-07-04 05:13:12.866380,0 days 00:00:03.052128,5,27.441909142405837,12,0.005895231704464074,1260,0.9217614861330147,COMPLETE
191,0.15322562893852412,2026-07-04 05:13:12.937084,2026-07-04 05:13:15.634303,0 days 00:00:02.697219,6,25.539143084495116,36,0.0030027586034547587,508,0.563254563419759,COMPLETE
192,0.13720278629971422,2026-07-04 05:13:15.711911,2026-07-04 05:13:17.096419,0 days 00:00:01.384508,3,16.98283993007269,12,0.00466301449337514,770,0.9922567814552897,COMPLETE
193,0.1375129530914958,2026-07-04 05:13:17.158905,2026-07-04 05:13:19.721057,0 days 00:00:02.562152,4,18.298710732500982,12,0.005362314235044736,1445,0.8883727420692004,COMPLETE
194,0.14333859691371945,2026-07-04 05:13:19.786459,2026-07-04 05:13:22.029277,0 days 00:00:02.242818,4,27.398414467823656,18,0.005430304905334378,929,0.9865256568648871,COMPLETE
195,0.13707499693180714,2026-07-04 05:13:22.087635,2026-07-04 05:13:24.158930,0 days 00:00:02.071295,4,23.088387353058295,12,0.008757440531350877,1082,0.9858110332698986,COMPLETE
196,0.13763014842320848,2026-07-04 05:13:24.233401,2026-07-04 05:13:27.171038,0 days 00:00:02.937637,5,28.818089690375576,12,0.004375209769580759,1185,0.7970230481298505,COMPLETE
197,0.1363125818384864,2026-07-04 05:13:27.243903,2026-07-04 05:13:29.249175,0 days 00:00:02.005272,4,23.543915102328548,12,0.00646873013528461,980,0.966692278866661,COMPLETE
198,0.14533845674831208,2026-07-04 05:13:29.317512,2026-07-04 05:13:30.612766,0 days 00:00:01.295254,3,27.241371274572167,24,0.0868875054577108,514,0.6560633400940094,COMPLETE
199,0.13678966175518528,2026-07-04 05:13:30.676782,2026-07-04 05:13:32.166719,0 days 00:00:01.489937,3,26.44470973488566,12,0.005435318635640269,936,0.8955754128782502,COMPLETE
200,0.1362480645205975,2026-07-04 05:13:32.231523,2026-07-04 05:13:34.123956,0 days 00:00:01.892433,4,24.700362211850603,12,0.007247633103231517,939,0.9373123406096524,COMPLETE
201,0.13671381476662706,2026-07-04 05:13:34.188515,2026-07-04 05:13:36.487432,0 days 00:00:02.298917,5,22.44791654759908,12,0.007047184566472073,884,0.9219987061802535,COMPLETE
202,0.13684164752903424,2026-07-04 05:13:36.556146,2026-07-04 05:13:38.134772,0 days 00:00:01.578626,4,29.769722664850093,12,0.006525068894236905,729,0.9923496538098667,COMPLETE
203,0.13674513056255788,2026-07-04 05:13:38.200467,2026-07-04 05:13:41.187344,0 days 00:00:02.986877,5,25.613203732392282,12,0.0057179742391218185,1295,0.9943951191813765,COMPLETE
204,0.13678926650909856,2026-07-04 05:13:41.262220,2026-07-04 05:13:43.563918,0 days 00:00:02.301698,5,26.730265107277305,12,0.008537220412075235,932,0.8759734760268867,COMPLETE
205,0.13659152955916148,2026-07-04 05:13:43.629282,2026-07-04 05:13:45.519367,0 days 00:00:01.890085,4,18.98254020523339,12,0.005574313498806977,1011,0.988422363305495,COMPLETE
206,0.13654323517334715,2026-07-04 05:13:45.584381,2026-07-04 05:13:47.515717,0 days 00:00:01.931336,4,28.146909461209468,12,0.006205536827188656,933,0.9145840316948521,COMPLETE
207,0.13667964503432134,2026-07-04 05:13:47.577613,2026-07-04 05:13:49.720605,0 days 00:00:02.142992,5,18.919983791374992,12,0.005869675978737931,845,0.9597988521154904,COMPLETE
208,0.13728113562426256,2026-07-04 05:13:49.781683,2026-07-04 05:13:52.445162,0 days 00:00:02.663479,6,18.98669417913584,12,0.0056040774522664195,846,0.9431749448890956,COMPLETE
209,0.14805279569004642,2026-07-04 05:13:52.516091,2026-07-04 05:13:53.658802,0 days 00:00:01.142711,8,1.9353848393919888,18,0.0030953628542136195,101,0.8997228394586538,COMPLETE
210,0.13682226060138156,2026-07-04 05:13:53.727740,2026-07-04 05:13:55.543894,0 days 00:00:01.816154,4,18.05170098215392,12,0.006811537757379777,884,0.8987525869309624,COMPLETE
211,0.13788939687689178,2026-07-04 05:13:55.613743,2026-07-04 05:13:58.469719,0 days 00:00:02.855976,5,28.58486589645051,12,0.013107099065754415,1139,0.9261071503611441,COMPLETE
212,0.1366817166035715,2026-07-04 05:13:58.545908,2026-07-04 05:14:00.799097,0 days 00:00:02.253189,4,26.99059601409648,12,0.004413793379714248,1105,0.9975374237787981,COMPLETE
213,0.13664468835556606,2026-07-04 05:14:00.873970,2026-07-04 05:14:03.399206,0 days 00:00:02.525236,5,28.265065193510605,12,0.009093688288416389,983,0.9837868297620039,COMPLETE
214,0.14334612394828983,2026-07-04 05:14:03.473597,2026-07-04 05:14:06.092948,0 days 00:00:02.619351,4,28.109121652711885,18,0.004604078447061178,1094,0.916256569899365,COMPLETE
215,0.1363425809193228,2026-07-04 05:14:06.166745,2026-07-04 05:14:08.292260,0 days 00:00:02.125515,4,28.142460382630986,12,0.0067237480802868335,1005,0.9173647777655993,COMPLETE
216,0.14329062842838985,2026-07-04 05:14:08.360512,2026-07-04 05:14:12.024176,0 days 00:00:03.663664,6,29.357013015043407,18,0.007680335833937464,959,0.9337284360708883,COMPLETE
217,0.13697339900972846,2026-07-04 05:14:12.100583,2026-07-04 05:14:14.046527,0 days 00:00:01.945944,4,27.433609768418005,12,0.011683318662735748,949,0.9681652644979413,COMPLETE
218,0.14749632117252112,2026-07-04 05:14:14.117900,2026-07-04 05:14:15.886441,0 days 00:00:01.768541,3,13.479259587261453,12,0.010897439434466982,1142,0.8792356888736113,COMPLETE
219,0.13665219209989604,2026-07-04 05:14:15.956284,2026-07-04 05:14:17.335852,0 days 00:00:01.379568,3,23.252750481681723,12,0.009352492790745829,754,0.9615436159023226,COMPLETE
220,0.1367871207538308,2026-07-04 05:14:17.413121,2026-07-04 05:14:19.165920,0 days 00:00:01.752799,4,19.33669103542482,12,0.009057632650896348,801,0.9997587300754601,COMPLETE
221,0.13636066866665233,2026-07-04 05:14:19.238280,2026-07-04 05:14:20.841526,0 days 00:00:01.603246,3,29.28933439806388,12,0.008380108221070146,913,0.8980976262736565,COMPLETE
222,0.15474000752041886,2026-07-04 05:14:20.919758,2026-07-04 05:14:22.849934,0 days 00:00:01.930176,3,6.390834160960347,30,0.025690750244233895,764,0.7660843892093185,COMPLETE
223,0.13825956847401144,2026-07-04 05:14:22.921793,2026-07-04 05:14:24.635944,0 days 00:00:01.714151,3,17.925109687391288,12,0.007135048788587759,1076,0.9972785987293468,COMPLETE
224,0.13700111760929118,2026-07-04 05:14:24.706768,2026-07-04 05:14:26.230770,0 days 00:00:01.524002,3,25.230912387384155,12,0.009968949918351795,800,0.8788909319644246,COMPLETE
225,0.13685656742891,2026-07-04 05:14:26.304306,2026-07-04 05:14:28.894309,0 days 00:00:02.590003,5,26.732602963503773,12,0.007787890999250249,884,0.9278494352831429,COMPLETE
226,0.1372865446576234,2026-07-04 05:14:28.966872,2026-07-04 05:14:31.434763,0 days 00:00:02.467891,4,28.049328815360333,12,0.003668227808005593,1082,0.952694763173333,COMPLETE
227,0.14421899237614674,2026-07-04 05:14:31.504679,2026-07-04 05:14:47.736987,0 days 00:00:16.232308,10,26.448014652175598,18,0.02320171754683421,1417,0.8831828451601751,COMPLETE
228,0.14454554352069277,2026-07-04 05:14:47.805757,2026-07-04 05:14:49.376057,0 days 00:00:01.570300,7,1.8913763214881956,12,0.01758939763274706,262,0.6722468801239806,COMPLETE
229,0.13683456561734694,2026-07-04 05:14:49.444989,2026-07-04 05:14:52.203358,0 days 00:00:02.758369,5,13.149213240409805,12,0.006016677930135594,1005,0.9473010580144078,COMPLETE
230,0.13788360950016748,2026-07-04 05:14:52.274628,2026-07-04 05:14:56.194525,0 days 00:00:03.919897,6,11.149157195998566,12,0.009639762615619217,1139,0.9933509108975264,COMPLETE
231,0.14617447615770832,2026-07-04 05:14:56.265297,2026-07-04 05:14:59.166806,0 days 00:00:02.901509,7,20.097342882265725,30,0.08413233562896939,409,0.8975263577587083,COMPLETE
232,0.13801348129429214,2026-07-04 05:14:59.241574,2026-07-04 05:15:00.763642,0 days 00:00:01.522068,3,26.727503901140356,12,0.012948642194952347,782,0.9940037634929858,COMPLETE
233,0.1369960854767287,2026-07-04 05:15:00.841619,2026-07-04 05:15:03.222899,0 days 00:00:02.381280,4,29.478318503946436,12,0.010618916433272674,1149,0.9056242924403902,COMPLETE
234,0.1375095538466335,2026-07-04 05:15:03.293117,2026-07-04 05:15:05.310595,0 days 00:00:02.017478,4,13.861093089491908,12,0.006143641054715151,971,0.8938057658295562,COMPLETE
235,0.14259449791120446,2026-07-04 05:15:05.381676,2026-07-04 05:15:07.102581,0 days 00:00:01.720905,3,27.676551442218607,18,0.009946440105361208,912,0.9087513084599692,COMPLETE
236,0.1372783840980082,2026-07-04 05:15:07.171754,2026-07-04 05:15:10.238438,0 days 00:00:03.066684,6,24.492665496135647,12,0.006315982309781288,937,0.9938336397225516,COMPLETE
237,0.1372003874400291,2026-07-04 05:15:10.308104,2026-07-04 05:15:12.416968,0 days 00:00:02.108864,4,18.239994121725417,12,0.006850761925908375,1053,0.9692659049386692,COMPLETE
238,0.13824108449018047,2026-07-04 05:15:12.487069,2026-07-04 05:15:14.284985,0 days 00:00:01.797916,4,29.481140502888874,12,0.0035064178319962522,851,0.9095320689851596,COMPLETE
239,0.13664967135637712,2026-07-04 05:15:14.355397,2026-07-04 05:15:16.525051,0 days 00:00:02.169654,4,20.756486482093525,12,0.004572706076094104,1030,0.9807216834986255,COMPLETE
240,0.13660881930418067,2026-07-04 05:15:16.599978,2026-07-04 05:15:18.113899,0 days 00:00:01.513921,3,29.05711981865752,12,0.00580663366850657,883,0.958709897660908,COMPLETE
241,0.14257172859374828,2026-07-04 05:15:18.185913,2026-07-04 05:15:20.547979,0 days 00:00:02.362066,3,24.214376939613157,18,0.004928750411150524,1325,0.9809725035101532,COMPLETE
242,0.13700400142669628,2026-07-04 05:15:20.616194,2026-07-04 05:15:22.300447,0 days 00:00:01.684253,3,26.283464307141163,12,0.004106243873505768,1017,0.9726727086108373,COMPLETE
243,0.13723463777206055,2026-07-04 05:15:22.369919,2026-07-04 05:15:24.134491,0 days 00:00:01.764572,3,26.47805116917523,12,0.008449648846703527,1082,0.9297504964619863,COMPLETE
244,0.1364128451008017,2026-07-04 05:15:24.206133,2026-07-04 05:15:25.738399,0 days 00:00:01.532266,3,27.256355288526596,12,0.008381404130738358,822,0.9668457790597228,COMPLETE
245,0.13687505352553672,2026-07-04 05:15:25.808420,2026-07-04 05:15:27.714906,0 days 00:00:01.906486,4,20.524525880381518,12,0.0045236698011010094,923,0.9916190286689974,COMPLETE
