number,value,datetime_start,datetime_complete,duration,params_bagging_fraction,params_bagging_freq,params_feature_fraction,params_lags,params_learning_rate,params_min_child_samples,params_n_estimators,params_num_leaves,params_reg_lambda,state
0,0.1475768915563713,2026-07-06 04:37:43.452876,2026-07-06 04:37:44.208158,0 days 00:00:00.755282,0.9330880728874675,4,0.5290418060840998,18,0.024479668704186594,76,318,61,0.004207988669606638,COMPLETE
1,0.15284190934212666,2026-07-06 04:37:44.278854,2026-07-06 04:37:45.682099,0 days 00:00:01.403245,0.6521211214797689,3,0.5917022549267169,30,0.055568728436296094,98,354,8,0.0070689749506246055,COMPLETE
2,0.14671892216972499,2026-07-06 04:37:45.753412,2026-07-06 04:37:46.624735,0 days 00:00:00.871323,0.8925879806965068,1,0.728034992108518,24,0.004892755234081989,65,613,23,0.01474275315991467,COMPLETE
3,0.16231729527198638,2026-07-06 04:37:46.694441,2026-07-06 04:37:48.168332,0 days 00:00:01.473891,0.9828160165372797,5,0.9744427686266666,24,0.025254478013819567,14,191,40,0.004809461967501573,COMPLETE
4,0.1475768915563713,2026-07-06 04:37:48.235400,2026-07-06 04:37:49.223247,0 days 00:00:00.987847,0.954660201039391,2,0.5171942605576092,18,0.014041714290623834,72,793,12,0.003077180271250686,COMPLETE
5,0.15284190934212666,2026-07-06 04:37:49.286067,2026-07-06 04:37:50.611994,0 days 00:00:01.325927,0.9697494707820946,5,0.8875664116805573,30,0.02040303238741511,57,1458,24,0.0054880470007660455,COMPLETE
6,0.14605330458154459,2026-07-06 04:37:50.679053,2026-07-06 04:37:52.681528,0 days 00:00:02.002475,0.6356745158869479,5,0.6943386448447411,24,0.005964573440645618,18,555,59,0.0015167330688076208,COMPLETE
7,0.1475768915563713,2026-07-06 04:37:52.750688,2026-07-06 04:37:53.563563,0 days 00:00:00.812875,0.8861223846483287,1,0.9934434683002586,18,0.00491735725391162,59,204,23,1.6172900811143147,COMPLETE
8,0.14165032002021305,2026-07-06 04:37:53.625375,2026-07-06 04:37:54.636764,0 days 00:00:01.011389,0.5579345297625649,5,0.6792328642721364,12,0.038664355572107796,74,203,53,1.2164139351417067,COMPLETE
9,0.16664025970442767,2026-07-06 04:37:54.705974,2026-07-06 04:37:59.174908,0 days 00:00:04.468934,0.9436063712881633,3,0.8187787356776066,30,0.008927084026763527,15,1122,25,0.01998634077852888,COMPLETE
10,0.1475768915563713,2026-07-06 04:37:59.239017,2026-07-06 04:38:00.415495,0 days 00:00:01.176478,0.5128657117461708,5,0.5405552873976336,18,0.024369223118819016,52,256,60,0.7234557310386177,COMPLETE
11,0.14671892216972499,2026-07-06 04:38:00.481495,2026-07-06 04:38:02.937040,0 days 00:00:02.455545,0.6603656578287673,5,0.7513405347049747,24,0.0037231320329600853,22,741,49,0.002585124985689391,COMPLETE
12,0.14165032002021305,2026-07-06 04:38:03.004610,2026-07-06 04:38:04.152324,0 days 00:00:01.147714,0.6025479494577168,5,0.7265674335126351,12,0.017423894887082188,92,255,40,7.8673521719621125,COMPLETE
13,0.1475768915563713,2026-07-06 04:38:04.219277,2026-07-06 04:38:05.309305,0 days 00:00:01.090028,0.6673370843235831,5,0.7071161029078183,18,0.00892619877412586,90,227,37,6.739196245396186,COMPLETE
14,0.14165032002021305,2026-07-06 04:38:05.371466,2026-07-06 04:38:07.727630,0 days 00:00:02.356164,0.577912688325996,4,0.7415940075564725,12,0.08886172051552897,68,704,51,0.20071099110842755,COMPLETE
15,0.14165032002021305,2026-07-06 04:38:07.789291,2026-07-06 04:38:08.923452,0 days 00:00:01.134161,0.5406058252961976,5,0.8300231815188971,12,0.0434124794287167,90,244,40,0.4632115346198544,COMPLETE
16,0.14165032002021305,2026-07-06 04:38:08.988584,2026-07-06 04:38:10.049268,0 days 00:00:01.060684,0.6202103336870292,5,0.6350643637744229,12,0.0406957853023532,55,210,26,2.916503031428762,COMPLETE
17,0.14165032002021305,2026-07-06 04:38:10.113463,2026-07-06 04:38:11.305928,0 days 00:00:01.192465,0.6733126658710149,4,0.9494455237671202,12,0.012712407649844755,48,273,47,1.064106458150936,COMPLETE
18,0.14165032002021305,2026-07-06 04:38:11.373836,2026-07-06 04:38:14.492135,0 days 00:00:03.118299,0.6583164940275016,5,0.6059717726546482,12,0.01787251232584313,81,1054,40,1.0283846965109045,COMPLETE
19,0.14671892216972499,2026-07-06 04:38:14.556542,2026-07-06 04:38:15.490948,0 days 00:00:00.934406,0.574900052486511,5,0.5732693371467243,24,0.07350238978388317,82,171,40,7.703200749292316,COMPLETE
20,0.15284190934212666,2026-07-06 04:38:15.555080,2026-07-06 04:38:16.894737,0 days 00:00:01.339657,0.5363237700320801,4,0.7397639119511491,30,0.011229862191317674,55,344,25,6.111176253937083,COMPLETE
21,0.14165032002021305,2026-07-06 04:38:16.960756,2026-07-06 04:38:19.495129,0 days 00:00:02.534373,0.5883178179313113,4,0.8198447353643157,12,0.08130807309194929,50,824,49,0.03839107542509967,COMPLETE
22,0.14165032002021305,2026-07-06 04:38:19.561184,2026-07-06 04:38:20.572934,0 days 00:00:01.011750,0.557894751384936,3,0.7430738060212739,12,0.04016519936890802,80,223,62,0.09251811975302884,COMPLETE
23,0.1475768915563713,2026-07-06 04:38:20.636859,2026-07-06 04:38:23.352566,0 days 00:00:02.715707,0.7359469327306858,3,0.6691907272906779,18,0.053864357712149286,62,872,59,0.99958112262129,COMPLETE
24,0.14165032002021305,2026-07-06 04:38:23.416111,2026-07-06 04:38:24.890748,0 days 00:00:01.474637,0.7004169572673923,5,0.6958389478242826,12,0.03134049214353711,69,394,61,3.0738225531325027,COMPLETE
25,0.14165032002021305,2026-07-06 04:38:24.952332,2026-07-06 04:38:26.415106,0 days 00:00:01.462774,0.6667200867736864,2,0.8165442747368652,12,0.09085939377140227,67,391,41,2.57160395986676,COMPLETE
26,0.14165032002021305,2026-07-06 04:38:26.480115,2026-07-06 04:38:29.497131,0 days 00:00:03.017016,0.5368261342694061,3,0.8992501590841794,12,0.06571675065909922,79,1042,59,1.3670178321274367,COMPLETE
27,0.14165032002021305,2026-07-06 04:38:29.566288,2026-07-06 04:38:31.073964,0 days 00:00:01.507676,0.5559405058774605,5,0.6379157835283888,12,0.011145461385270339,80,420,46,0.12537820576260056,COMPLETE
28,0.14165032002021305,2026-07-06 04:38:31.143175,2026-07-06 04:38:32.614788,0 days 00:00:01.471613,0.5625904445245363,4,0.7711688863646234,12,0.01468835327125553,73,406,32,4.183666247912404,COMPLETE
29,0.15284190934212666,2026-07-06 04:38:32.682304,2026-07-06 04:38:34.649625,0 days 00:00:01.967321,0.6593712979980784,5,0.6597273311745191,30,0.09123013279080057,77,596,63,0.033584310308021045,COMPLETE
30,0.14165032002021305,2026-07-06 04:38:34.715772,2026-07-06 04:38:37.010215,0 days 00:00:02.294443,0.602648725101125,5,0.6039943527971402,12,0.08478434317242024,86,740,46,0.04455439780722839,COMPLETE
31,0.14165032002021305,2026-07-06 04:38:37.074146,2026-07-06 04:38:38.182964,0 days 00:00:01.108818,0.6854180891375543,5,0.8169909862512673,12,0.021610619366821498,98,255,45,0.11334271995697494,COMPLETE
32,0.14165032002021305,2026-07-06 04:38:38.253499,2026-07-06 04:38:39.866097,0 days 00:00:01.612598,0.5134779823155091,5,0.8232675987290691,12,0.0923493473854389,79,435,39,0.061021252686548504,COMPLETE
33,0.1475768915563713,2026-07-06 04:38:39.950910,2026-07-06 04:38:41.420728,0 days 00:00:01.469818,0.5257275610645817,5,0.7237298885903051,18,0.025582445191377683,83,359,46,1.2765545991407694,COMPLETE
34,0.14165032002021305,2026-07-06 04:38:41.507098,2026-07-06 04:38:42.623503,0 days 00:00:01.116405,0.6577029406714501,5,0.7030870553312881,12,0.09806296259003226,84,240,54,1.3068924836348568,COMPLETE
35,0.14165032002021305,2026-07-06 04:38:42.699021,2026-07-06 04:38:45.113184,0 days 00:00:02.414163,0.661146563916859,5,0.7543889157877777,12,0.01884952971764671,95,754,36,3.3066218150372886,COMPLETE
36,0.14165032002021305,2026-07-06 04:38:45.174470,2026-07-06 04:38:46.313717,0 days 00:00:01.139247,0.5107708999395895,4,0.8528029720023489,12,0.04055406543017713,92,282,34,1.717979832427121,COMPLETE
37,0.1475768915563713,2026-07-06 04:38:46.377481,2026-07-06 04:38:48.821193,0 days 00:00:02.443712,0.5204809537173923,4,0.7611140387295634,18,0.0645874728744342,82,827,43,0.39033279760880096,COMPLETE
38,0.14165032002021305,2026-07-06 04:38:48.880877,2026-07-06 04:38:49.951524,0 days 00:00:01.070647,0.5718719406455018,4,0.6393545105859877,12,0.021759268286644984,96,263,61,4.345050396192732,COMPLETE
39,0.1475768915563713,2026-07-06 04:38:50.014125,2026-07-06 04:38:51.225969,0 days 00:00:01.211844,0.5735741240852688,5,0.9094751352370083,18,0.039424675529396824,75,317,49,0.4362697675420326,COMPLETE
40,0.14165032002021305,2026-07-06 04:38:51.284531,2026-07-06 04:38:52.957626,0 days 00:00:01.673095,0.645833212546373,3,0.556228823312336,12,0.08102891049083816,53,511,21,0.007492288656694653,COMPLETE
41,0.14165032002021305,2026-07-06 04:38:53.021372,2026-07-06 04:38:54.140503,0 days 00:00:01.119131,0.595981352794878,5,0.5854636517523266,12,0.0732322273892554,32,269,29,2.709334016536199,COMPLETE
42,0.14165032002021305,2026-07-06 04:38:54.204142,2026-07-06 04:38:55.646190,0 days 00:00:01.442048,0.8163124626467066,4,0.6166179463749292,12,0.03933286043726412,73,377,24,1.3636187528761385,COMPLETE
43,0.14165032002021305,2026-07-06 04:38:55.709208,2026-07-06 04:38:56.538283,0 days 00:00:00.829075,0.6512875050240814,5,0.6913439267074035,12,0.06953027595727615,65,137,21,8.204902340472652,COMPLETE
44,0.14165032002021305,2026-07-06 04:38:56.604746,2026-07-06 04:38:57.911839,0 days 00:00:01.307093,0.6085537276598993,5,0.5626373697041275,12,0.010883786326478217,45,298,17,5.736092650877872,COMPLETE
45,0.14165032002021305,2026-07-06 04:38:57.977362,2026-07-06 04:38:59.997040,0 days 00:00:02.019678,0.5644077569148471,4,0.6219853553593876,12,0.06527681068492683,63,568,50,7.858594067598484,COMPLETE
46,0.14165032002021305,2026-07-06 04:39:00.065866,2026-07-06 04:39:01.265760,0 days 00:00:01.199894,0.5589246867713109,5,0.7873344929579393,12,0.009684773249922932,92,272,50,4.958372915174466,COMPLETE
47,0.1475768915563713,2026-07-06 04:39:01.332153,2026-07-06 04:39:02.760854,0 days 00:00:01.428701,0.6813518080995209,5,0.6652934590275132,18,0.028310715289464026,49,350,32,0.9804987815367628,COMPLETE
48,0.1475768915563713,2026-07-06 04:39:02.826249,2026-07-06 04:39:03.687733,0 days 00:00:00.861484,0.5464819647928387,3,0.6371491601363852,18,0.046637352397600425,48,143,25,5.9666036566383065,COMPLETE
49,0.14165032002021305,2026-07-06 04:39:03.752749,2026-07-06 04:39:04.693615,0 days 00:00:00.940866,0.5018772207954874,5,0.6763481420860401,12,0.02927237367544806,72,179,48,0.5704081399951999,COMPLETE
50,0.1515814859302526,2026-07-06 04:39:04.759443,2026-07-06 04:39:08.653902,0 days 00:00:03.894459,0.5116937679835182,1,0.6524603691021286,36,0.024645331111432363,62,1407,42,3.602105913029935,COMPLETE
51,0.1475768915563713,2026-07-06 04:39:08.721084,2026-07-06 04:39:10.262501,0 days 00:00:01.541417,0.5490856592508331,3,0.8640707071515963,18,0.010205700846579615,47,427,58,0.25421802955108463,COMPLETE
52,0.1475768915563713,2026-07-06 04:39:10.330496,2026-07-06 04:39:11.130690,0 days 00:00:00.800194,0.6190945358138501,5,0.9109005288364318,18,0.009571229072459924,36,124,36,0.07499785481713114,COMPLETE
53,0.14165032002021305,2026-07-06 04:39:11.196562,2026-07-06 04:39:12.152312,0 days 00:00:00.955750,0.654992178595928,5,0.7252044016541481,12,0.02304136300307152,96,184,45,5.908923204701675,COMPLETE
54,0.1475768915563713,2026-07-06 04:39:12.220623,2026-07-06 04:39:13.406776,0 days 00:00:01.186153,0.7411530600289488,4,0.9581803290329357,18,0.011968202261160578,50,283,42,5.332916799653622,COMPLETE
55,0.14165032002021305,2026-07-06 04:39:13.474768,2026-07-06 04:39:14.928504,0 days 00:00:01.453736,0.7813044990854836,4,0.949328601294128,12,0.02024737174211448,57,394,60,0.03161804599516302,COMPLETE
56,0.14165032002021305,2026-07-06 04:39:14.995301,2026-07-06 04:39:15.758852,0 days 00:00:00.763551,0.5153750462828874,5,0.5177659124610661,12,0.02614041838901164,62,111,15,0.10573578138512407,COMPLETE
57,0.14165032002021305,2026-07-06 04:39:15.828068,2026-07-06 04:39:16.691078,0 days 00:00:00.863010,0.6662377410293718,3,0.9547456133626349,12,0.005947436910049572,71,145,44,0.4756992123581363,COMPLETE
58,0.14211088607520236,2026-07-06 04:39:16.758385,2026-07-06 04:39:19.680014,0 days 00:00:02.921629,0.8202810357605554,3,0.8347518376834856,12,0.0059747367238963955,18,664,51,0.7156008534119835,COMPLETE
59,0.1515814859302526,2026-07-06 04:39:19.740704,2026-07-06 04:39:21.513545,0 days 00:00:01.772841,0.6891222073964552,2,0.6475128198926883,36,0.033155223118760006,19,576,12,8.003218595720334,COMPLETE
60,0.1654204186366022,2026-07-06 04:39:21.573189,2026-07-06 04:39:24.416017,0 days 00:00:02.842828,0.6898498027517858,4,0.9782367828775054,18,0.04159711222343803,16,598,45,0.4621346399588341,COMPLETE
61,0.14165032002021305,2026-07-06 04:39:24.479638,2026-07-06 04:39:28.334744,0 days 00:00:03.855106,0.7162068952469965,5,0.5578786450347176,12,0.01463150477789207,82,1443,28,1.068245738393171,COMPLETE
62,0.14165032002021305,2026-07-06 04:39:28.398045,2026-07-06 04:39:31.682291,0 days 00:00:03.284246,0.6417385162846929,5,0.6888059699428127,12,0.021824788659332763,100,1205,46,0.13981390457981877,COMPLETE
63,0.14165032002021305,2026-07-06 04:39:31.747602,2026-07-06 04:39:33.673670,0 days 00:00:01.926068,0.6486150560520747,4,0.9689240490124428,12,0.025658295171029685,53,601,45,4.4025445086688055,COMPLETE
64,0.1515814859302526,2026-07-06 04:39:33.739211,2026-07-06 04:39:34.309544,0 days 00:00:00.570333,0.9814747172181644,2,0.7916840501932784,36,0.044076111762353896,61,168,48,0.005959040928616241,COMPLETE
65,0.1475768915563713,2026-07-06 04:39:34.378302,2026-07-06 04:39:38.246942,0 days 00:00:03.868640,0.5221076387897863,4,0.5227239836247826,18,0.05104237635824787,84,1427,44,2.8051580813739663,COMPLETE
66,0.1475768915563713,2026-07-06 04:39:38.312136,2026-07-06 04:39:41.139652,0 days 00:00:02.827516,0.8119613891237517,5,0.6827722549954269,18,0.008939382942933111,72,984,41,7.7980953510454425,COMPLETE
67,0.14165032002021305,2026-07-06 04:39:41.204870,2026-07-06 04:39:42.294721,0 days 00:00:01.089851,0.6352984176389211,4,0.8173393702455044,12,0.014636948890226941,47,255,50,3.6562289948712245,COMPLETE
68,0.14165032002021305,2026-07-06 04:39:42.360016,2026-07-06 04:39:45.490233,0 days 00:00:03.130217,0.822477607165418,5,0.5252976610930736,12,0.04007310070285133,73,1081,44,0.922134384460264,COMPLETE
69,0.14165032002021305,2026-07-06 04:39:45.557441,2026-07-06 04:39:48.018626,0 days 00:00:02.461185,0.7225382468761415,5,0.5323088553382892,12,0.007213058030588329,54,830,39,0.41004079371645913,COMPLETE
70,0.1475768915563713,2026-07-06 04:39:48.086785,2026-07-06 04:39:48.971815,0 days 00:00:00.885030,0.7447483816252931,5,0.5087446614808495,18,0.03996051102174696,45,160,14,1.0514377300730535,COMPLETE
71,0.14165032002021305,2026-07-06 04:39:49.035399,2026-07-06 04:39:51.771997,0 days 00:00:02.736598,0.6666406330831063,3,0.7343463622965983,12,0.0902406788921848,28,903,54,0.0021205348569678308,COMPLETE
72,0.1475768915563713,2026-07-06 04:39:51.837118,2026-07-06 04:39:53.704880,0 days 00:00:01.867762,0.5795929970428937,3,0.8807889864795975,18,0.05919985450619836,49,579,36,0.007832568116910278,COMPLETE
73,0.14165032002021305,2026-07-06 04:39:53.770941,2026-07-06 04:39:57.045984,0 days 00:00:03.275043,0.7387313789511696,4,0.8472100427742039,12,0.08226899640258786,45,1128,55,0.09697766958815192,COMPLETE
74,0.14165032002021305,2026-07-06 04:39:57.110982,2026-07-06 04:39:59.277527,0 days 00:00:02.166545,0.5379308929813769,4,0.8617607884151341,12,0.08664535713475512,42,673,59,0.011082906019970973,COMPLETE
75,0.14165032002021305,2026-07-06 04:39:59.344997,2026-07-06 04:40:01.256559,0 days 00:00:01.911562,0.6894619155376749,5,0.6984500673487282,12,0.09340944317356599,48,528,47,0.019427254029294388,COMPLETE
76,0.17691854376862448,2026-07-06 04:40:01.320979,2026-07-06 04:40:05.741885,0 days 00:00:04.420906,0.5097603907178436,3,0.7808826850839378,12,0.059106219983387345,13,1031,50,0.6579226958908274,COMPLETE
77,0.14165032002021305,2026-07-06 04:40:05.810814,2026-07-06 04:40:07.775547,0 days 00:00:01.964733,0.5923352180780901,4,0.759835528532335,12,0.045437307421722556,51,607,56,0.20041050389639875,COMPLETE
78,0.14165032002021305,2026-07-06 04:40:07.839325,2026-07-06 04:40:10.807274,0 days 00:00:02.967949,0.608118856950363,4,0.5987630644765839,12,0.02430067864644339,79,1010,44,1.4188307107231026,COMPLETE
79,0.14165032002021305,2026-07-06 04:40:10.874462,2026-07-06 04:40:13.155882,0 days 00:00:02.281420,0.5861008916984819,4,0.6947423785317227,12,0.06319134917310675,88,733,60,0.28096527200089993,COMPLETE
80,0.14165032002021305,2026-07-06 04:40:13.225203,2026-07-06 04:40:16.247391,0 days 00:00:03.022188,0.5529942688753097,4,0.701454519225353,12,0.00995422166054553,62,1029,27,0.12097997097152376,COMPLETE
81,0.1475768915563713,2026-07-06 04:40:16.316835,2026-07-06 04:40:18.587687,0 days 00:00:02.270852,0.6094154401580824,4,0.7665739851433423,18,0.09786465305195587,48,721,48,0.21098737064903914,COMPLETE
82,0.1475768915563713,2026-07-06 04:40:18.656529,2026-07-06 04:40:19.918421,0 days 00:00:01.261892,0.5656723394896751,3,0.7758384865425296,18,0.040025636696159855,79,299,61,0.010053871681540332,COMPLETE
83,0.14165032002021305,2026-07-06 04:40:19.982402,2026-07-06 04:40:20.692942,0 days 00:00:00.710540,0.5670010253108075,1,0.7055074020390233,12,0.03075633072775748,86,156,62,0.05195173260563534,COMPLETE
84,0.14165032002021305,2026-07-06 04:40:20.759521,2026-07-06 04:40:21.678798,0 days 00:00:00.919277,0.5417488507600955,4,0.812932101917438,12,0.0428445861535339,84,163,54,0.08940097640271302,COMPLETE
85,0.14165032002021305,2026-07-06 04:40:21.742476,2026-07-06 04:40:22.593219,0 days 00:00:00.850743,0.6715493070760481,4,0.6406932027742676,12,0.07040612049068229,87,151,61,0.044684934768166124,COMPLETE
86,0.14165032002021305,2026-07-06 04:40:22.663079,2026-07-06 04:40:23.598168,0 days 00:00:00.935089,0.5832586766415527,4,0.8135205079227233,12,0.02641087084282744,63,164,25,0.16671240540786084,COMPLETE
87,0.14165032002021305,2026-07-06 04:40:23.661446,2026-07-06 04:40:26.193540,0 days 00:00:02.532094,0.5641787644651163,5,0.6838975400243404,12,0.03807320806365268,55,805,24,7.3690355794955105,COMPLETE
88,0.14165032002021305,2026-07-06 04:40:26.259380,2026-07-06 04:40:27.586067,0 days 00:00:01.326687,0.7753147515046047,5,0.8730871434135926,12,0.009001967700861854,63,349,46,0.7092892314231469,COMPLETE
89,0.14165032002021305,2026-07-06 04:40:27.657356,2026-07-06 04:40:30.592433,0 days 00:00:02.935077,0.5147764284702873,3,0.7438942305373462,12,0.08405748776883071,66,986,39,0.26454127004472666,COMPLETE
90,0.14671892216972499,2026-07-06 04:40:30.660749,2026-07-06 04:40:31.937172,0 days 00:00:01.276423,0.6398995277406792,5,0.9503141261546793,24,0.017021334977947077,92,336,24,6.096104778333139,COMPLETE
91,0.14165032002021305,2026-07-06 04:40:32.005913,2026-07-06 04:40:33.610759,0 days 00:00:01.604846,0.7620603041204687,4,0.9998717780460805,12,0.01023082213024456,28,439,58,0.7666512128634744,COMPLETE
92,0.14165032002021305,2026-07-06 04:40:33.675533,2026-07-06 04:40:34.503897,0 days 00:00:00.828364,0.5253064012598558,5,0.6603497217489377,12,0.011687118301438435,98,133,30,1.3032534433277834,COMPLETE
93,0.14165032002021305,2026-07-06 04:40:34.569871,2026-07-06 04:40:36.010576,0 days 00:00:01.440705,0.7231832778850802,3,0.7478111764414632,12,0.03150814162638447,67,384,59,3.158953011595407,COMPLETE
94,0.14165032002021305,2026-07-06 04:40:36.070255,2026-07-06 04:40:37.569398,0 days 00:00:01.499143,0.533218620653512,3,0.7165395983226036,12,0.033232440323246286,86,425,48,0.15521482470618778,COMPLETE
95,0.14165032002021305,2026-07-06 04:40:37.633918,2026-07-06 04:40:38.733519,0 days 00:00:01.099601,0.6035921011999514,5,0.7138447243692074,12,0.058211445643742914,94,269,40,0.29163388738230256,COMPLETE
96,0.1475768915563713,2026-07-06 04:40:38.800322,2026-07-06 04:40:39.646391,0 days 00:00:00.846069,0.5147987496003613,5,0.7520754082900851,18,0.07759286869117388,49,157,57,0.7969981796615669,COMPLETE
97,0.1475768915563713,2026-07-06 04:40:39.710312,2026-07-06 04:40:41.261018,0 days 00:00:01.550706,0.687405835757216,5,0.739400075531361,18,0.018590225989512602,59,456,51,3.5077934815731617,COMPLETE
98,0.14165032002021305,2026-07-06 04:40:41.328002,2026-07-06 04:40:42.547411,0 days 00:00:01.219409,0.6404823374976799,4,0.579947772195846,12,0.020356873502247026,57,308,31,5.52224290990922,COMPLETE
99,0.14165032002021305,2026-07-06 04:40:42.612316,2026-07-06 04:40:45.405432,0 days 00:00:02.793116,0.5254381708710143,4,0.9129279482065453,12,0.040105690912866795,37,952,40,0.0720237400271434,COMPLETE
100,0.14165032002021305,2026-07-06 04:40:45.467696,2026-07-06 04:40:47.234417,0 days 00:00:01.766721,0.7866621485165141,5,0.6274591332112065,12,0.026444593417163157,100,520,58,1.3875081877957776,COMPLETE
101,0.1475768915563713,2026-07-06 04:40:47.298534,2026-07-06 04:40:49.219325,0 days 00:00:01.920791,0.5866953484705693,2,0.9187155902405966,18,0.09104502004280607,62,607,32,5.714379851108468,COMPLETE
102,0.14165032002021305,2026-07-06 04:40:49.287086,2026-07-06 04:40:50.098501,0 days 00:00:00.811415,0.8156850447182393,1,0.7535652637989239,12,0.09051010282813268,79,234,50,1.4330215160942887,COMPLETE
103,0.14165032002021305,2026-07-06 04:40:50.160846,2026-07-06 04:40:52.699310,0 days 00:00:02.538464,0.7786127991448921,2,0.6765926532009053,12,0.08124233787888298,71,861,29,6.4117464697411375,COMPLETE
104,0.14671892216972499,2026-07-06 04:40:52.765315,2026-07-06 04:40:55.877060,0 days 00:00:03.111745,0.6030232055672963,5,0.6678747100357797,24,0.016060923441612047,67,1025,46,0.472731906783226,COMPLETE
105,0.14165032002021305,2026-07-06 04:40:55.935424,2026-07-06 04:40:56.834221,0 days 00:00:00.898797,0.6141265818899849,2,0.7065713526674534,12,0.053396805409511285,60,159,50,3.7203951486421207,COMPLETE
