number,value,datetime_start,datetime_complete,duration,params_dropout,params_hidden_size,params_input_size,params_learning_rate,params_scaler_type,user_attrs_ALL_PARAMS,user_attrs_METRICS,state
0,69.18836212158203,2026-07-04 04:32:28.089221,2026-07-04 04:32:44.937775,0 days 00:00:16.848554,0.16164502020100707,32,24,0.0004024066464714613,standard,"{'input_size': 24, 'learning_rate': 0.0004024066464714613, 'scaler_type': 'standard', 'max_steps': 2000, 'early_stop_patience_steps': 10, 'val_check_steps': 25, 'logger': False, 'accelerator': 'mps', 'hidden_size': 32, 'dropout': 0.16164502020100707, 'h': 1}","{'loss': 69.18836212158203, 'train_loss': 3.273346185684204}",COMPLETE
1,66.13347625732422,2026-07-04 04:32:44.938096,2026-07-04 04:32:52.784571,0 days 00:00:07.846475,0.05943044672546363,16,24,0.005704727088203684,robust,"{'input_size': 24, 'learning_rate': 0.005704727088203684, 'scaler_type': 'robust', 'max_steps': 2000, 'early_stop_patience_steps': 10, 'val_check_steps': 25, 'logger': False, 'accelerator': 'mps', 'hidden_size': 16, 'dropout': 0.05943044672546363, 'h': 1}","{'loss': 66.13347625732422, 'train_loss': 5.133877754211426}",COMPLETE
2,65.92935943603516,2026-07-04 04:32:52.784931,2026-07-04 04:32:59.241603,0 days 00:00:06.456672,0.2634427510288239,32,24,0.0024246286430387822,robust,"{'input_size': 24, 'learning_rate': 0.0024246286430387822, 'scaler_type': 'robust', 'max_steps': 2000, 'early_stop_patience_steps': 10, 'val_check_steps': 25, 'logger': False, 'accelerator': 'mps', 'hidden_size': 32, 'dropout': 0.2634427510288239, 'h': 1}","{'loss': 65.92935943603516, 'train_loss': 5.233885765075684}",COMPLETE
3,64.09687805175781,2026-07-04 04:32:59.241789,2026-07-04 04:33:20.413929,0 days 00:00:21.172140,0.22504329448349022,16,36,0.0011650124592172252,standard,"{'input_size': 36, 'learning_rate': 0.0011650124592172252, 'scaler_type': 'standard', 'max_steps': 2000, 'early_stop_patience_steps': 10, 'val_check_steps': 25, 'logger': False, 'accelerator': 'mps', 'hidden_size': 16, 'dropout': 0.22504329448349022, 'h': 1}","{'loss': 64.09687805175781, 'train_loss': 1.7933032512664795}",COMPLETE
4,65.00545501708984,2026-07-04 04:33:20.414284,2026-07-04 04:33:28.235791,0 days 00:00:07.821507,0.039008571635483304,8,18,0.0037892970949022498,robust,"{'input_size': 18, 'learning_rate': 0.0037892970949022498, 'scaler_type': 'robust', 'max_steps': 2000, 'early_stop_patience_steps': 10, 'val_check_steps': 25, 'logger': False, 'accelerator': 'mps', 'hidden_size': 8, 'dropout': 0.039008571635483304, 'h': 1}","{'loss': 65.00545501708984, 'train_loss': 7.406853675842285}",COMPLETE
5,67.48621368408203,2026-07-04 04:33:28.236008,2026-07-04 04:33:52.104548,0 days 00:00:23.868540,0.20992750800627935,32,24,0.0003396982571910356,standard,"{'input_size': 24, 'learning_rate': 0.0003396982571910356, 'scaler_type': 'standard', 'max_steps': 2000, 'early_stop_patience_steps': 10, 'val_check_steps': 25, 'logger': False, 'accelerator': 'mps', 'hidden_size': 32, 'dropout': 0.20992750800627935, 'h': 1}","{'loss': 67.48621368408203, 'train_loss': 0.8335955142974854}",COMPLETE
6,65.35914611816406,2026-07-04 04:33:52.104731,2026-07-04 04:34:00.865707,0 days 00:00:08.760976,0.17596651215059786,32,36,0.0006735324727887581,robust,"{'input_size': 36, 'learning_rate': 0.0006735324727887581, 'scaler_type': 'robust', 'max_steps': 2000, 'early_stop_patience_steps': 10, 'val_check_steps': 25, 'logger': False, 'accelerator': 'mps', 'hidden_size': 32, 'dropout': 0.17596651215059786, 'h': 1}","{'loss': 65.35914611816406, 'train_loss': 2.674143075942993}",COMPLETE
7,70.03019714355469,2026-07-04 04:34:00.865924,2026-07-04 04:34:11.316231,0 days 00:00:10.450307,0.21779939560513542,8,18,0.004118912607048066,standard,"{'input_size': 18, 'learning_rate': 0.004118912607048066, 'scaler_type': 'standard', 'max_steps': 2000, 'early_stop_patience_steps': 10, 'val_check_steps': 25, 'logger': False, 'accelerator': 'mps', 'hidden_size': 8, 'dropout': 0.21779939560513542, 'h': 1}","{'loss': 70.03019714355469, 'train_loss': 2.1142208576202393}",COMPLETE
8,63.192596435546875,2026-07-04 04:34:11.316420,2026-07-04 04:34:21.003150,0 days 00:00:09.686730,0.18650871606273653,16,18,0.000498650988104503,robust,"{'input_size': 18, 'learning_rate': 0.000498650988104503, 'scaler_type': 'robust', 'max_steps': 2000, 'early_stop_patience_steps': 10, 'val_check_steps': 25, 'logger': False, 'accelerator': 'mps', 'hidden_size': 16, 'dropout': 0.18650871606273653, 'h': 1}","{'loss': 63.192596435546875, 'train_loss': 4.122809410095215}",COMPLETE
9,67.52252960205078,2026-07-04 04:34:21.003441,2026-07-04 04:34:46.766274,0 days 00:00:25.762833,0.18514347408621715,8,24,0.0014347598955915173,standard,"{'input_size': 24, 'learning_rate': 0.0014347598955915173, 'scaler_type': 'standard', 'max_steps': 2000, 'early_stop_patience_steps': 10, 'val_check_steps': 25, 'logger': False, 'accelerator': 'mps', 'hidden_size': 8, 'dropout': 0.18514347408621715, 'h': 1}","{'loss': 67.52252960205078, 'train_loss': 1.940335750579834}",COMPLETE
10,63.660457611083984,2026-07-04 04:34:46.766453,2026-07-04 04:34:58.346902,0 days 00:00:11.580449,0.18560559329203485,16,18,0.00037400206353429335,robust,"{'input_size': 18, 'learning_rate': 0.00037400206353429335, 'scaler_type': 'robust', 'max_steps': 2000, 'early_stop_patience_steps': 10, 'val_check_steps': 25, 'logger': False, 'accelerator': 'mps', 'hidden_size': 16, 'dropout': 0.18560559329203485, 'h': 1}","{'loss': 63.660457611083984, 'train_loss': 2.845722198486328}",COMPLETE
11,62.3503532409668,2026-07-04 04:34:58.347070,2026-07-04 04:35:09.798349,0 days 00:00:11.451279,0.15883663875933615,16,18,0.00024021094404460695,robust,"{'input_size': 18, 'learning_rate': 0.00024021094404460695, 'scaler_type': 'robust', 'max_steps': 2000, 'early_stop_patience_steps': 10, 'val_check_steps': 25, 'logger': False, 'accelerator': 'mps', 'hidden_size': 16, 'dropout': 0.15883663875933615, 'h': 1}","{'loss': 62.3503532409668, 'train_loss': 6.087437629699707}",COMPLETE
12,74.48414611816406,2026-07-04 04:35:09.798540,2026-07-04 04:35:14.940318,0 days 00:00:05.141778,0.047674353400603164,16,18,0.00046165105657654563,standard,"{'input_size': 18, 'learning_rate': 0.00046165105657654563, 'scaler_type': 'standard', 'max_steps': 2000, 'early_stop_patience_steps': 10, 'val_check_steps': 25, 'logger': False, 'accelerator': 'mps', 'hidden_size': 16, 'dropout': 0.047674353400603164, 'h': 1}","{'loss': 74.48414611816406, 'train_loss': 2.088202476501465}",COMPLETE
13,61.82488250732422,2026-07-04 04:35:14.940649,2026-07-04 04:35:38.992058,0 days 00:00:24.051409,0.15438100464986548,16,36,0.00010873215450749572,robust,"{'input_size': 36, 'learning_rate': 0.00010873215450749572, 'scaler_type': 'robust', 'max_steps': 2000, 'early_stop_patience_steps': 10, 'val_check_steps': 25, 'logger': False, 'accelerator': 'mps', 'hidden_size': 16, 'dropout': 0.15438100464986548, 'h': 1}","{'loss': 61.82488250732422, 'train_loss': 5.555377006530762}",COMPLETE
14,61.77798843383789,2026-07-04 04:35:38.992225,2026-07-04 04:35:53.068011,0 days 00:00:14.075786,0.13481038249127908,16,36,0.00023444345830828494,robust,"{'input_size': 36, 'learning_rate': 0.00023444345830828494, 'scaler_type': 'robust', 'max_steps': 2000, 'early_stop_patience_steps': 10, 'val_check_steps': 25, 'logger': False, 'accelerator': 'mps', 'hidden_size': 16, 'dropout': 0.13481038249127908, 'h': 1}","{'loss': 61.77798843383789, 'train_loss': 6.802546501159668}",COMPLETE
15,61.68473815917969,2026-07-04 04:35:53.068368,2026-07-04 04:36:00.121703,0 days 00:00:07.053335,0.10812726818548715,8,36,0.00015230465319150777,robust,"{'input_size': 36, 'learning_rate': 0.00015230465319150777, 'scaler_type': 'robust', 'max_steps': 2000, 'early_stop_patience_steps': 10, 'val_check_steps': 25, 'logger': False, 'accelerator': 'mps', 'hidden_size': 8, 'dropout': 0.10812726818548715, 'h': 1}","{'loss': 61.68473815917969, 'train_loss': 3.1467413902282715}",COMPLETE
16,68.1922607421875,2026-07-04 04:36:00.122010,2026-07-04 04:36:12.218533,0 days 00:00:12.096523,0.08458542187565121,8,36,0.0001848098880091192,standard,"{'input_size': 36, 'learning_rate': 0.0001848098880091192, 'scaler_type': 'standard', 'max_steps': 2000, 'early_stop_patience_steps': 10, 'val_check_steps': 25, 'logger': False, 'accelerator': 'mps', 'hidden_size': 8, 'dropout': 0.08458542187565121, 'h': 1}","{'loss': 68.1922607421875, 'train_loss': 3.4064269065856934}",COMPLETE
17,66.02041625976562,2026-07-04 04:36:12.218868,2026-07-04 04:36:22.752896,0 days 00:00:10.534028,0.015906036119344935,16,36,0.0005526659208380447,robust,"{'input_size': 36, 'learning_rate': 0.0005526659208380447, 'scaler_type': 'robust', 'max_steps': 2000, 'early_stop_patience_steps': 10, 'val_check_steps': 25, 'logger': False, 'accelerator': 'mps', 'hidden_size': 16, 'dropout': 0.015906036119344935, 'h': 1}","{'loss': 66.02041625976562, 'train_loss': 2.672189235687256}",COMPLETE
18,62.46173858642578,2026-07-04 04:36:22.753062,2026-07-04 04:36:32.228773,0 days 00:00:09.475711,0.06840097918291466,32,36,0.00014220625876755746,robust,"{'input_size': 36, 'learning_rate': 0.00014220625876755746, 'scaler_type': 'robust', 'max_steps': 2000, 'early_stop_patience_steps': 10, 'val_check_steps': 25, 'logger': False, 'accelerator': 'mps', 'hidden_size': 32, 'dropout': 0.06840097918291466, 'h': 1}","{'loss': 62.46173858642578, 'train_loss': 3.1116552352905273}",COMPLETE
19,61.719608306884766,2026-07-04 04:36:32.228967,2026-07-04 04:36:38.593394,0 days 00:00:06.364427,0.13331803655117647,8,36,0.000261423734167944,robust,"{'input_size': 36, 'learning_rate': 0.000261423734167944, 'scaler_type': 'robust', 'max_steps': 2000, 'early_stop_patience_steps': 10, 'val_check_steps': 25, 'logger': False, 'accelerator': 'mps', 'hidden_size': 8, 'dropout': 0.13331803655117647, 'h': 1}","{'loss': 61.719608306884766, 'train_loss': 3.045271873474121}",COMPLETE
20,62.46584701538086,2026-07-04 04:36:38.593623,2026-07-04 04:36:44.966143,0 days 00:00:06.372520,0.07793533520292494,8,24,0.0002710325248774203,robust,"{'input_size': 24, 'learning_rate': 0.0002710325248774203, 'scaler_type': 'robust', 'max_steps': 2000, 'early_stop_patience_steps': 10, 'val_check_steps': 25, 'logger': False, 'accelerator': 'mps', 'hidden_size': 8, 'dropout': 0.07793533520292494, 'h': 1}","{'loss': 62.46584701538086, 'train_loss': 5.696751594543457}",COMPLETE
21,61.70304870605469,2026-07-04 04:36:44.966363,2026-07-04 04:36:51.996592,0 days 00:00:07.030229,0.17946471840611872,8,36,0.00022051716383926544,robust,"{'input_size': 36, 'learning_rate': 0.00022051716383926544, 'scaler_type': 'robust', 'max_steps': 2000, 'early_stop_patience_steps': 10, 'val_check_steps': 25, 'logger': False, 'accelerator': 'mps', 'hidden_size': 8, 'dropout': 0.17946471840611872, 'h': 1}","{'loss': 61.70304870605469, 'train_loss': 3.1472043991088867}",COMPLETE
22,61.676002502441406,2026-07-04 04:36:51.996739,2026-07-04 04:36:59.916675,0 days 00:00:07.919936,0.2002502670682917,8,36,0.0001560885078625501,robust,"{'input_size': 36, 'learning_rate': 0.0001560885078625501, 'scaler_type': 'robust', 'max_steps': 2000, 'early_stop_patience_steps': 10, 'val_check_steps': 25, 'logger': False, 'accelerator': 'mps', 'hidden_size': 8, 'dropout': 0.2002502670682917, 'h': 1}","{'loss': 61.676002502441406, 'train_loss': 4.492709159851074}",COMPLETE
23,61.66764450073242,2026-07-04 04:36:59.917064,2026-07-04 04:37:08.909286,0 days 00:00:08.992222,0.2560958108228333,8,36,0.00013610751868311827,robust,"{'input_size': 36, 'learning_rate': 0.00013610751868311827, 'scaler_type': 'robust', 'max_steps': 2000, 'early_stop_patience_steps': 10, 'val_check_steps': 25, 'logger': False, 'accelerator': 'mps', 'hidden_size': 8, 'dropout': 0.2560958108228333, 'h': 1}","{'loss': 61.66764450073242, 'train_loss': 3.994032382965088}",COMPLETE
24,62.11739730834961,2026-07-04 04:37:08.909614,2026-07-04 04:37:14.847983,0 days 00:00:05.938369,0.2756286798584919,8,24,0.00027819783470847995,robust,"{'input_size': 24, 'learning_rate': 0.00027819783470847995, 'scaler_type': 'robust', 'max_steps': 2000, 'early_stop_patience_steps': 10, 'val_check_steps': 25, 'logger': False, 'accelerator': 'mps', 'hidden_size': 8, 'dropout': 0.2756286798584919, 'h': 1}","{'loss': 62.11739730834961, 'train_loss': 5.720995903015137}",COMPLETE
25,68.01559448242188,2026-07-04 04:37:14.848360,2026-07-04 04:37:26.767400,0 days 00:00:11.919040,0.24098087337686486,8,36,0.00022599725542895346,standard,"{'input_size': 36, 'learning_rate': 0.00022599725542895346, 'scaler_type': 'standard', 'max_steps': 2000, 'early_stop_patience_steps': 10, 'val_check_steps': 25, 'logger': False, 'accelerator': 'mps', 'hidden_size': 8, 'dropout': 0.24098087337686486, 'h': 1}","{'loss': 68.01559448242188, 'train_loss': 0.6683622598648071}",COMPLETE
26,61.67320251464844,2026-07-04 04:37:26.767602,2026-07-04 04:37:35.950045,0 days 00:00:09.182443,0.28106945444199155,8,36,0.0001698844254339733,robust,"{'input_size': 36, 'learning_rate': 0.0001698844254339733, 'scaler_type': 'robust', 'max_steps': 2000, 'early_stop_patience_steps': 10, 'val_check_steps': 25, 'logger': False, 'accelerator': 'mps', 'hidden_size': 8, 'dropout': 0.28106945444199155, 'h': 1}","{'loss': 61.67320251464844, 'train_loss': 3.99021053314209}",COMPLETE
27,61.865821838378906,2026-07-04 04:37:35.950373,2026-07-04 04:37:56.952367,0 days 00:00:21.001994,0.28685665275670486,16,36,0.0001627470283017551,robust,"{'input_size': 36, 'learning_rate': 0.0001627470283017551, 'scaler_type': 'robust', 'max_steps': 2000, 'early_stop_patience_steps': 10, 'val_check_steps': 25, 'logger': False, 'accelerator': 'mps', 'hidden_size': 16, 'dropout': 0.28685665275670486, 'h': 1}","{'loss': 61.865821838378906, 'train_loss': 5.317258834838867}",COMPLETE
28,61.67090606689453,2026-07-04 04:37:56.952551,2026-07-04 04:38:05.862856,0 days 00:00:08.910305,0.2827333408212523,8,36,0.0001592650884038138,robust,"{'input_size': 36, 'learning_rate': 0.0001592650884038138, 'scaler_type': 'robust', 'max_steps': 2000, 'early_stop_patience_steps': 10, 'val_check_steps': 25, 'logger': False, 'accelerator': 'mps', 'hidden_size': 8, 'dropout': 0.2827333408212523, 'h': 1}","{'loss': 61.67090606689453, 'train_loss': 3.994188070297241}",COMPLETE
29,61.66813278198242,2026-07-04 04:38:05.863268,2026-07-04 04:38:14.108350,0 days 00:00:08.245082,0.2835711954633789,8,36,0.00015260604684956916,robust,"{'input_size': 36, 'learning_rate': 0.00015260604684956916, 'scaler_type': 'robust', 'max_steps': 2000, 'early_stop_patience_steps': 10, 'val_check_steps': 25, 'logger': False, 'accelerator': 'mps', 'hidden_size': 8, 'dropout': 0.2835711954633789, 'h': 1}","{'loss': 61.66813278198242, 'train_loss': 3.9956440925598145}",COMPLETE
30,60.873451232910156,2026-07-04 04:38:14.108561,2026-07-04 04:38:58.995547,0 days 00:00:44.886986,0.2566427882241264,8,18,0.00013075994038638862,robust,"{'input_size': 18, 'learning_rate': 0.00013075994038638862, 'scaler_type': 'robust', 'max_steps': 2000, 'early_stop_patience_steps': 10, 'val_check_steps': 25, 'logger': False, 'accelerator': 'mps', 'hidden_size': 8, 'dropout': 0.2566427882241264, 'h': 1}","{'loss': 60.873451232910156, 'train_loss': 5.501608848571777}",COMPLETE
31,61.29471969604492,2026-07-04 04:38:58.995749,2026-07-04 04:39:33.774961,0 days 00:00:34.779212,0.27679643413914556,8,18,0.0002668593303004991,robust,"{'input_size': 18, 'learning_rate': 0.0002668593303004991, 'scaler_type': 'robust', 'max_steps': 2000, 'early_stop_patience_steps': 10, 'val_check_steps': 25, 'logger': False, 'accelerator': 'mps', 'hidden_size': 8, 'dropout': 0.27679643413914556, 'h': 1}","{'loss': 61.29471969604492, 'train_loss': 4.459836006164551}",COMPLETE
32,62.104881286621094,2026-07-04 04:39:33.775298,2026-07-04 04:39:54.366237,0 days 00:00:20.590939,0.2837339495917175,8,18,0.00045361243984103246,robust,"{'input_size': 18, 'learning_rate': 0.00045361243984103246, 'scaler_type': 'robust', 'max_steps': 2000, 'early_stop_patience_steps': 10, 'val_check_steps': 25, 'logger': False, 'accelerator': 'mps', 'hidden_size': 8, 'dropout': 0.2837339495917175, 'h': 1}","{'loss': 62.104881286621094, 'train_loss': 4.4789252281188965}",COMPLETE
33,72.50375366210938,2026-07-04 04:39:54.366417,2026-07-04 04:39:58.835288,0 days 00:00:04.468871,0.21964591944143255,8,18,0.000126289617579469,standard,"{'input_size': 18, 'learning_rate': 0.000126289617579469, 'scaler_type': 'standard', 'max_steps': 2000, 'early_stop_patience_steps': 10, 'val_check_steps': 25, 'logger': False, 'accelerator': 'mps', 'hidden_size': 8, 'dropout': 0.21964591944143255, 'h': 1}","{'loss': 72.50375366210938, 'train_loss': 3.5334584712982178}",COMPLETE
34,60.76596450805664,2026-07-04 04:39:58.835468,2026-07-04 04:40:37.630325,0 days 00:00:38.794857,0.23753829523172015,8,18,0.00015647433868206704,robust,"{'input_size': 18, 'learning_rate': 0.00015647433868206704, 'scaler_type': 'robust', 'max_steps': 2000, 'early_stop_patience_steps': 10, 'val_check_steps': 25, 'logger': False, 'accelerator': 'mps', 'hidden_size': 8, 'dropout': 0.23753829523172015, 'h': 1}","{'loss': 60.76596450805664, 'train_loss': 4.27382755279541}",COMPLETE
35,61.043827056884766,2026-07-04 04:40:37.630820,2026-07-04 04:41:24.764399,0 days 00:00:47.133579,0.2871469496977936,8,18,0.00011360612719712796,robust,"{'input_size': 18, 'learning_rate': 0.00011360612719712796, 'scaler_type': 'robust', 'max_steps': 2000, 'early_stop_patience_steps': 10, 'val_check_steps': 25, 'logger': False, 'accelerator': 'mps', 'hidden_size': 8, 'dropout': 0.2871469496977936, 'h': 1}","{'loss': 61.043827056884766, 'train_loss': 5.542817115783691}",COMPLETE
36,60.995025634765625,2026-07-04 04:41:24.764625,2026-07-04 04:42:15.938779,0 days 00:00:51.174154,0.26265979442757514,8,18,0.00011568271692429027,robust,"{'input_size': 18, 'learning_rate': 0.00011568271692429027, 'scaler_type': 'robust', 'max_steps': 2000, 'early_stop_patience_steps': 10, 'val_check_steps': 25, 'logger': False, 'accelerator': 'mps', 'hidden_size': 8, 'dropout': 0.26265979442757514, 'h': 1}","{'loss': 60.995025634765625, 'train_loss': 5.523341178894043}",COMPLETE
37,62.793861389160156,2026-07-04 04:42:15.938998,2026-07-04 04:42:23.225520,0 days 00:00:07.286522,0.26276566424215475,32,18,0.00011933926198036246,robust,"{'input_size': 18, 'learning_rate': 0.00011933926198036246, 'scaler_type': 'robust', 'max_steps': 2000, 'early_stop_patience_steps': 10, 'val_check_steps': 25, 'logger': False, 'accelerator': 'mps', 'hidden_size': 32, 'dropout': 0.26276566424215475, 'h': 1}","{'loss': 62.793861389160156, 'train_loss': 6.287016868591309}",COMPLETE
38,60.993099212646484,2026-07-04 04:42:23.225858,2026-07-04 04:43:15.219209,0 days 00:00:51.993351,0.2382555421532816,8,18,0.00010468811695424548,robust,"{'input_size': 18, 'learning_rate': 0.00010468811695424548, 'scaler_type': 'robust', 'max_steps': 2000, 'early_stop_patience_steps': 10, 'val_check_steps': 25, 'logger': False, 'accelerator': 'mps', 'hidden_size': 8, 'dropout': 0.2382555421532816, 'h': 1}","{'loss': 60.993099212646484, 'train_loss': 5.532828330993652}",COMPLETE
39,60.923946380615234,2026-07-04 04:43:15.219563,2026-07-04 04:44:06.708303,0 days 00:00:51.488740,0.20531398639435894,8,18,0.000102241519546177,robust,"{'input_size': 18, 'learning_rate': 0.000102241519546177, 'scaler_type': 'robust', 'max_steps': 2000, 'early_stop_patience_steps': 10, 'val_check_steps': 25, 'logger': False, 'accelerator': 'mps', 'hidden_size': 8, 'dropout': 0.20531398639435894, 'h': 1}","{'loss': 60.923946380615234, 'train_loss': 5.531136512756348}",COMPLETE
